[ 2017-09-23T08:29:33+08:00 ] 113.44.115.68 /control.php?s=/Bidding/noexchange.html
SQL: SHOW COLUMNS FROM `ewshop_win_exchange` [ RunTime:0.0007s ]
SQL: SELECT COUNT(*) AS tp_count FROM `ewshop_win_exchange` WHERE `is_exchange` = 0 AND `utype` = 1 AND `is_virtual` = 0 LIMIT 1   [ RunTime:0.0188s ]
SQL: SELECT `id`,`is_virtual`,`uid`,`utype`,`goods_id`,`order_id`,`period`,`exchange_number`,`buy_num`,`buy_time`,`create_time`,`is_exchange`,`exchange_time`,`city`,`remarks`,`codeid` FROM `ewshop_win_exchange` WHERE `is_exchange` = 0 AND `utype` = 1 AND `is_virtual` = 0 ORDER BY buy_time desc LIMIT 0,20   [ RunTime:0.0198s ]
NOTIC: [8] Undefined index: allprice /home/wwwroot/duobao/app/duobao/Ewshop/Control/Controller/BiddingController.class.php 第 351 行.
NOTIC: [8] Undefined index: allprice /home/wwwroot/duobao/app/duobao/Ewshop/Control/Controller/BiddingController.class.php 第 351 行.
NOTIC: [8] Undefined index: allprice /home/wwwroot/duobao/app/duobao/Ewshop/Control/Controller/BiddingController.class.php 第 351 行.
NOTIC: [8] Undefined index: allprice /home/wwwroot/duobao/app/duobao/Ewshop/Control/Controller/BiddingController.class.php 第 351 行.
NOTIC: [8] Undefined index: allprice /home/wwwroot/duobao/app/duobao/Ewshop/Control/Controller/BiddingController.class.php 第 351 行.
NOTIC: [8] Undefined index: allprice /home/wwwroot/duobao/app/duobao/Ewshop/Control/Controller/BiddingController.class.php 第 351 行.
NOTIC: [8] Undefined index: allprice /home/wwwroot/duobao/app/duobao/Ewshop/Control/Controller/BiddingController.class.php 第 351 行.
NOTIC: [8] Undefined index: allprice /home/wwwroot/duobao/app/duobao/Ewshop/Control/Controller/BiddingController.class.php 第 351 行.
NOTIC: [8] Undefined index: allprice /home/wwwroot/duobao/app/duobao/Ewshop/Control/Controller/BiddingController.class.php 第 351 行.
NOTIC: [8] Undefined index: allprice /home/wwwroot/duobao/app/duobao/Ewshop/Control/Controller/BiddingController.class.php 第 351 行.
NOTIC: [8] Undefined index: allprice /home/wwwroot/duobao/app/duobao/Ewshop/Control/Controller/BiddingController.class.php 第 351 行.
NOTIC: [8] Undefined index: allprice /home/wwwroot/duobao/app/duobao/Ewshop/Control/Controller/BiddingController.class.php 第 351 行.
NOTIC: [8] Undefined index: allprice /home/wwwroot/duobao/app/duobao/Ewshop/Control/Controller/BiddingController.class.php 第 351 行.
NOTIC: [8] Undefined index: allprice /home/wwwroot/duobao/app/duobao/Ewshop/Control/Controller/BiddingController.class.php 第 351 行.
NOTIC: [8] Undefined index: allprice /home/wwwroot/duobao/app/duobao/Ewshop/Control/Controller/BiddingController.class.php 第 351 行.
NOTIC: [8] Undefined index: allprice /home/wwwroot/duobao/app/duobao/Ewshop/Control/Controller/BiddingController.class.php 第 351 行.
NOTIC: [8] Undefined index: allprice /home/wwwroot/duobao/app/duobao/Ewshop/Control/Controller/BiddingController.class.php 第 351 行.
NOTIC: [8] Undefined index: allprice /home/wwwroot/duobao/app/duobao/Ewshop/Control/Controller/BiddingController.class.php 第 351 行.
NOTIC: [8] Undefined index: allprice /home/wwwroot/duobao/app/duobao/Ewshop/Control/Controller/BiddingController.class.php 第 351 行.
NOTIC: [8] Undefined index: allprice /home/wwwroot/duobao/app/duobao/Ewshop/Control/Controller/BiddingController.class.php 第 351 行.
SQL: SHOW COLUMNS FROM `ewshop_win_order` [ RunTime:0.0006s ]
SQL: SELECT `id`,`utype`,`goods_id`,`period`,`num`,`order_number`,`lottery_time` FROM `ewshop_win_order` WHERE `id` IN ('48109','48108','48089','48047','48032','48019','48020','48009','47935','47861','47831','47771','47757','47756','47573','47500','47453','47301','47266','47265') AND `status` = 1  [ RunTime:0.0003s ]
SQL: SHOW COLUMNS FROM `ewshop_member` [ RunTime:0.0005s ]
SQL: SELECT uid as id,`nickname` FROM `ewshop_member` WHERE `uid` IN ('379','1427','832','832','869','869','1427','832','899','1169','1169','1130','54','1130','493','832','379','862','862','862')  [ RunTime:0.0002s ]
SQL: SHOW COLUMNS FROM `ewshop_document` [ RunTime:0.0005s ]
SQL: SELECT `id`,`title`,`price` FROM `ewshop_document` WHERE `id` IN ('242','245','252','246','243','243','245','249','245','247','252','247','243','247','243','253','243','252','253','243')  [ RunTime:0.0002s ]
INFO: [ view_parse ] --START--
INFO: [ template_filter ] --START--
INFO: Run Behavior\ContentReplaceBehavior [ RunTime:0.000119s ]
INFO: [ template_filter ] --END-- [ RunTime:0.000157s ]
NOTIC: [8] Undefined index: type /home/wwwroot/duobao/app/duobao/Runtime/Cache/Control/485fbf7d0dd4f2536c4a5c038601b5a9.php 第 180 行.
NOTIC: [8] Undefined index: type /home/wwwroot/duobao/app/duobao/Runtime/Cache/Control/485fbf7d0dd4f2536c4a5c038601b5a9.php 第 180 行.
NOTIC: [8] Undefined index: type /home/wwwroot/duobao/app/duobao/Runtime/Cache/Control/485fbf7d0dd4f2536c4a5c038601b5a9.php 第 180 行.
NOTIC: [8] Undefined index: type /home/wwwroot/duobao/app/duobao/Runtime/Cache/Control/485fbf7d0dd4f2536c4a5c038601b5a9.php 第 180 行.
NOTIC: [8] Undefined index: type /home/wwwroot/duobao/app/duobao/Runtime/Cache/Control/485fbf7d0dd4f2536c4a5c038601b5a9.php 第 180 行.
NOTIC: [8] Undefined index: type /home/wwwroot/duobao/app/duobao/Runtime/Cache/Control/485fbf7d0dd4f2536c4a5c038601b5a9.php 第 180 行.
NOTIC: [8] Undefined index: type /home/wwwroot/duobao/app/duobao/Runtime/Cache/Control/485fbf7d0dd4f2536c4a5c038601b5a9.php 第 180 行.
NOTIC: [8] Undefined index: type /home/wwwroot/duobao/app/duobao/Runtime/Cache/Control/485fbf7d0dd4f2536c4a5c038601b5a9.php 第 180 行.
NOTIC: [8] Undefined index: type /home/wwwroot/duobao/app/duobao/Runtime/Cache/Control/485fbf7d0dd4f2536c4a5c038601b5a9.php 第 180 行.
NOTIC: [8] Undefined index: type /home/wwwroot/duobao/app/duobao/Runtime/Cache/Control/485fbf7d0dd4f2536c4a5c038601b5a9.php 第 180 行.
NOTIC: [8] Undefined index: type /home/wwwroot/duobao/app/duobao/Runtime/Cache/Control/485fbf7d0dd4f2536c4a5c038601b5a9.php 第 180 行.
NOTIC: [8] Undefined index: type /home/wwwroot/duobao/app/duobao/Runtime/Cache/Control/485fbf7d0dd4f2536c4a5c038601b5a9.php 第 180 行.
NOTIC: [8] Undefined index: type /home/wwwroot/duobao/app/duobao/Runtime/Cache/Control/485fbf7d0dd4f2536c4a5c038601b5a9.php 第 180 行.
NOTIC: [8] Undefined index: type /home/wwwroot/duobao/app/duobao/Runtime/Cache/Control/485fbf7d0dd4f2536c4a5c038601b5a9.php 第 180 行.
NOTIC: [8] Undefined index: type /home/wwwroot/duobao/app/duobao/Runtime/Cache/Control/485fbf7d0dd4f2536c4a5c038601b5a9.php 第 180 行.
NOTIC: [8] Undefined index: type /home/wwwroot/duobao/app/duobao/Runtime/Cache/Control/485fbf7d0dd4f2536c4a5c038601b5a9.php 第 180 行.
NOTIC: [8] Undefined index: type /home/wwwroot/duobao/app/duobao/Runtime/Cache/Control/485fbf7d0dd4f2536c4a5c038601b5a9.php 第 180 行.
NOTIC: [8] Undefined index: type /home/wwwroot/duobao/app/duobao/Runtime/Cache/Control/485fbf7d0dd4f2536c4a5c038601b5a9.php 第 180 行.
NOTIC: [8] Undefined index: type /home/wwwroot/duobao/app/duobao/Runtime/Cache/Control/485fbf7d0dd4f2536c4a5c038601b5a9.php 第 180 行.
NOTIC: [8] Undefined index: type /home/wwwroot/duobao/app/duobao/Runtime/Cache/Control/485fbf7d0dd4f2536c4a5c038601b5a9.php 第 180 行.
INFO: Run Behavior\ParseTemplateBehavior [ RunTime:0.013606s ]
INFO: [ view_parse ] --END-- [ RunTime:0.013649s ]
INFO: [ view_filter ] --START--
INFO: Run Behavior\WriteHtmlCacheBehavior [ RunTime:0.000090s ]
INFO: [ view_filter ] --END-- [ RunTime:0.000122s ]
INFO: [ app_end ] --START--
INFO: Run Behavior\ShowPageTraceBehavior [ RunTime:0.000301s ]
INFO: [ app_end ] --END-- [ RunTime:0.000332s ]

[ 2017-09-23T08:29:34+08:00 ] 113.44.115.68 /control.php?s=/Bidding/index.html
SQL: SHOW COLUMNS FROM `ewshop_admin` [ RunTime:0.0006s ]
SQL: SELECT `groupid` FROM `ewshop_admin` WHERE `uid` = 1 LIMIT 1   [ RunTime:0.0002s ]
SQL: SHOW COLUMNS FROM `ewshop_win_order` [ RunTime:0.0005s ]
SQL: SELECT SUM(money) AS tp_Sum FROM `ewshop_win_order` WHERE `status` = 1 AND `utype` = 1 LIMIT 1   [ RunTime:0.0212s ]
SQL: SELECT COUNT(*) AS tp_count FROM `ewshop_win_order` WHERE `status` = 1 AND `utype` = 1 LIMIT 1   [ RunTime:0.0158s ]
SQL: SELECT `id`,`status`,`uid`,`utype`,`goods_id`,`goods_type`,`order_number`,`period`,`lottery_time`,`num`,`number_section`,`type`,`money_w`,`money`,`create_time`,`ip_info`,`pid`,`money_p`,`paytype`,`pay_time` FROM `ewshop_win_order` WHERE `status` = 1 AND `utype` = 1 ORDER BY create_time desc LIMIT 0,20   [ RunTime:0.0249s ]
NOTIC: [8] Undefined variable: ratio /home/wwwroot/duobao/app/duobao/Ewshop/Control/Controller/BiddingController.class.php 第 96 行.
NOTIC: [8] Undefined variable: ratio /home/wwwroot/duobao/app/duobao/Ewshop/Control/Controller/BiddingController.class.php 第 96 行.
NOTIC: [8] Undefined variable: ratio /home/wwwroot/duobao/app/duobao/Ewshop/Control/Controller/BiddingController.class.php 第 96 行.
NOTIC: [8] Undefined variable: ratio /home/wwwroot/duobao/app/duobao/Ewshop/Control/Controller/BiddingController.class.php 第 96 行.
NOTIC: [8] Undefined variable: ratio /home/wwwroot/duobao/app/duobao/Ewshop/Control/Controller/BiddingController.class.php 第 96 行.
NOTIC: [8] Undefined variable: ratio /home/wwwroot/duobao/app/duobao/Ewshop/Control/Controller/BiddingController.class.php 第 96 行.
NOTIC: [8] Undefined variable: ratio /home/wwwroot/duobao/app/duobao/Ewshop/Control/Controller/BiddingController.class.php 第 96 行.
NOTIC: [8] Undefined variable: ratio /home/wwwroot/duobao/app/duobao/Ewshop/Control/Controller/BiddingController.class.php 第 96 行.
NOTIC: [8] Undefined variable: ratio /home/wwwroot/duobao/app/duobao/Ewshop/Control/Controller/BiddingController.class.php 第 96 行.
NOTIC: [8] Undefined variable: ratio /home/wwwroot/duobao/app/duobao/Ewshop/Control/Controller/BiddingController.class.php 第 96 行.
NOTIC: [8] Undefined variable: ratio /home/wwwroot/duobao/app/duobao/Ewshop/Control/Controller/BiddingController.class.php 第 96 行.
NOTIC: [8] Undefined variable: ratio /home/wwwroot/duobao/app/duobao/Ewshop/Control/Controller/BiddingController.class.php 第 96 行.
NOTIC: [8] Undefined variable: ratio /home/wwwroot/duobao/app/duobao/Ewshop/Control/Controller/BiddingController.class.php 第 96 行.
NOTIC: [8] Undefined variable: ratio /home/wwwroot/duobao/app/duobao/Ewshop/Control/Controller/BiddingController.class.php 第 96 行.
NOTIC: [8] Undefined variable: ratio /home/wwwroot/duobao/app/duobao/Ewshop/Control/Controller/BiddingController.class.php 第 96 行.
NOTIC: [8] Undefined variable: ratio /home/wwwroot/duobao/app/duobao/Ewshop/Control/Controller/BiddingController.class.php 第 96 行.
NOTIC: [8] Undefined variable: ratio /home/wwwroot/duobao/app/duobao/Ewshop/Control/Controller/BiddingController.class.php 第 96 行.
NOTIC: [8] Undefined variable: ratio /home/wwwroot/duobao/app/duobao/Ewshop/Control/Controller/BiddingController.class.php 第 96 行.
NOTIC: [8] Undefined variable: ratio /home/wwwroot/duobao/app/duobao/Ewshop/Control/Controller/BiddingController.class.php 第 96 行.
NOTIC: [8] Undefined variable: ratio /home/wwwroot/duobao/app/duobao/Ewshop/Control/Controller/BiddingController.class.php 第 96 行.
SQL: SHOW COLUMNS FROM `ewshop_document` [ RunTime:0.0006s ]
SQL: SELECT `id`,`title` FROM `ewshop_document` WHERE `id` IN ('243','243','246','246','243','245','242','247','245','252','252','246','250','246','243','243','247','243','252','243')  [ RunTime:0.0002s ]
SQL: SHOW COLUMNS FROM `ewshop_member` [ RunTime:0.0005s ]
SQL: SELECT uid as id,`nickname` FROM `ewshop_member` WHERE `uid` IN ('1188','1188','1188','1188','1188','1188','379','1224','1427','1224','832','576','1023','1357','1357','1448','1224','576','1224','1357')  [ RunTime:0.0002s ]
SQL: SHOW COLUMNS FROM `ewshop_win_exchange` [ RunTime:0.0005s ]
SQL: SELECT `order_id`,`is_exchange` FROM `ewshop_win_exchange` WHERE `order_id` IN ('48344','48343','48335','48324','48317','48311','48109','48110','48108','48107','48089','48088','48087','48086','48085','48079','48078','48077','48076','48070') AND `utype` = 1  [ RunTime:0.0003s ]
NOTIC: [2] Illegal string offset 'is_exchange' /home/wwwroot/duobao/app/duobao/Ewshop/Control/Controller/BiddingController.class.php 第 117 行.
NOTIC: [2] Illegal string offset 'is_exchange' /home/wwwroot/duobao/app/duobao/Ewshop/Control/Controller/BiddingController.class.php 第 117 行.
NOTIC: [2] Illegal string offset 'is_exchange' /home/wwwroot/duobao/app/duobao/Ewshop/Control/Controller/BiddingController.class.php 第 117 行.
NOTIC: [2] Illegal string offset 'is_exchange' /home/wwwroot/duobao/app/duobao/Ewshop/Control/Controller/BiddingController.class.php 第 117 行.
NOTIC: [2] Illegal string offset 'is_exchange' /home/wwwroot/duobao/app/duobao/Ewshop/Control/Controller/BiddingController.class.php 第 117 行.
NOTIC: [2] Illegal string offset 'is_exchange' /home/wwwroot/duobao/app/duobao/Ewshop/Control/Controller/BiddingController.class.php 第 117 行.
NOTIC: [2] Illegal string offset 'is_exchange' /home/wwwroot/duobao/app/duobao/Ewshop/Control/Controller/BiddingController.class.php 第 117 行.
NOTIC: [2] Illegal string offset 'is_exchange' /home/wwwroot/duobao/app/duobao/Ewshop/Control/Controller/BiddingController.class.php 第 117 行.
NOTIC: [2] Illegal string offset 'is_exchange' /home/wwwroot/duobao/app/duobao/Ewshop/Control/Controller/BiddingController.class.php 第 117 行.
INFO: [ view_parse ] --START--
INFO: [ template_filter ] --START--
INFO: Run Behavior\ContentReplaceBehavior [ RunTime:0.000115s ]
INFO: [ template_filter ] --END-- [ RunTime:0.000149s ]
NOTIC: [8] Undefined variable: allprice /home/wwwroot/duobao/app/duobao/Runtime/Cache/Control/1886e10f6cc72280bd715b5cd6e4ecf4.php 第 126 行.
NOTIC: [8] Undefined variable: allzprice /home/wwwroot/duobao/app/duobao/Runtime/Cache/Control/1886e10f6cc72280bd715b5cd6e4ecf4.php 第 126 行.
NOTIC: [8] Undefined variable: dhprice /home/wwwroot/duobao/app/duobao/Runtime/Cache/Control/1886e10f6cc72280bd715b5cd6e4ecf4.php 第 126 行.
NOTIC: [8] Undefined variable: wdhprice /home/wwwroot/duobao/app/duobao/Runtime/Cache/Control/1886e10f6cc72280bd715b5cd6e4ecf4.php 第 126 行.
NOTIC: [8] Undefined index: code /home/wwwroot/duobao/app/duobao/Runtime/Cache/Control/1886e10f6cc72280bd715b5cd6e4ecf4.php 第 185 行.
NOTIC: [8] Undefined index: xkjnum /home/wwwroot/duobao/app/duobao/Runtime/Cache/Control/1886e10f6cc72280bd715b5cd6e4ecf4.php 第 187 行.
NOTIC: [8] Undefined index: dkjnum /home/wwwroot/duobao/app/duobao/Runtime/Cache/Control/1886e10f6cc72280bd715b5cd6e4ecf4.php 第 188 行.
NOTIC: [8] Undefined index: xkjdx /home/wwwroot/duobao/app/duobao/Runtime/Cache/Control/1886e10f6cc72280bd715b5cd6e4ecf4.php 第 191 行.
NOTIC: [8] Undefined index: xkjdx /home/wwwroot/duobao/app/duobao/Runtime/Cache/Control/1886e10f6cc72280bd715b5cd6e4ecf4.php 第 191 行.
NOTIC: [8] Undefined index: dkjdx /home/wwwroot/duobao/app/duobao/Runtime/Cache/Control/1886e10f6cc72280bd715b5cd6e4ecf4.php 第 192 行.
NOTIC: [8] Undefined index: dkjdx /home/wwwroot/duobao/app/duobao/Runtime/Cache/Control/1886e10f6cc72280bd715b5cd6e4ecf4.php 第 192 行.
NOTIC: [8] Undefined index: code /home/wwwroot/duobao/app/duobao/Runtime/Cache/Control/1886e10f6cc72280bd715b5cd6e4ecf4.php 第 185 行.
NOTIC: [8] Undefined index: xkjnum /home/wwwroot/duobao/app/duobao/Runtime/Cache/Control/1886e10f6cc72280bd715b5cd6e4ecf4.php 第 187 行.
NOTIC: [8] Undefined index: dkjnum /home/wwwroot/duobao/app/duobao/Runtime/Cache/Control/1886e10f6cc72280bd715b5cd6e4ecf4.php 第 188 行.
NOTIC: [8] Undefined index: xkjdx /home/wwwroot/duobao/app/duobao/Runtime/Cache/Control/1886e10f6cc72280bd715b5cd6e4ecf4.php 第 191 行.
NOTIC: [8] Undefined index: xkjdx /home/wwwroot/duobao/app/duobao/Runtime/Cache/Control/1886e10f6cc72280bd715b5cd6e4ecf4.php 第 191 行.
NOTIC: [8] Undefined index: dkjdx /home/wwwroot/duobao/app/duobao/Runtime/Cache/Control/1886e10f6cc72280bd715b5cd6e4ecf4.php 第 192 行.
NOTIC: [8] Undefined index: dkjdx /home/wwwroot/duobao/app/duobao/Runtime/Cache/Control/1886e10f6cc72280bd715b5cd6e4ecf4.php 第 192 行.
NOTIC: [8] Undefined index: is_exchange /home/wwwroot/duobao/app/duobao/Runtime/Cache/Control/1886e10f6cc72280bd715b5cd6e4ecf4.php 第 199 行.
NOTIC: [8] Undefined index: code /home/wwwroot/duobao/app/duobao/Runtime/Cache/Control/1886e10f6cc72280bd715b5cd6e4ecf4.php 第 185 行.
NOTIC: [8] Undefined index: xkjnum /home/wwwroot/duobao/app/duobao/Runtime/Cache/Control/1886e10f6cc72280bd715b5cd6e4ecf4.php 第 187 行.
NOTIC: [8] Undefined index: dkjnum /home/wwwroot/duobao/app/duobao/Runtime/Cache/Control/1886e10f6cc72280bd715b5cd6e4ecf4.php 第 188 行.
NOTIC: [8] Undefined index: xkjdx /home/wwwroot/duobao/app/duobao/Runtime/Cache/Control/1886e10f6cc72280bd715b5cd6e4ecf4.php 第 191 行.
NOTIC: [8] Undefined index: xkjdx /home/wwwroot/duobao/app/duobao/Runtime/Cache/Control/1886e10f6cc72280bd715b5cd6e4ecf4.php 第 191 行.
NOTIC: [8] Undefined index: dkjdx /home/wwwroot/duobao/app/duobao/Runtime/Cache/Control/1886e10f6cc72280bd715b5cd6e4ecf4.php 第 192 行.
NOTIC: [8] Undefined index: dkjdx /home/wwwroot/duobao/app/duobao/Runtime/Cache/Control/1886e10f6cc72280bd715b5cd6e4ecf4.php 第 192 行.
NOTIC: [8] Undefined index: is_exchange /home/wwwroot/duobao/app/duobao/Runtime/Cache/Control/1886e10f6cc72280bd715b5cd6e4ecf4.php 第 199 行.
NOTIC: [8] Undefined index: code /home/wwwroot/duobao/app/duobao/Runtime/Cache/Control/1886e10f6cc72280bd715b5cd6e4ecf4.php 第 185 行.
NOTIC: [8] Undefined index: xkjnum /home/wwwroot/duobao/app/duobao/Runtime/Cache/Control/1886e10f6cc72280bd715b5cd6e4ecf4.php 第 187 行.
NOTIC: [8] Undefined index: dkjnum /home/wwwroot/duobao/app/duobao/Runtime/Cache/Control/1886e10f6cc72280bd715b5cd6e4ecf4.php 第 188 行.
NOTIC: [8] Undefined index: xkjdx /home/wwwroot/duobao/app/duobao/Runtime/Cache/Control/1886e10f6cc72280bd715b5cd6e4ecf4.php 第 191 行.
NOTIC: [8] Undefined index: xkjdx /home/wwwroot/duobao/app/duobao/Runtime/Cache/Control/1886e10f6cc72280bd715b5cd6e4ecf4.php 第 191 行.
NOTIC: [8] Undefined index: dkjdx /home/wwwroot/duobao/app/duobao/Runtime/Cache/Control/1886e10f6cc72280bd715b5cd6e4ecf4.php 第 192 行.
NOTIC: [8] Undefined index: dkjdx /home/wwwroot/duobao/app/duobao/Runtime/Cache/Control/1886e10f6cc72280bd715b5cd6e4ecf4.php 第 192 行.
NOTIC: [8] Undefined index: is_exchange /home/wwwroot/duobao/app/duobao/Runtime/Cache/Control/1886e10f6cc72280bd715b5cd6e4ecf4.php 第 199 行.
NOTIC: [8] Undefined index: code /home/wwwroot/duobao/app/duobao/Runtime/Cache/Control/1886e10f6cc72280bd715b5cd6e4ecf4.php 第 185 行.
NOTIC: [8] Undefined index: xkjnum /home/wwwroot/duobao/app/duobao/Runtime/Cache/Control/1886e10f6cc72280bd715b5cd6e4ecf4.php 第 187 行.
NOTIC: [8] Undefined index: dkjnum /home/wwwroot/duobao/app/duobao/Runtime/Cache/Control/1886e10f6cc72280bd715b5cd6e4ecf4.php 第 188 行.
NOTIC: [8] Undefined index: xkjdx /home/wwwroot/duobao/app/duobao/Runtime/Cache/Control/1886e10f6cc72280bd715b5cd6e4ecf4.php 第 191 行.
NOTIC: [8] Undefined index: xkjdx /home/wwwroot/duobao/app/duobao/Runtime/Cache/Control/1886e10f6cc72280bd715b5cd6e4ecf4.php 第 191 行.
NOTIC: [8] Undefined index: dkjdx /home/wwwroot/duobao/app/duobao/Runtime/Cache/Control/1886e10f6cc72280bd715b5cd6e4ecf4.php 第 192 行.
NOTIC: [8] Undefined index: dkjdx /home/wwwroot/duobao/app/duobao/Runtime/Cache/Control/1886e10f6cc72280bd715b5cd6e4ecf4.php 第 192 行.
NOTIC: [8] Undefined index: code /home/wwwroot/duobao/app/duobao/Runtime/Cache/Control/1886e10f6cc72280bd715b5cd6e4ecf4.php 第 185 行.
NOTIC: [8] Undefined index: xkjnum /home/wwwroot/duobao/app/duobao/Runtime/Cache/Control/1886e10f6cc72280bd715b5cd6e4ecf4.php 第 187 行.
NOTIC: [8] Undefined index: dkjnum /home/wwwroot/duobao/app/duobao/Runtime/Cache/Control/1886e10f6cc72280bd715b5cd6e4ecf4.php 第 188 行.
NOTIC: [8] Undefined index: xkjdx /home/wwwroot/duobao/app/duobao/Runtime/Cache/Control/1886e10f6cc72280bd715b5cd6e4ecf4.php 第 191 行.
NOTIC: [8] Undefined index: xkjdx /home/wwwroot/duobao/app/duobao/Runtime/Cache/Control/1886e10f6cc72280bd715b5cd6e4ecf4.php 第 191 行.
NOTIC: [8] Undefined index: dkjdx /home/wwwroot/duobao/app/duobao/Runtime/Cache/Control/1886e10f6cc72280bd715b5cd6e4ecf4.php 第 192 行.
NOTIC: [8] Undefined index: dkjdx /home/wwwroot/duobao/app/duobao/Runtime/Cache/Control/1886e10f6cc72280bd715b5cd6e4ecf4.php 第 192 行.
NOTIC: [8] Undefined index: is_exchange /home/wwwroot/duobao/app/duobao/Runtime/Cache/Control/1886e10f6cc72280bd715b5cd6e4ecf4.php 第 199 行.
NOTIC: [8] Undefined index: code /home/wwwroot/duobao/app/duobao/Runtime/Cache/Control/1886e10f6cc72280bd715b5cd6e4ecf4.php 第 185 行.
NOTIC: [8] Undefined index: xkjnum /home/wwwroot/duobao/app/duobao/Runtime/Cache/Control/1886e10f6cc72280bd715b5cd6e4ecf4.php 第 187 行.
NOTIC: [8] Undefined index: dkjnum /home/wwwroot/duobao/app/duobao/Runtime/Cache/Control/1886e10f6cc72280bd715b5cd6e4ecf4.php 第 188 行.
NOTIC: [8] Undefined index: xkjdx /home/wwwroot/duobao/app/duobao/Runtime/Cache/Control/1886e10f6cc72280bd715b5cd6e4ecf4.php 第 191 行.
NOTIC: [8] Undefined index: xkjdx /home/wwwroot/duobao/app/duobao/Runtime/Cache/Control/1886e10f6cc72280bd715b5cd6e4ecf4.php 第 191 行.
NOTIC: [8] Undefined index: dkjdx /home/wwwroot/duobao/app/duobao/Runtime/Cache/Control/1886e10f6cc72280bd715b5cd6e4ecf4.php 第 192 行.
NOTIC: [8] Undefined index: dkjdx /home/wwwroot/duobao/app/duobao/Runtime/Cache/Control/1886e10f6cc72280bd715b5cd6e4ecf4.php 第 192 行.
NOTIC: [8] Undefined index: code /home/wwwroot/duobao/app/duobao/Runtime/Cache/Control/1886e10f6cc72280bd715b5cd6e4ecf4.php 第 185 行.
NOTIC: [8] Undefined index: xkjnum /home/wwwroot/duobao/app/duobao/Runtime/Cache/Control/1886e10f6cc72280bd715b5cd6e4ecf4.php 第 187 行.
NOTIC: [8] Undefined index: dkjnum /home/wwwroot/duobao/app/duobao/Runtime/Cache/Control/1886e10f6cc72280bd715b5cd6e4ecf4.php 第 188 行.
NOTIC: [8] Undefined index: xkjdx /home/wwwroot/duobao/app/duobao/Runtime/Cache/Control/1886e10f6cc72280bd715b5cd6e4ecf4.php 第 191 行.
NOTIC: [8] Undefined index: xkjdx /home/wwwroot/duobao/app/duobao/Runtime/Cache/Control/1886e10f6cc72280bd715b5cd6e4ecf4.php 第 191 行.
NOTIC: [8] Undefined index: dkjdx /home/wwwroot/duobao/app/duobao/Runtime/Cache/Control/1886e10f6cc72280bd715b5cd6e4ecf4.php 第 192 行.
NOTIC: [8] Undefined index: dkjdx /home/wwwroot/duobao/app/duobao/Runtime/Cache/Control/1886e10f6cc72280bd715b5cd6e4ecf4.php 第 192 行.
NOTIC: [8] Undefined index: code /home/wwwroot/duobao/app/duobao/Runtime/Cache/Control/1886e10f6cc72280bd715b5cd6e4ecf4.php 第 185 行.
NOTIC: [8] Undefined index: xkjnum /home/wwwroot/duobao/app/duobao/Runtime/Cache/Control/1886e10f6cc72280bd715b5cd6e4ecf4.php 第 187 行.
NOTIC: [8] Undefined index: dkjnum /home/wwwroot/duobao/app/duobao/Runtime/Cache/Control/1886e10f6cc72280bd715b5cd6e4ecf4.php 第 188 行.
NOTIC: [8] Undefined index: xkjdx /home/wwwroot/duobao/app/duobao/Runtime/Cache/Control/1886e10f6cc72280bd715b5cd6e4ecf4.php 第 191 行.
NOTIC: [8] Undefined index: xkjdx /home/wwwroot/duobao/app/duobao/Runtime/Cache/Control/1886e10f6cc72280bd715b5cd6e4ecf4.php 第 191 行.
NOTIC: [8] Undefined index: dkjdx /home/wwwroot/duobao/app/duobao/Runtime/Cache/Control/1886e10f6cc72280bd715b5cd6e4ecf4.php 第 192 行.
NOTIC: [8] Undefined index: dkjdx /home/wwwroot/duobao/app/duobao/Runtime/Cache/Control/1886e10f6cc72280bd715b5cd6e4ecf4.php 第 192 行.
NOTIC: [8] Undefined index: code /home/wwwroot/duobao/app/duobao/Runtime/Cache/Control/1886e10f6cc72280bd715b5cd6e4ecf4.php 第 185 行.
NOTIC: [8] Undefined index: xkjnum /home/wwwroot/duobao/app/duobao/Runtime/Cache/Control/1886e10f6cc72280bd715b5cd6e4ecf4.php 第 187 行.
NOTIC: [8] Undefined index: dkjnum /home/wwwroot/duobao/app/duobao/Runtime/Cache/Control/1886e10f6cc72280bd715b5cd6e4ecf4.php 第 188 行.
NOTIC: [8] Undefined index: xkjdx /home/wwwroot/duobao/app/duobao/Runtime/Cache/Control/1886e10f6cc72280bd715b5cd6e4ecf4.php 第 191 行.
NOTIC: [8] Undefined index: xkjdx /home/wwwroot/duobao/app/duobao/Runtime/Cache/Control/1886e10f6cc72280bd715b5cd6e4ecf4.php 第 191 行.
NOTIC: [8] Undefined index: dkjdx /home/wwwroot/duobao/app/duobao/Runtime/Cache/Control/1886e10f6cc72280bd715b5cd6e4ecf4.php 第 192 行.
NOTIC: [8] Undefined index: dkjdx /home/wwwroot/duobao/app/duobao/Runtime/Cache/Control/1886e10f6cc72280bd715b5cd6e4ecf4.php 第 192 行.
NOTIC: [8] Undefined index: is_exchange /home/wwwroot/duobao/app/duobao/Runtime/Cache/Control/1886e10f6cc72280bd715b5cd6e4ecf4.php 第 199 行.
NOTIC: [8] Undefined index: code /home/wwwroot/duobao/app/duobao/Runtime/Cache/Control/1886e10f6cc72280bd715b5cd6e4ecf4.php 第 185 行.
NOTIC: [8] Undefined index: xkjnum /home/wwwroot/duobao/app/duobao/Runtime/Cache/Control/1886e10f6cc72280bd715b5cd6e4ecf4.php 第 187 行.
NOTIC: [8] Undefined index: dkjnum /home/wwwroot/duobao/app/duobao/Runtime/Cache/Control/1886e10f6cc72280bd715b5cd6e4ecf4.php 第 188 行.
NOTIC: [8] Undefined index: xkjdx /home/wwwroot/duobao/app/duobao/Runtime/Cache/Control/1886e10f6cc72280bd715b5cd6e4ecf4.php 第 191 行.
NOTIC: [8] Undefined index: xkjdx /home/wwwroot/duobao/app/duobao/Runtime/Cache/Control/1886e10f6cc72280bd715b5cd6e4ecf4.php 第 191 行.
NOTIC: [8] Undefined index: dkjdx /home/wwwroot/duobao/app/duobao/Runtime/Cache/Control/1886e10f6cc72280bd715b5cd6e4ecf4.php 第 192 行.
NOTIC: [8] Undefined index: dkjdx /home/wwwroot/duobao/app/duobao/Runtime/Cache/Control/1886e10f6cc72280bd715b5cd6e4ecf4.php 第 192 行.
NOTIC: [8] Undefined index: code /home/wwwroot/duobao/app/duobao/Runtime/Cache/Control/1886e10f6cc72280bd715b5cd6e4ecf4.php 第 185 行.
NOTIC: [8] Undefined index: xkjnum /home/wwwroot/duobao/app/duobao/Runtime/Cache/Control/1886e10f6cc72280bd715b5cd6e4ecf4.php 第 187 行.
NOTIC: [8] Undefined index: dkjnum /home/wwwroot/duobao/app/duobao/Runtime/Cache/Control/1886e10f6cc72280bd715b5cd6e4ecf4.php 第 188 行.
NOTIC: [8] Undefined index: xkjdx /home/wwwroot/duobao/app/duobao/Runtime/Cache/Control/1886e10f6cc72280bd715b5cd6e4ecf4.php 第 191 行.
NOTIC: [8] Undefined index: xkjdx /home/wwwroot/duobao/app/duobao/Runtime/Cache/Control/1886e10f6cc72280bd715b5cd6e4ecf4.php 第 191 行.
NOTIC: [8] Undefined index: dkjdx /home/wwwroot/duobao/app/duobao/Runtime/Cache/Control/1886e10f6cc72280bd715b5cd6e4ecf4.php 第 192 行.
NOTIC: [8] Undefined index: dkjdx /home/wwwroot/duobao/app/duobao/Runtime/Cache/Control/1886e10f6cc72280bd715b5cd6e4ecf4.php 第 192 行.
NOTIC: [8] Undefined index: is_exchange /home/wwwroot/duobao/app/duobao/Runtime/Cache/Control/1886e10f6cc72280bd715b5cd6e4ecf4.php 第 199 行.
NOTIC: [8] Undefined index: code /home/wwwroot/duobao/app/duobao/Runtime/Cache/Control/1886e10f6cc72280bd715b5cd6e4ecf4.php 第 185 行.
NOTIC: [8] Undefined index: xkjnum /home/wwwroot/duobao/app/duobao/Runtime/Cache/Control/1886e10f6cc72280bd715b5cd6e4ecf4.php 第 187 行.
NOTIC: [8] Undefined index: dkjnum /home/wwwroot/duobao/app/duobao/Runtime/Cache/Control/1886e10f6cc72280bd715b5cd6e4ecf4.php 第 188 行.
NOTIC: [8] Undefined index: xkjdx /home/wwwroot/duobao/app/duobao/Runtime/Cache/Control/1886e10f6cc72280bd715b5cd6e4ecf4.php 第 191 行.
NOTIC: [8] Undefined index: xkjdx /home/wwwroot/duobao/app/duobao/Runtime/Cache/Control/1886e10f6cc72280bd715b5cd6e4ecf4.php 第 191 行.
NOTIC: [8] Undefined index: dkjdx /home/wwwroot/duobao/app/duobao/Runtime/Cache/Control/1886e10f6cc72280bd715b5cd6e4ecf4.php 第 192 行.
NOTIC: [8] Undefined index: dkjdx /home/wwwroot/duobao/app/duobao/Runtime/Cache/Control/1886e10f6cc72280bd715b5cd6e4ecf4.php 第 192 行.
NOTIC: [8] Undefined index: is_exchange /home/wwwroot/duobao/app/duobao/Runtime/Cache/Control/1886e10f6cc72280bd715b5cd6e4ecf4.php 第 199 行.
NOTIC: [8] Undefined index: code /home/wwwroot/duobao/app/duobao/Runtime/Cache/Control/1886e10f6cc72280bd715b5cd6e4ecf4.php 第 185 行.
NOTIC: [8] Undefined index: xkjnum /home/wwwroot/duobao/app/duobao/Runtime/Cache/Control/1886e10f6cc72280bd715b5cd6e4ecf4.php 第 187 行.
NOTIC: [8] Undefined index: dkjnum /home/wwwroot/duobao/app/duobao/Runtime/Cache/Control/1886e10f6cc72280bd715b5cd6e4ecf4.php 第 188 行.
NOTIC: [8] Undefined index: xkjdx /home/wwwroot/duobao/app/duobao/Runtime/Cache/Control/1886e10f6cc72280bd715b5cd6e4ecf4.php 第 191 行.
NOTIC: [8] Undefined index: xkjdx /home/wwwroot/duobao/app/duobao/Runtime/Cache/Control/1886e10f6cc72280bd715b5cd6e4ecf4.php 第 191 行.
NOTIC: [8] Undefined index: dkjdx /home/wwwroot/duobao/app/duobao/Runtime/Cache/Control/1886e10f6cc72280bd715b5cd6e4ecf4.php 第 192 行.
NOTIC: [8] Undefined index: dkjdx /home/wwwroot/duobao/app/duobao/Runtime/Cache/Control/1886e10f6cc72280bd715b5cd6e4ecf4.php 第 192 行.
NOTIC: [8] Undefined index: code /home/wwwroot/duobao/app/duobao/Runtime/Cache/Control/1886e10f6cc72280bd715b5cd6e4ecf4.php 第 185 行.
NOTIC: [8] Undefined index: xkjnum /home/wwwroot/duobao/app/duobao/Runtime/Cache/Control/1886e10f6cc72280bd715b5cd6e4ecf4.php 第 187 行.
NOTIC: [8] Undefined index: dkjnum /home/wwwroot/duobao/app/duobao/Runtime/Cache/Control/1886e10f6cc72280bd715b5cd6e4ecf4.php 第 188 行.
NOTIC: [8] Undefined index: xkjdx /home/wwwroot/duobao/app/duobao/Runtime/Cache/Control/1886e10f6cc72280bd715b5cd6e4ecf4.php 第 191 行.
NOTIC: [8] Undefined index: xkjdx /home/wwwroot/duobao/app/duobao/Runtime/Cache/Control/1886e10f6cc72280bd715b5cd6e4ecf4.php 第 191 行.
NOTIC: [8] Undefined index: dkjdx /home/wwwroot/duobao/app/duobao/Runtime/Cache/Control/1886e10f6cc72280bd715b5cd6e4ecf4.php 第 192 行.
NOTIC: [8] Undefined index: dkjdx /home/wwwroot/duobao/app/duobao/Runtime/Cache/Control/1886e10f6cc72280bd715b5cd6e4ecf4.php 第 192 行.
NOTIC: [8] Undefined index: is_exchange /home/wwwroot/duobao/app/duobao/Runtime/Cache/Control/1886e10f6cc72280bd715b5cd6e4ecf4.php 第 199 行.
NOTIC: [8] Undefined index: code /home/wwwroot/duobao/app/duobao/Runtime/Cache/Control/1886e10f6cc72280bd715b5cd6e4ecf4.php 第 185 行.
NOTIC: [8] Undefined index: xkjnum /home/wwwroot/duobao/app/duobao/Runtime/Cache/Control/1886e10f6cc72280bd715b5cd6e4ecf4.php 第 187 行.
NOTIC: [8] Undefined index: dkjnum /home/wwwroot/duobao/app/duobao/Runtime/Cache/Control/1886e10f6cc72280bd715b5cd6e4ecf4.php 第 188 行.
NOTIC: [8] Undefined index: xkjdx /home/wwwroot/duobao/app/duobao/Runtime/Cache/Control/1886e10f6cc72280bd715b5cd6e4ecf4.php 第 191 行.
NOTIC: [8] Undefined index: xkjdx /home/wwwroot/duobao/app/duobao/Runtime/Cache/Control/1886e10f6cc72280bd715b5cd6e4ecf4.php 第 191 行.
NOTIC: [8] Undefined index: dkjdx /home/wwwroot/duobao/app/duobao/Runtime/Cache/Control/1886e10f6cc72280bd715b5cd6e4ecf4.php 第 192 行.
NOTIC: [8] Undefined index: dkjdx /home/wwwroot/duobao/app/duobao/Runtime/Cache/Control/1886e10f6cc72280bd715b5cd6e4ecf4.php 第 192 行.
NOTIC: [8] Undefined index: is_exchange /home/wwwroot/duobao/app/duobao/Runtime/Cache/Control/1886e10f6cc72280bd715b5cd6e4ecf4.php 第 199 行.
NOTIC: [8] Undefined index: code /home/wwwroot/duobao/app/duobao/Runtime/Cache/Control/1886e10f6cc72280bd715b5cd6e4ecf4.php 第 185 行.
NOTIC: [8] Undefined index: xkjnum /home/wwwroot/duobao/app/duobao/Runtime/Cache/Control/1886e10f6cc72280bd715b5cd6e4ecf4.php 第 187 行.
NOTIC: [8] Undefined index: dkjnum /home/wwwroot/duobao/app/duobao/Runtime/Cache/Control/1886e10f6cc72280bd715b5cd6e4ecf4.php 第 188 行.
NOTIC: [8] Undefined index: xkjdx /home/wwwroot/duobao/app/duobao/Runtime/Cache/Control/1886e10f6cc72280bd715b5cd6e4ecf4.php 第 191 行.
NOTIC: [8] Undefined index: xkjdx /home/wwwroot/duobao/app/duobao/Runtime/Cache/Control/1886e10f6cc72280bd715b5cd6e4ecf4.php 第 191 行.
NOTIC: [8] Undefined index: dkjdx /home/wwwroot/duobao/app/duobao/Runtime/Cache/Control/1886e10f6cc72280bd715b5cd6e4ecf4.php 第 192 行.
NOTIC: [8] Undefined index: dkjdx /home/wwwroot/duobao/app/duobao/Runtime/Cache/Control/1886e10f6cc72280bd715b5cd6e4ecf4.php 第 192 行.
NOTIC: [8] Undefined index: is_exchange /home/wwwroot/duobao/app/duobao/Runtime/Cache/Control/1886e10f6cc72280bd715b5cd6e4ecf4.php 第 199 行.
NOTIC: [8] Undefined index: code /home/wwwroot/duobao/app/duobao/Runtime/Cache/Control/1886e10f6cc72280bd715b5cd6e4ecf4.php 第 185 行.
NOTIC: [8] Undefined index: xkjnum /home/wwwroot/duobao/app/duobao/Runtime/Cache/Control/1886e10f6cc72280bd715b5cd6e4ecf4.php 第 187 行.
NOTIC: [8] Undefined index: dkjnum /home/wwwroot/duobao/app/duobao/Runtime/Cache/Control/1886e10f6cc72280bd715b5cd6e4ecf4.php 第 188 行.
NOTIC: [8] Undefined index: xkjdx /home/wwwroot/duobao/app/duobao/Runtime/Cache/Control/1886e10f6cc72280bd715b5cd6e4ecf4.php 第 191 行.
NOTIC: [8] Undefined index: xkjdx /home/wwwroot/duobao/app/duobao/Runtime/Cache/Control/1886e10f6cc72280bd715b5cd6e4ecf4.php 第 191 行.
NOTIC: [8] Undefined index: dkjdx /home/wwwroot/duobao/app/duobao/Runtime/Cache/Control/1886e10f6cc72280bd715b5cd6e4ecf4.php 第 192 行.
NOTIC: [8] Undefined index: dkjdx /home/wwwroot/duobao/app/duobao/Runtime/Cache/Control/1886e10f6cc72280bd715b5cd6e4ecf4.php 第 192 行.
NOTIC: [8] Undefined index: code /home/wwwroot/duobao/app/duobao/Runtime/Cache/Control/1886e10f6cc72280bd715b5cd6e4ecf4.php 第 185 行.
NOTIC: [8] Undefined index: xkjnum /home/wwwroot/duobao/app/duobao/Runtime/Cache/Control/1886e10f6cc72280bd715b5cd6e4ecf4.php 第 187 行.
NOTIC: [8] Undefined index: dkjnum /home/wwwroot/duobao/app/duobao/Runtime/Cache/Control/1886e10f6cc72280bd715b5cd6e4ecf4.php 第 188 行.
NOTIC: [8] Undefined index: xkjdx /home/wwwroot/duobao/app/duobao/Runtime/Cache/Control/1886e10f6cc72280bd715b5cd6e4ecf4.php 第 191 行.
NOTIC: [8] Undefined index: xkjdx /home/wwwroot/duobao/app/duobao/Runtime/Cache/Control/1886e10f6cc72280bd715b5cd6e4ecf4.php 第 191 行.
NOTIC: [8] Undefined index: dkjdx /home/wwwroot/duobao/app/duobao/Runtime/Cache/Control/1886e10f6cc72280bd715b5cd6e4ecf4.php 第 192 行.
NOTIC: [8] Undefined index: dkjdx /home/wwwroot/duobao/app/duobao/Runtime/Cache/Control/1886e10f6cc72280bd715b5cd6e4ecf4.php 第 192 行.
NOTIC: [8] Undefined index: is_exchange /home/wwwroot/duobao/app/duobao/Runtime/Cache/Control/1886e10f6cc72280bd715b5cd6e4ecf4.php 第 199 行.
NOTIC: [8] Undefined index: code /home/wwwroot/duobao/app/duobao/Runtime/Cache/Control/1886e10f6cc72280bd715b5cd6e4ecf4.php 第 185 行.
NOTIC: [8] Undefined index: xkjnum /home/wwwroot/duobao/app/duobao/Runtime/Cache/Control/1886e10f6cc72280bd715b5cd6e4ecf4.php 第 187 行.
NOTIC: [8] Undefined index: dkjnum /home/wwwroot/duobao/app/duobao/Runtime/Cache/Control/1886e10f6cc72280bd715b5cd6e4ecf4.php 第 188 行.
NOTIC: [8] Undefined index: xkjdx /home/wwwroot/duobao/app/duobao/Runtime/Cache/Control/1886e10f6cc72280bd715b5cd6e4ecf4.php 第 191 行.
NOTIC: [8] Undefined index: xkjdx /home/wwwroot/duobao/app/duobao/Runtime/Cache/Control/1886e10f6cc72280bd715b5cd6e4ecf4.php 第 191 行.
NOTIC: [8] Undefined index: dkjdx /home/wwwroot/duobao/app/duobao/Runtime/Cache/Control/1886e10f6cc72280bd715b5cd6e4ecf4.php 第 192 行.
NOTIC: [8] Undefined index: dkjdx /home/wwwroot/duobao/app/duobao/Runtime/Cache/Control/1886e10f6cc72280bd715b5cd6e4ecf4.php 第 192 行.
INFO: Run Behavior\ParseTemplateBehavior [ RunTime:0.013881s ]
INFO: [ view_parse ] --END-- [ RunTime:0.013925s ]
INFO: [ view_filter ] --START--
INFO: Run Behavior\WriteHtmlCacheBehavior [ RunTime:0.000087s ]
INFO: [ view_filter ] --END-- [ RunTime:0.000113s ]
INFO: [ app_end ] --START--
INFO: Run Behavior\ShowPageTraceBehavior [ RunTime:0.000309s ]
INFO: [ app_end ] --END-- [ RunTime:0.000341s ]

[ 2017-09-23T08:29:35+08:00 ] 113.44.115.68 /control.php?s=/Index/index.html
SQL: SHOW COLUMNS FROM `ewshop_config` [ RunTime:0.0006s ]
SQL: UPDATE `ewshop_config` SET `value`='http://47.94.243.198' WHERE ( name='DOMAIN' ) [ RunTime:0.0002s ]
INFO: [ view_parse ] --START--
INFO: [ template_filter ] --START--
INFO: Run Behavior\ContentReplaceBehavior [ RunTime:0.000070s ]
INFO: [ template_filter ] --END-- [ RunTime:0.000102s ]
INFO: [ AdminIndex ] --START--
SQL: SHOW COLUMNS FROM `ewshop_addons` [ RunTime:0.0004s ]
SQL: SELECT `config` FROM `ewshop_addons` WHERE `name` = 'SiteStat' AND `status` = 1 LIMIT 1   [ RunTime:0.0002s ]
SQL: SHOW COLUMNS FROM `ewshop_member` [ RunTime:0.0005s ]
SQL: SELECT COUNT(*) AS tp_count FROM `ewshop_member` LIMIT 1   [ RunTime:0.0001s ]
SQL: SHOW COLUMNS FROM `ewshop_action_log` [ RunTime:0.0004s ]
SQL: SELECT COUNT(*) AS tp_count FROM `ewshop_action_log` LIMIT 1   [ RunTime:0.0001s ]
SQL: SHOW COLUMNS FROM `ewshop_document` [ RunTime:0.0005s ]
SQL: SELECT COUNT(*) AS tp_count FROM `ewshop_document` LIMIT 1   [ RunTime:0.0001s ]
SQL: SHOW COLUMNS FROM `ewshop_category` [ RunTime:0.0005s ]
SQL: SELECT COUNT(*) AS tp_count FROM `ewshop_category` LIMIT 1   [ RunTime:0.0001s ]
SQL: SHOW COLUMNS FROM `ewshop_model` [ RunTime:0.0005s ]
SQL: SELECT COUNT(*) AS tp_count FROM `ewshop_model` LIMIT 1   [ RunTime:0.0001s ]
INFO: [ view_parse ] --START--
INFO: [ template_filter ] --START--
INFO: Run Behavior\ContentReplaceBehavior [ RunTime:0.000021s ]
INFO: [ template_filter ] --END-- [ RunTime:-0.006881s ]
INFO: Run Behavior\ParseTemplateBehavior [ RunTime:0.001003s ]
INFO: [ view_parse ] --END-- [ RunTime:0.001052s ]
INFO: [ view_filter ] --START--
INFO: Run Behavior\WriteHtmlCacheBehavior [ RunTime:0.000082s ]
INFO: [ view_filter ] --END-- [ RunTime:0.000107s ]
INFO: Run Addons\SiteStat\SiteStatAddon [ RunTime:0.006273s ]
SQL: SELECT `config` FROM `ewshop_addons` WHERE `name` = 'SystemInfo' AND `status` = 1 LIMIT 1   [ RunTime:0.0001s ]
INFO: [ view_parse ] --START--
INFO: [ template_filter ] --START--
INFO: Run Behavior\ContentReplaceBehavior [ RunTime:0.000025s ]
INFO: [ template_filter ] --END-- [ RunTime:-0.008623s ]
SQL: select version() as v; [ RunTime:0.0001s ]
INFO: Run Behavior\ParseTemplateBehavior [ RunTime:0.001416s ]
INFO: [ view_parse ] --END-- [ RunTime:-0.000557s ]
INFO: [ view_filter ] --START--
INFO: Run Behavior\WriteHtmlCacheBehavior [ RunTime:0.000007s ]
INFO: [ view_filter ] --END-- [ RunTime:-0.001902s ]
INFO: Run Addons\SystemInfo\SystemInfoAddon [ RunTime:0.001914s ]
SQL: SELECT `config` FROM `ewshop_addons` WHERE `name` = 'DevTeam' AND `status` = 1 LIMIT 1   [ RunTime:0.0001s ]
INFO: [ view_parse ] --START--
INFO: [ template_filter ] --START--
INFO: Run Behavior\ContentReplaceBehavior [ RunTime:0.000018s ]
INFO: [ template_filter ] --END-- [ RunTime:-0.009725s ]
INFO: Run Behavior\ParseTemplateBehavior [ RunTime:0.000239s ]
INFO: [ view_parse ] --END-- [ RunTime:-0.002459s ]
INFO: [ view_filter ] --START--
INFO: Run Behavior\WriteHtmlCacheBehavior [ RunTime:0.000006s ]
INFO: [ view_filter ] --END-- [ RunTime:-0.002615s ]
INFO: Run Addons\DevTeam\DevTeamAddon [ RunTime:0.000703s ]
INFO: [ AdminIndex ] --END-- [ RunTime:0.008929s ]
INFO: Run Behavior\ParseTemplateBehavior [ RunTime:0.000329s ]
INFO: [ view_parse ] --END-- [ RunTime:-0.002459s ]
INFO: [ view_filter ] --START--
INFO: Run Behavior\WriteHtmlCacheBehavior [ RunTime:0.000004s ]
INFO: [ view_filter ] --END-- [ RunTime:-0.002695s ]
INFO: [ app_end ] --START--
INFO: Run Behavior\ShowPageTraceBehavior [ RunTime:0.000312s ]
INFO: [ app_end ] --END-- [ RunTime:0.000341s ]

[ 2017-09-23T08:29:37+08:00 ] 113.44.115.68 /control.php?s=/User/index.html
SQL: SHOW COLUMNS FROM `ewshop_admin` [ RunTime:0.0006s ]
SQL: SELECT `groupid` FROM `ewshop_admin` WHERE `uid` = 1 LIMIT 1   [ RunTime:0.0002s ]
SQL: SHOW COLUMNS FROM `ewshop_member` [ RunTime:0.0005s ]
SQL: SELECT COUNT(*) AS tp_count FROM `ewshop_member` WHERE `status` >= 0 AND `nickname` LIKE '%%' LIMIT 1   [ RunTime:0.0025s ]
SQL: SELECT `uid`,`openid`,`find_code`,`nickname`,`headimgurl`,`account`,`paykey`,`sex`,`birthday`,`realname`,`score`,`login`,`reg_ip`,`reg_time`,`last_login_ip`,`last_login_time`,`status`,`root_id`,`parent_id`,`branding_id`,`ewm` FROM `ewshop_member` WHERE `status` >= 0 AND `nickname` LIKE '%%' ORDER BY uid desc LIMIT 0,20   [ RunTime:0.0003s ]
SQL: SHOW COLUMNS FROM `ewshop_join` [ RunTime:0.0005s ]
SQL: SELECT `uid` FROM `ewshop_join` WHERE `is_delete` = 0 AND `status` = 1  [ RunTime:0.0003s ]
SQL: SHOW COLUMNS FROM `ewshop_ucenter_member` [ RunTime:0.0004s ]
SQL: SELECT `mobile` FROM `ewshop_ucenter_member` WHERE ( id='1485' ) LIMIT 1   [ RunTime:0.0001s ]
SQL: SELECT `email` FROM `ewshop_ucenter_member` WHERE ( id='1485' ) LIMIT 1   [ RunTime:0.0001s ]
NOTIC: [8] Undefined variable: usertype /home/wwwroot/duobao/app/duobao/Ewshop/Control/Controller/UserController.class.php 第 58 行.
SQL: SELECT `mobile` FROM `ewshop_ucenter_member` WHERE ( id='1484' ) LIMIT 1   [ RunTime:0.0001s ]
SQL: SELECT `email` FROM `ewshop_ucenter_member` WHERE ( id='1484' ) LIMIT 1   [ RunTime:0.0001s ]
NOTIC: [8] Undefined variable: usertype /home/wwwroot/duobao/app/duobao/Ewshop/Control/Controller/UserController.class.php 第 58 行.
SQL: SELECT `mobile` FROM `ewshop_ucenter_member` WHERE ( id='1483' ) LIMIT 1   [ RunTime:0.0001s ]
SQL: SELECT `email` FROM `ewshop_ucenter_member` WHERE ( id='1483' ) LIMIT 1   [ RunTime:0.0001s ]
NOTIC: [8] Undefined variable: usertype /home/wwwroot/duobao/app/duobao/Ewshop/Control/Controller/UserController.class.php 第 58 行.
SQL: SELECT `mobile` FROM `ewshop_ucenter_member` WHERE ( id='1482' ) LIMIT 1   [ RunTime:0.0001s ]
SQL: SELECT `email` FROM `ewshop_ucenter_member` WHERE ( id='1482' ) LIMIT 1   [ RunTime:0.0001s ]
NOTIC: [8] Undefined variable: usertype /home/wwwroot/duobao/app/duobao/Ewshop/Control/Controller/UserController.class.php 第 58 行.
SQL: SELECT `mobile` FROM `ewshop_ucenter_member` WHERE ( id='1481' ) LIMIT 1   [ RunTime:0.0001s ]
SQL: SELECT `email` FROM `ewshop_ucenter_member` WHERE ( id='1481' ) LIMIT 1   [ RunTime:0.0001s ]
NOTIC: [8] Undefined variable: usertype /home/wwwroot/duobao/app/duobao/Ewshop/Control/Controller/UserController.class.php 第 58 行.
SQL: SELECT `mobile` FROM `ewshop_ucenter_member` WHERE ( id='1480' ) LIMIT 1   [ RunTime:0.0001s ]
SQL: SELECT `email` FROM `ewshop_ucenter_member` WHERE ( id='1480' ) LIMIT 1   [ RunTime:0.0001s ]
NOTIC: [8] Undefined variable: usertype /home/wwwroot/duobao/app/duobao/Ewshop/Control/Controller/UserController.class.php 第 58 行.
SQL: SELECT `mobile` FROM `ewshop_ucenter_member` WHERE ( id='1479' ) LIMIT 1   [ RunTime:0.0001s ]
SQL: SELECT `email` FROM `ewshop_ucenter_member` WHERE ( id='1479' ) LIMIT 1   [ RunTime:0.0001s ]
NOTIC: [8] Undefined variable: usertype /home/wwwroot/duobao/app/duobao/Ewshop/Control/Controller/UserController.class.php 第 58 行.
SQL: SELECT `mobile` FROM `ewshop_ucenter_member` WHERE ( id='1478' ) LIMIT 1   [ RunTime:0.0001s ]
SQL: SELECT `email` FROM `ewshop_ucenter_member` WHERE ( id='1478' ) LIMIT 1   [ RunTime:0.0001s ]
NOTIC: [8] Undefined variable: usertype /home/wwwroot/duobao/app/duobao/Ewshop/Control/Controller/UserController.class.php 第 58 行.
SQL: SELECT `mobile` FROM `ewshop_ucenter_member` WHERE ( id='1477' ) LIMIT 1   [ RunTime:0.0001s ]
SQL: SELECT `email` FROM `ewshop_ucenter_member` WHERE ( id='1477' ) LIMIT 1   [ RunTime:0.0001s ]
NOTIC: [8] Undefined variable: usertype /home/wwwroot/duobao/app/duobao/Ewshop/Control/Controller/UserController.class.php 第 58 行.
SQL: SELECT `mobile` FROM `ewshop_ucenter_member` WHERE ( id='1476' ) LIMIT 1   [ RunTime:0.0001s ]
SQL: SELECT `email` FROM `ewshop_ucenter_member` WHERE ( id='1476' ) LIMIT 1   [ RunTime:0.0001s ]
NOTIC: [8] Undefined variable: usertype /home/wwwroot/duobao/app/duobao/Ewshop/Control/Controller/UserController.class.php 第 58 行.
SQL: SELECT `mobile` FROM `ewshop_ucenter_member` WHERE ( id='1475' ) LIMIT 1   [ RunTime:0.0001s ]
SQL: SELECT `email` FROM `ewshop_ucenter_member` WHERE ( id='1475' ) LIMIT 1   [ RunTime:0.0001s ]
NOTIC: [8] Undefined variable: usertype /home/wwwroot/duobao/app/duobao/Ewshop/Control/Controller/UserController.class.php 第 58 行.
SQL: SELECT `mobile` FROM `ewshop_ucenter_member` WHERE ( id='1474' ) LIMIT 1   [ RunTime:0.0001s ]
SQL: SELECT `email` FROM `ewshop_ucenter_member` WHERE ( id='1474' ) LIMIT 1   [ RunTime:0.0001s ]
NOTIC: [8] Undefined variable: usertype /home/wwwroot/duobao/app/duobao/Ewshop/Control/Controller/UserController.class.php 第 58 行.
SQL: SELECT `mobile` FROM `ewshop_ucenter_member` WHERE ( id='1473' ) LIMIT 1   [ RunTime:0.0001s ]
SQL: SELECT `email` FROM `ewshop_ucenter_member` WHERE ( id='1473' ) LIMIT 1   [ RunTime:0.0001s ]
NOTIC: [8] Undefined variable: usertype /home/wwwroot/duobao/app/duobao/Ewshop/Control/Controller/UserController.class.php 第 58 行.
SQL: SELECT `mobile` FROM `ewshop_ucenter_member` WHERE ( id='1472' ) LIMIT 1   [ RunTime:0.0001s ]
SQL: SELECT `email` FROM `ewshop_ucenter_member` WHERE ( id='1472' ) LIMIT 1   [ RunTime:0.0001s ]
NOTIC: [8] Undefined variable: usertype /home/wwwroot/duobao/app/duobao/Ewshop/Control/Controller/UserController.class.php 第 58 行.
SQL: SELECT `mobile` FROM `ewshop_ucenter_member` WHERE ( id='1471' ) LIMIT 1   [ RunTime:0.0001s ]
SQL: SELECT `email` FROM `ewshop_ucenter_member` WHERE ( id='1471' ) LIMIT 1   [ RunTime:0.0001s ]
NOTIC: [8] Undefined variable: usertype /home/wwwroot/duobao/app/duobao/Ewshop/Control/Controller/UserController.class.php 第 58 行.
SQL: SELECT `mobile` FROM `ewshop_ucenter_member` WHERE ( id='1470' ) LIMIT 1   [ RunTime:0.0001s ]
SQL: SELECT `email` FROM `ewshop_ucenter_member` WHERE ( id='1470' ) LIMIT 1   [ RunTime:0.0001s ]
NOTIC: [8] Undefined variable: usertype /home/wwwroot/duobao/app/duobao/Ewshop/Control/Controller/UserController.class.php 第 58 行.
SQL: SELECT `mobile` FROM `ewshop_ucenter_member` WHERE ( id='1469' ) LIMIT 1   [ RunTime:0.0001s ]
SQL: SELECT `email` FROM `ewshop_ucenter_member` WHERE ( id='1469' ) LIMIT 1   [ RunTime:0.0001s ]
NOTIC: [8] Undefined variable: usertype /home/wwwroot/duobao/app/duobao/Ewshop/Control/Controller/UserController.class.php 第 58 行.
SQL: SELECT `mobile` FROM `ewshop_ucenter_member` WHERE ( id='1468' ) LIMIT 1   [ RunTime:0.0001s ]
SQL: SELECT `email` FROM `ewshop_ucenter_member` WHERE ( id='1468' ) LIMIT 1   [ RunTime:0.0001s ]
NOTIC: [8] Undefined variable: usertype /home/wwwroot/duobao/app/duobao/Ewshop/Control/Controller/UserController.class.php 第 58 行.
SQL: SELECT `mobile` FROM `ewshop_ucenter_member` WHERE ( id='1467' ) LIMIT 1   [ RunTime:0.0001s ]
SQL: SELECT `email` FROM `ewshop_ucenter_member` WHERE ( id='1467' ) LIMIT 1   [ RunTime:0.0001s ]
NOTIC: [8] Undefined variable: usertype /home/wwwroot/duobao/app/duobao/Ewshop/Control/Controller/UserController.class.php 第 58 行.
SQL: SELECT `mobile` FROM `ewshop_ucenter_member` WHERE ( id='1466' ) LIMIT 1   [ RunTime:0.0001s ]
SQL: SELECT `email` FROM `ewshop_ucenter_member` WHERE ( id='1466' ) LIMIT 1   [ RunTime:0.0001s ]
NOTIC: [8] Undefined variable: usertype /home/wwwroot/duobao/app/duobao/Ewshop/Control/Controller/UserController.class.php 第 58 行.
INFO: [ view_parse ] --START--
INFO: [ template_filter ] --START--
INFO: Run Behavior\ContentReplaceBehavior [ RunTime:0.000106s ]
INFO: [ template_filter ] --END-- [ RunTime:0.000140s ]
INFO: Run Behavior\ParseTemplateBehavior [ RunTime:0.015058s ]
INFO: [ view_parse ] --END-- [ RunTime:0.015094s ]
INFO: [ view_filter ] --START--
INFO: Run Behavior\WriteHtmlCacheBehavior [ RunTime:0.000089s ]
INFO: [ view_filter ] --END-- [ RunTime:0.000116s ]
INFO: [ app_end ] --START--
INFO: Run Behavior\ShowPageTraceBehavior [ RunTime:0.000321s ]
INFO: [ app_end ] --END-- [ RunTime:0.000352s ]

[ 2017-09-23T08:29:38+08:00 ] 113.44.115.68 /control.php?s=/User/account.html
INFO: [ view_parse ] --START--
INFO: [ template_filter ] --START--
INFO: Run Behavior\ContentReplaceBehavior [ RunTime:0.000091s ]
INFO: [ template_filter ] --END-- [ RunTime:0.000123s ]
NOTIC: [8] Undefined variable: meta_title /home/wwwroot/duobao/app/duobao/Runtime/Cache/Control/610abe345dc4efd5f8aa55507eebc7e0.php 第 6 行.
NOTIC: [8] Undefined variable: uid /home/wwwroot/duobao/app/duobao/Runtime/Cache/Control/610abe345dc4efd5f8aa55507eebc7e0.php 第 130 行.
NOTIC: [8] Undefined variable: user /home/wwwroot/duobao/app/duobao/Runtime/Cache/Control/610abe345dc4efd5f8aa55507eebc7e0.php 第 136 行.
NOTIC: [8] Undefined variable: user /home/wwwroot/duobao/app/duobao/Runtime/Cache/Control/610abe345dc4efd5f8aa55507eebc7e0.php 第 136 行.
NOTIC: [8] Undefined variable: _page /home/wwwroot/duobao/app/duobao/Runtime/Cache/Control/610abe345dc4efd5f8aa55507eebc7e0.php 第 172 行.
INFO: Run Behavior\ParseTemplateBehavior [ RunTime:0.009731s ]
INFO: [ view_parse ] --END-- [ RunTime:0.009932s ]
INFO: [ view_filter ] --START--
INFO: Run Behavior\WriteHtmlCacheBehavior [ RunTime:0.000081s ]
INFO: [ view_filter ] --END-- [ RunTime:0.000104s ]
INFO: [ app_end ] --START--
INFO: Run Behavior\ShowPageTraceBehavior [ RunTime:0.000322s ]
INFO: [ app_end ] --END-- [ RunTime:0.000350s ]

