[ 2017-05-09T10:46:26+08:00 ] 115.171.31.101 /
NOTIC: [8] Undefined index: cart /home/DemoRoot/ewshop/Ewshop/Weixin/Controller/HomeController.class.php 第 139 行.
NOTIC: [8] Undefined index: cart /home/DemoRoot/ewshop/Ewshop/Weixin/Controller/HomeController.class.php 第 153 行.
SQL: SHOW COLUMNS FROM `ewshop_ad` [ RunTime:0.0064s ]
SQL: SELECT * FROM `ewshop_ad` WHERE ( place=14 ) ORDER BY px ASC,id DESC  [ RunTime:0.0012s ]
SQL: SHOW COLUMNS FROM `ewshop_picture` [ RunTime:0.0153s ]
SQL: SELECT * FROM `ewshop_picture` WHERE `status` = 1 AND `id` = 912 LIMIT 1   [ RunTime:0.0074s ]
SQL: SELECT * FROM `ewshop_picture` WHERE `status` = 1 AND `id` = 911 LIMIT 1   [ RunTime:0.0003s ]
SQL: SELECT * FROM `ewshop_picture` WHERE `status` = 1 AND `id` = 910 LIMIT 1   [ RunTime:0.0002s ]
SQL: SELECT * FROM `ewshop_ad` WHERE ( place=15 ) ORDER BY px ASC,id DESC  [ RunTime:0.0003s ]
SQL: SELECT * FROM `ewshop_ad` WHERE ( place=16 ) ORDER BY px ASC,id DESC  [ RunTime:0.0003s ]
SQL: SELECT * FROM `ewshop_ad` WHERE ( place=17 ) ORDER BY px ASC,id DESC  [ RunTime:0.0003s ]
SQL: SELECT * FROM `ewshop_ad` WHERE ( place=18 ) ORDER BY px ASC,id DESC  [ RunTime:0.0002s ]
SQL: SELECT * FROM `ewshop_picture` WHERE `status` = 1 AND `id` = 920 LIMIT 1   [ RunTime:0.0002s ]
SQL: SELECT * FROM `ewshop_picture` WHERE `status` = 1 AND `id` = 920 LIMIT 1   [ RunTime:0.0002s ]
SQL: SELECT * FROM `ewshop_picture` WHERE `status` = 1 AND `id` = 920 LIMIT 1   [ RunTime:0.0003s ]
SQL: SELECT * FROM `ewshop_picture` WHERE `status` = 1 AND `id` = 920 LIMIT 1   [ RunTime:0.0002s ]
SQL: SHOW COLUMNS FROM `ewshop_category` [ RunTime:0.0027s ]
SQL: SELECT * FROM `ewshop_category` WHERE ( pid=0 and model=5 and status=1 ) ORDER BY id asc  [ RunTime:0.0213s ]
SQL: SELECT * FROM `ewshop_picture` WHERE `status` = 1 AND `id` = 914 LIMIT 1   [ RunTime:0.0004s ]
SQL: SELECT * FROM `ewshop_picture` WHERE `status` = 1 AND `id` = 915 LIMIT 1   [ RunTime:0.0002s ]
SQL: SELECT * FROM `ewshop_picture` WHERE `status` = 1 AND `id` = 919 LIMIT 1   [ RunTime:0.0002s ]
SQL: SELECT * FROM `ewshop_picture` WHERE `status` = 1 AND `id` = 917 LIMIT 1   [ RunTime:0.0001s ]
SQL: SELECT * FROM `ewshop_picture` WHERE `status` = 1 AND `id` = 913 LIMIT 1   [ RunTime:0.0002s ]
SQL: SELECT * FROM `ewshop_picture` WHERE `status` = 1 AND `id` = 918 LIMIT 1   [ RunTime:0.0002s ]
SQL: SELECT * FROM `ewshop_picture` WHERE `status` = 1 AND `id` = 918 LIMIT 1   [ RunTime:0.0001s ]
SQL: SELECT * FROM `ewshop_picture` WHERE `status` = 1 AND `id` = 916 LIMIT 1   [ RunTime:0.0001s ]
SQL: SHOW COLUMNS FROM `ewshop_document` [ RunTime:0.0353s ]
SQL: SHOW COLUMNS FROM `ewshop_document` [ RunTime:0.0016s ]
SQL: SELECT * FROM ewshop_document a INNER JOIN ewshop_document_product b on a.id=b.id  WHERE ( a.mark like "%3%" and a.status=1 ) ORDER BY a.level asc,a.id desc LIMIT 16   [ RunTime:0.0534s ]
SQL: SHOW COLUMNS FROM `ewshop_article` [ RunTime:0.0159s ]
SQL: SHOW COLUMNS FROM `ewshop_article` [ RunTime:0.0011s ]
SQL: SELECT * FROM ewshop_article a INNER JOIN ewshop_article_base b on a.id=b.id  WHERE ( status="1" and a.category_id =201 ) ORDER BY a.level asc,a.id desc LIMIT 5   [ RunTime:0.0186s ]
SQL: SELECT * FROM `ewshop_category` WHERE `display` = 1 AND `status` = 1 AND `ismenu` = 1 AND `pid` = 0  [ RunTime:0.0005s ]
SQL: SELECT * FROM `ewshop_category` WHERE `pid` = 204  [ RunTime:0.0003s ]
SQL: SELECT * FROM `ewshop_category` WHERE `pid` = 218  [ RunTime:0.0002s ]
SQL: SELECT * FROM `ewshop_category` WHERE `pid` = 300  [ RunTime:0.0003s ]
NOTIC: [8] Undefined variable: resid /home/DemoRoot/ewshop/Ewshop/Common/Common/function.php 第 1868 行.
SQL: SELECT * FROM `ewshop_category` WHERE `pid` = 301  [ RunTime:0.0003s ]
SQL: SELECT * FROM `ewshop_category` WHERE `pid` = 302  [ RunTime:0.0003s ]
NOTIC: [8] Undefined variable: resid /home/DemoRoot/ewshop/Ewshop/Common/Common/function.php 第 1868 行.
SQL: SELECT * FROM `ewshop_category` WHERE `pid` = 219  [ RunTime:0.0003s ]
SQL: SELECT * FROM `ewshop_category` WHERE `pid` = 290  [ RunTime:0.0008s ]
NOTIC: [8] Undefined variable: resid /home/DemoRoot/ewshop/Ewshop/Common/Common/function.php 第 1868 行.
SQL: SELECT * FROM `ewshop_category` WHERE `pid` = 292  [ RunTime:0.0002s ]
SQL: SELECT * FROM `ewshop_category` WHERE `pid` = 293  [ RunTime:0.0007s ]
SQL: SELECT * FROM `ewshop_category` WHERE `pid` = 428  [ RunTime:0.0003s ]
SQL: SELECT * FROM `ewshop_category` WHERE `pid` = 220  [ RunTime:0.0002s ]
SQL: SELECT * FROM `ewshop_category` WHERE `pid` = 282  [ RunTime:0.0003s ]
NOTIC: [8] Undefined variable: resid /home/DemoRoot/ewshop/Ewshop/Common/Common/function.php 第 1868 行.
SQL: SELECT * FROM `ewshop_category` WHERE `pid` = 284  [ RunTime:0.0002s ]
SQL: SELECT * FROM `ewshop_category` WHERE `pid` = 286  [ RunTime:0.0003s ]
SQL: SELECT * FROM `ewshop_category` WHERE `pid` = 221  [ RunTime:0.0002s ]
SQL: SELECT * FROM `ewshop_category` WHERE `pid` = 296  [ RunTime:0.0003s ]
NOTIC: [8] Undefined variable: resid /home/DemoRoot/ewshop/Ewshop/Common/Common/function.php 第 1868 行.
SQL: SELECT * FROM `ewshop_category` WHERE `pid` = 297  [ RunTime:0.0002s ]
SQL: SELECT * FROM `ewshop_category` WHERE `pid` = 298  [ RunTime:0.0011s ]
SQL: SELECT * FROM `ewshop_category` WHERE `pid` = 222  [ RunTime:0.0003s ]
SQL: SELECT * FROM `ewshop_category` WHERE `pid` = 236  [ RunTime:0.0004s ]
NOTIC: [8] Undefined variable: resid /home/DemoRoot/ewshop/Ewshop/Common/Common/function.php 第 1868 行.
SQL: SELECT * FROM `ewshop_category` WHERE `pid` = 303  [ RunTime:0.0002s ]
SQL: SELECT * FROM `ewshop_category` WHERE `pid` = 304  [ RunTime:0.0003s ]
SQL: SELECT * FROM `ewshop_document` WHERE `category_id` IN ('300','300','301','301','302','302','218','218','290','290','292','292','293','293','428','428','219','219','282','282','284','284','286','286','220','220','296','296','297','297','298','298','221','221','236','236','303','303','304','304','222','222','204') AND `position` >= 4 AND `status` = 1 ORDER BY level DESC ,update_time DESC , create_time DESC LIMIT 1   [ RunTime:0.0015s ]
SQL: SELECT * FROM `ewshop_category` WHERE `pid` = 205  [ RunTime:0.0003s ]
SQL: SELECT * FROM `ewshop_category` WHERE `pid` = 245  [ RunTime:0.0003s ]
SQL: SELECT * FROM `ewshop_category` WHERE `pid` = 309  [ RunTime:0.0002s ]
NOTIC: [8] Undefined variable: resid /home/DemoRoot/ewshop/Ewshop/Common/Common/function.php 第 1868 行.
SQL: SELECT * FROM `ewshop_category` WHERE `pid` = 312  [ RunTime:0.0002s ]
NOTIC: [8] Undefined variable: resid /home/DemoRoot/ewshop/Ewshop/Common/Common/function.php 第 1868 行.
SQL: SELECT * FROM `ewshop_category` WHERE `pid` = 246  [ RunTime:0.0003s ]
SQL: SELECT * FROM `ewshop_category` WHERE `pid` = 319  [ RunTime:0.0002s ]
NOTIC: [8] Undefined variable: resid /home/DemoRoot/ewshop/Ewshop/Common/Common/function.php 第 1868 行.
SQL: SELECT * FROM `ewshop_category` WHERE `pid` = 320  [ RunTime:0.0002s ]
SQL: SELECT * FROM `ewshop_category` WHERE `pid` = 321  [ RunTime:0.0002s ]
SQL: SELECT * FROM `ewshop_category` WHERE `pid` = 305  [ RunTime:0.0003s ]
SQL: SELECT * FROM `ewshop_category` WHERE `pid` = 315  [ RunTime:0.0002s ]
NOTIC: [8] Undefined variable: resid /home/DemoRoot/ewshop/Ewshop/Common/Common/function.php 第 1868 行.
SQL: SELECT * FROM `ewshop_category` WHERE `pid` = 316  [ RunTime:0.0002s ]
SQL: SELECT * FROM `ewshop_category` WHERE `pid` = 318  [ RunTime:0.0002s ]
SQL: SELECT * FROM `ewshop_category` WHERE `pid` = 307  [ RunTime:0.0003s ]
SQL: SELECT * FROM `ewshop_category` WHERE `pid` = 327  [ RunTime:0.0002s ]
NOTIC: [8] Undefined variable: resid /home/DemoRoot/ewshop/Ewshop/Common/Common/function.php 第 1868 行.
SQL: SELECT * FROM `ewshop_category` WHERE `pid` = 329  [ RunTime:0.0002s ]
SQL: SELECT * FROM `ewshop_category` WHERE `pid` = 331  [ RunTime:0.0002s ]
SQL: SELECT * FROM `ewshop_document` WHERE `category_id` IN ('309','309','312','312','245','245','319','319','320','320','321','321','246','246','315','315','316','316','318','318','305','305','327','327','329','329','331','331','307','307','205') AND `position` >= 4 AND `status` = 1 ORDER BY level DESC ,update_time DESC , create_time DESC LIMIT 1   [ RunTime:0.0008s ]
SQL: SELECT * FROM `ewshop_category` WHERE `pid` = 206  [ RunTime:0.0003s ]
SQL: SELECT * FROM `ewshop_category` WHERE `pid` = 243  [ RunTime:0.0005s ]
SQL: SELECT * FROM `ewshop_category` WHERE `pid` = 252  [ RunTime:0.0003s ]
NOTIC: [8] Undefined variable: resid /home/DemoRoot/ewshop/Ewshop/Common/Common/function.php 第 1868 行.
SQL: SELECT * FROM `ewshop_category` WHERE `pid` = 253  [ RunTime:0.0002s ]
SQL: SELECT * FROM `ewshop_category` WHERE `pid` = 254  [ RunTime:0.0003s ]
SQL: SELECT * FROM `ewshop_category` WHERE `pid` = 255  [ RunTime:0.0002s ]
SQL: SELECT * FROM `ewshop_category` WHERE `pid` = 256  [ RunTime:0.0002s ]
SQL: SELECT * FROM `ewshop_category` WHERE `pid` = 257  [ RunTime:0.0002s ]
NOTIC: [8] Undefined variable: resid /home/DemoRoot/ewshop/Ewshop/Common/Common/function.php 第 1868 行.
SQL: SELECT * FROM `ewshop_category` WHERE `pid` = 244  [ RunTime:0.0003s ]
SQL: SELECT * FROM `ewshop_category` WHERE `pid` = 258  [ RunTime:0.0002s ]
NOTIC: [8] Undefined variable: resid /home/DemoRoot/ewshop/Ewshop/Common/Common/function.php 第 1868 行.
SQL: SELECT * FROM `ewshop_category` WHERE `pid` = 259  [ RunTime:0.0002s ]
SQL: SELECT * FROM `ewshop_category` WHERE `pid` = 260  [ RunTime:0.0002s ]
SQL: SELECT * FROM `ewshop_category` WHERE `pid` = 261  [ RunTime:0.0002s ]
SQL: SELECT * FROM `ewshop_category` WHERE `pid` = 262  [ RunTime:0.0002s ]
SQL: SELECT * FROM `ewshop_category` WHERE `pid` = 249  [ RunTime:0.0003s ]
SQL: SELECT * FROM `ewshop_category` WHERE `pid` = 263  [ RunTime:0.0003s ]
NOTIC: [8] Undefined variable: resid /home/DemoRoot/ewshop/Ewshop/Common/Common/function.php 第 1868 行.
SQL: SELECT * FROM `ewshop_category` WHERE `pid` = 264  [ RunTime:0.0003s ]
SQL: SELECT * FROM `ewshop_category` WHERE `pid` = 265  [ RunTime:0.0002s ]
SQL: SELECT * FROM `ewshop_category` WHERE `pid` = 266  [ RunTime:0.0002s ]
SQL: SELECT * FROM `ewshop_category` WHERE `pid` = 267  [ RunTime:0.0002s ]
SQL: SELECT * FROM `ewshop_category` WHERE `pid` = 268  [ RunTime:0.0002s ]
SQL: SELECT * FROM `ewshop_category` WHERE `pid` = 250  [ RunTime:0.0002s ]
SQL: SELECT * FROM `ewshop_category` WHERE `pid` = 269  [ RunTime:0.0002s ]
NOTIC: [8] Undefined variable: resid /home/DemoRoot/ewshop/Ewshop/Common/Common/function.php 第 1868 行.
SQL: SELECT * FROM `ewshop_category` WHERE `pid` = 270  [ RunTime:0.0002s ]
SQL: SELECT * FROM `ewshop_category` WHERE `pid` = 271  [ RunTime:0.0002s ]
SQL: SELECT * FROM `ewshop_category` WHERE `pid` = 251  [ RunTime:0.0002s ]
SQL: SELECT * FROM `ewshop_category` WHERE `pid` = 272  [ RunTime:0.0002s ]
NOTIC: [8] Undefined variable: resid /home/DemoRoot/ewshop/Ewshop/Common/Common/function.php 第 1868 行.
SQL: SELECT * FROM `ewshop_category` WHERE `pid` = 273  [ RunTime:0.0002s ]
SQL: SELECT * FROM `ewshop_category` WHERE `pid` = 274  [ RunTime:0.0002s ]
SQL: SELECT * FROM `ewshop_category` WHERE `pid` = 275  [ RunTime:0.0002s ]
SQL: SELECT * FROM `ewshop_document` WHERE `category_id` IN ('252','252','253','253','254','254','255','255','256','256','257','257','243','243','258','258','259','259','260','260','261','261','262','262','244','244','263','263','264','264','265','265','266','266','267','267','268','268','249','249','269','269','270','270','271','271','250','250','272','272','273','273','274','274','275','275','251','251','206') AND `position` >= 4 AND `status` = 1 ORDER BY level DESC ,update_time DESC , create_time DESC LIMIT 1   [ RunTime:0.0008s ]
SQL: SELECT * FROM `ewshop_category` WHERE `pid` = 213  [ RunTime:0.0002s ]
SQL: SELECT * FROM `ewshop_category` WHERE `pid` = 240  [ RunTime:0.0002s ]
SQL: SELECT * FROM `ewshop_category` WHERE `pid` = 347  [ RunTime:0.0002s ]
NOTIC: [8] Undefined variable: resid /home/DemoRoot/ewshop/Ewshop/Common/Common/function.php 第 1868 行.
SQL: SELECT * FROM `ewshop_category` WHERE `pid` = 348  [ RunTime:0.0002s ]
SQL: SELECT * FROM `ewshop_category` WHERE `pid` = 349  [ RunTime:0.0002s ]
NOTIC: [8] Undefined variable: resid /home/DemoRoot/ewshop/Ewshop/Common/Common/function.php 第 1868 行.
SQL: SELECT * FROM `ewshop_category` WHERE `pid` = 241  [ RunTime:0.0002s ]
SQL: SELECT * FROM `ewshop_category` WHERE `pid` = 341  [ RunTime:0.0002s ]
NOTIC: [8] Undefined variable: resid /home/DemoRoot/ewshop/Ewshop/Common/Common/function.php 第 1868 行.
SQL: SELECT * FROM `ewshop_category` WHERE `pid` = 342  [ RunTime:0.0002s ]
SQL: SELECT * FROM `ewshop_category` WHERE `pid` = 242  [ RunTime:0.0002s ]
SQL: SELECT * FROM `ewshop_category` WHERE `pid` = 343  [ RunTime:0.0002s ]
NOTIC: [8] Undefined variable: resid /home/DemoRoot/ewshop/Ewshop/Common/Common/function.php 第 1868 行.
SQL: SELECT * FROM `ewshop_category` WHERE `pid` = 344  [ RunTime:0.0002s ]
SQL: SELECT * FROM `ewshop_category` WHERE `pid` = 345  [ RunTime:0.0002s ]
SQL: SELECT * FROM `ewshop_category` WHERE `pid` = 346  [ RunTime:0.0002s ]
SQL: SELECT * FROM `ewshop_document` WHERE `category_id` IN ('347','347','348','348','349','349','240','240','341','341','342','342','241','241','343','343','344','344','345','345','346','346','242','242','213') AND `position` >= 4 AND `status` = 1 ORDER BY level DESC ,update_time DESC , create_time DESC LIMIT 1   [ RunTime:0.0005s ]
SQL: SELECT * FROM `ewshop_category` WHERE `pid` = 214  [ RunTime:0.0002s ]
SQL: SELECT * FROM `ewshop_category` WHERE `pid` = 239  [ RunTime:0.0002s ]
SQL: SELECT * FROM `ewshop_category` WHERE `pid` = 424  [ RunTime:0.0002s ]
NOTIC: [8] Undefined variable: resid /home/DemoRoot/ewshop/Ewshop/Common/Common/function.php 第 1868 行.
SQL: SELECT * FROM `ewshop_category` WHERE `pid` = 421  [ RunTime:0.0002s ]
SQL: SELECT * FROM `ewshop_category` WHERE `pid` = 422  [ RunTime:0.0002s ]
SQL: SELECT * FROM `ewshop_category` WHERE `pid` = 423  [ RunTime:0.0002s ]
NOTIC: [8] Undefined variable: resid /home/DemoRoot/ewshop/Ewshop/Common/Common/function.php 第 1868 行.
SQL: SELECT * FROM `ewshop_category` WHERE `pid` = 247  [ RunTime:0.0002s ]
SQL: SELECT * FROM `ewshop_category` WHERE `pid` = 415  [ RunTime:0.0002s ]
NOTIC: [8] Undefined variable: resid /home/DemoRoot/ewshop/Ewshop/Common/Common/function.php 第 1868 行.
SQL: SELECT * FROM `ewshop_category` WHERE `pid` = 416  [ RunTime:0.0002s ]
SQL: SELECT * FROM `ewshop_category` WHERE `pid` = 417  [ RunTime:0.0002s ]
SQL: SELECT * FROM `ewshop_category` WHERE `pid` = 418  [ RunTime:0.0002s ]
SQL: SELECT * FROM `ewshop_category` WHERE `pid` = 419  [ RunTime:0.0002s ]
SQL: SELECT * FROM `ewshop_category` WHERE `pid` = 420  [ RunTime:0.0002s ]
SQL: SELECT * FROM `ewshop_category` WHERE `pid` = 248  [ RunTime:0.0002s ]
SQL: SELECT * FROM `ewshop_category` WHERE `pid` = 425  [ RunTime:0.0002s ]
NOTIC: [8] Undefined variable: resid /home/DemoRoot/ewshop/Ewshop/Common/Common/function.php 第 1868 行.
SQL: SELECT * FROM `ewshop_category` WHERE `pid` = 426  [ RunTime:0.0002s ]
SQL: SELECT * FROM `ewshop_document` WHERE `category_id` IN ('424','424','421','421','422','422','423','423','239','239','415','415','416','416','417','417','418','418','419','419','420','420','247','247','425','425','426','426','248','248','214') AND `position` >= 4 AND `status` = 1 ORDER BY level DESC ,update_time DESC , create_time DESC LIMIT 1   [ RunTime:0.0006s ]
SQL: SELECT * FROM `ewshop_category` WHERE `pid` = 215  [ RunTime:0.0003s ]
SQL: SELECT * FROM `ewshop_category` WHERE `pid` = 233  [ RunTime:0.0003s ]
SQL: SELECT * FROM `ewshop_category` WHERE `pid` = 401  [ RunTime:0.0002s ]
NOTIC: [8] Undefined variable: resid /home/DemoRoot/ewshop/Ewshop/Common/Common/function.php 第 1868 行.
SQL: SELECT * FROM `ewshop_category` WHERE `pid` = 403  [ RunTime:0.0002s ]
SQL: SELECT * FROM `ewshop_category` WHERE `pid` = 405  [ RunTime:0.0002s ]
NOTIC: [8] Undefined variable: resid /home/DemoRoot/ewshop/Ewshop/Common/Common/function.php 第 1868 行.
SQL: SELECT * FROM `ewshop_category` WHERE `pid` = 234  [ RunTime:0.0003s ]
SQL: SELECT * FROM `ewshop_category` WHERE `pid` = 392  [ RunTime:0.0002s ]
NOTIC: [8] Undefined variable: resid /home/DemoRoot/ewshop/Ewshop/Common/Common/function.php 第 1868 行.
SQL: SELECT * FROM `ewshop_category` WHERE `pid` = 393  [ RunTime:0.0002s ]
SQL: SELECT * FROM `ewshop_category` WHERE `pid` = 395  [ RunTime:0.0002s ]
SQL: SELECT * FROM `ewshop_category` WHERE `pid` = 396  [ RunTime:0.0002s ]
SQL: SELECT * FROM `ewshop_category` WHERE `pid` = 397  [ RunTime:0.0002s ]
SQL: SELECT * FROM `ewshop_category` WHERE `pid` = 398  [ RunTime:0.0002s ]
SQL: SELECT * FROM `ewshop_category` WHERE `pid` = 399  [ RunTime:0.0002s ]
SQL: SELECT * FROM `ewshop_category` WHERE `pid` = 400  [ RunTime:0.0002s ]
SQL: SELECT * FROM `ewshop_category` WHERE `pid` = 235  [ RunTime:0.0003s ]
SQL: SELECT * FROM `ewshop_category` WHERE `pid` = 385  [ RunTime:0.0002s ]
NOTIC: [8] Undefined variable: resid /home/DemoRoot/ewshop/Ewshop/Common/Common/function.php 第 1868 行.
SQL: SELECT * FROM `ewshop_category` WHERE `pid` = 386  [ RunTime:0.0002s ]
SQL: SELECT * FROM `ewshop_category` WHERE `pid` = 387  [ RunTime:0.0002s ]
SQL: SELECT * FROM `ewshop_category` WHERE `pid` = 388  [ RunTime:0.0002s ]
SQL: SELECT * FROM `ewshop_category` WHERE `pid` = 389  [ RunTime:0.0002s ]
SQL: SELECT * FROM `ewshop_category` WHERE `pid` = 390  [ RunTime:0.0002s ]
SQL: SELECT * FROM `ewshop_category` WHERE `pid` = 391  [ RunTime:0.0002s ]
SQL: SELECT * FROM `ewshop_category` WHERE `pid` = 394  [ RunTime:0.0002s ]
SQL: SELECT * FROM `ewshop_document` WHERE `category_id` IN ('401','401','403','403','405','405','233','233','392','392','393','393','395','395','396','396','397','397','398','398','399','399','400','400','234','234','385','385','386','386','387','387','388','388','389','389','390','390','391','391','394','394','235','235','215') AND `position` >= 4 AND `status` = 1 ORDER BY level DESC ,update_time DESC , create_time DESC LIMIT 1   [ RunTime:0.0007s ]
SQL: SELECT * FROM `ewshop_category` WHERE `pid` = 216  [ RunTime:0.0002s ]
SQL: SELECT * FROM `ewshop_category` WHERE `pid` = 228  [ RunTime:0.0002s ]
SQL: SELECT * FROM `ewshop_category` WHERE `pid` = 367  [ RunTime:0.0002s ]
NOTIC: [8] Undefined variable: resid /home/DemoRoot/ewshop/Ewshop/Common/Common/function.php 第 1868 行.
SQL: SELECT * FROM `ewshop_category` WHERE `pid` = 369  [ RunTime:0.0003s ]
SQL: SELECT * FROM `ewshop_category` WHERE `pid` = 370  [ RunTime:0.0002s ]
SQL: SELECT * FROM `ewshop_category` WHERE `pid` = 372  [ RunTime:0.0002s ]
NOTIC: [8] Undefined variable: resid /home/DemoRoot/ewshop/Ewshop/Common/Common/function.php 第 1868 行.
SQL: SELECT * FROM `ewshop_category` WHERE `pid` = 229  [ RunTime:0.0003s ]
SQL: SELECT * FROM `ewshop_category` WHERE `pid` = 373  [ RunTime:0.0002s ]
NOTIC: [8] Undefined variable: resid /home/DemoRoot/ewshop/Ewshop/Common/Common/function.php 第 1868 行.
SQL: SELECT * FROM `ewshop_category` WHERE `pid` = 374  [ RunTime:0.0002s ]
SQL: SELECT * FROM `ewshop_category` WHERE `pid` = 375  [ RunTime:0.0002s ]
SQL: SELECT * FROM `ewshop_category` WHERE `pid` = 376  [ RunTime:0.0002s ]
SQL: SELECT * FROM `ewshop_category` WHERE `pid` = 377  [ RunTime:0.0002s ]
SQL: SELECT * FROM `ewshop_category` WHERE `pid` = 379  [ RunTime:0.0003s ]
SQL: SELECT * FROM `ewshop_category` WHERE `pid` = 380  [ RunTime:0.0002s ]
SQL: SELECT * FROM `ewshop_category` WHERE `pid` = 230  [ RunTime:0.0002s ]
SQL: SELECT * FROM `ewshop_category` WHERE `pid` = 381  [ RunTime:0.0002s ]
NOTIC: [8] Undefined variable: resid /home/DemoRoot/ewshop/Ewshop/Common/Common/function.php 第 1868 行.
SQL: SELECT * FROM `ewshop_category` WHERE `pid` = 382  [ RunTime:0.0002s ]
SQL: SELECT * FROM `ewshop_category` WHERE `pid` = 383  [ RunTime:0.0002s ]
SQL: SELECT * FROM `ewshop_category` WHERE `pid` = 384  [ RunTime:0.0002s ]
SQL: SELECT * FROM `ewshop_category` WHERE `pid` = 231  [ RunTime:0.0002s ]
SQL: SELECT * FROM `ewshop_category` WHERE `pid` = 339  [ RunTime:0.0002s ]
NOTIC: [8] Undefined variable: resid /home/DemoRoot/ewshop/Ewshop/Common/Common/function.php 第 1868 行.
SQL: SELECT * FROM `ewshop_category` WHERE `pid` = 340  [ RunTime:0.0002s ]
SQL: SELECT * FROM `ewshop_category` WHERE `pid` = 350  [ RunTime:0.0002s ]
SQL: SELECT * FROM `ewshop_category` WHERE `pid` = 351  [ RunTime:0.0002s ]
SQL: SELECT * FROM `ewshop_category` WHERE `pid` = 352  [ RunTime:0.0002s ]
SQL: SELECT * FROM `ewshop_category` WHERE `pid` = 353  [ RunTime:0.0002s ]
SQL: SELECT * FROM `ewshop_category` WHERE `pid` = 354  [ RunTime:0.0002s ]
SQL: SELECT * FROM `ewshop_category` WHERE `pid` = 355  [ RunTime:0.0002s ]
SQL: SELECT * FROM `ewshop_category` WHERE `pid` = 356  [ RunTime:0.0003s ]
SQL: SELECT * FROM `ewshop_category` WHERE `pid` = 232  [ RunTime:0.0002s ]
SQL: SELECT * FROM `ewshop_category` WHERE `pid` = 357  [ RunTime:0.0002s ]
NOTIC: [8] Undefined variable: resid /home/DemoRoot/ewshop/Ewshop/Common/Common/function.php 第 1868 行.
SQL: SELECT * FROM `ewshop_category` WHERE `pid` = 358  [ RunTime:0.0002s ]
SQL: SELECT * FROM `ewshop_category` WHERE `pid` = 359  [ RunTime:0.0002s ]
SQL: SELECT * FROM `ewshop_category` WHERE `pid` = 360  [ RunTime:0.0002s ]
SQL: SELECT * FROM `ewshop_category` WHERE `pid` = 361  [ RunTime:0.0002s ]
SQL: SELECT * FROM `ewshop_category` WHERE `pid` = 362  [ RunTime:0.0002s ]
SQL: SELECT * FROM `ewshop_category` WHERE `pid` = 363  [ RunTime:0.0002s ]
SQL: SELECT * FROM `ewshop_category` WHERE `pid` = 364  [ RunTime:0.0002s ]
SQL: SELECT * FROM `ewshop_category` WHERE `pid` = 365  [ RunTime:0.0003s ]
SQL: SELECT * FROM `ewshop_category` WHERE `pid` = 366  [ RunTime:0.0002s ]
SQL: SELECT * FROM `ewshop_document` WHERE `category_id` IN ('367','367','369','369','370','370','372','372','228','228','373','373','374','374','375','375','376','376','377','377','379','379','380','380','229','229','381','381','382','382','383','383','384','384','230','230','339','339','340','340','350','350','351','351','352','352','353','353','354','354','355','355','356','356','231','231','357','357','358','358','359','359','360','360','361','361','362','362','363','363','364','364','365','365','366','366','232','232','216') AND `position` >= 4 AND `status` = 1 ORDER BY level DESC ,update_time DESC , create_time DESC LIMIT 1   [ RunTime:0.0014s ]
SQL: SELECT * FROM `ewshop_category` WHERE `pid` = 217  [ RunTime:0.0003s ]
SQL: SELECT * FROM `ewshop_category` WHERE `pid` = 223  [ RunTime:0.0003s ]
SQL: SELECT * FROM `ewshop_category` WHERE `pid` = 326  [ RunTime:0.0003s ]
NOTIC: [8] Undefined variable: resid /home/DemoRoot/ewshop/Ewshop/Common/Common/function.php 第 1868 行.
SQL: SELECT * FROM `ewshop_category` WHERE `pid` = 328  [ RunTime:0.0003s ]
SQL: SELECT * FROM `ewshop_category` WHERE `pid` = 330  [ RunTime:0.0002s ]
SQL: SELECT * FROM `ewshop_category` WHERE `pid` = 332  [ RunTime:0.0003s ]
SQL: SELECT * FROM `ewshop_category` WHERE `pid` = 333  [ RunTime:0.0003s ]
SQL: SELECT * FROM `ewshop_category` WHERE `pid` = 334  [ RunTime:0.0002s ]
SQL: SELECT * FROM `ewshop_category` WHERE `pid` = 335  [ RunTime:0.0003s ]
SQL: SELECT * FROM `ewshop_category` WHERE `pid` = 336  [ RunTime:0.0002s ]
SQL: SELECT * FROM `ewshop_category` WHERE `pid` = 337  [ RunTime:0.0002s ]
SQL: SELECT * FROM `ewshop_category` WHERE `pid` = 338  [ RunTime:0.0003s ]
NOTIC: [8] Undefined variable: resid /home/DemoRoot/ewshop/Ewshop/Common/Common/function.php 第 1868 行.
SQL: SELECT * FROM `ewshop_category` WHERE `pid` = 224  [ RunTime:0.0003s ]
SQL: SELECT * FROM `ewshop_category` WHERE `pid` = 306  [ RunTime:0.0002s ]
NOTIC: [8] Undefined variable: resid /home/DemoRoot/ewshop/Ewshop/Common/Common/function.php 第 1868 行.
SQL: SELECT * FROM `ewshop_category` WHERE `pid` = 308  [ RunTime:0.0002s ]
SQL: SELECT * FROM `ewshop_category` WHERE `pid` = 311  [ RunTime:0.0002s ]
SQL: SELECT * FROM `ewshop_category` WHERE `pid` = 313  [ RunTime:0.0002s ]
SQL: SELECT * FROM `ewshop_category` WHERE `pid` = 314  [ RunTime:0.0002s ]
SQL: SELECT * FROM `ewshop_category` WHERE `pid` = 317  [ RunTime:0.0002s ]
SQL: SELECT * FROM `ewshop_category` WHERE `pid` = 322  [ RunTime:0.0002s ]
SQL: SELECT * FROM `ewshop_category` WHERE `pid` = 323  [ RunTime:0.0002s ]
SQL: SELECT * FROM `ewshop_category` WHERE `pid` = 324  [ RunTime:0.0002s ]
SQL: SELECT * FROM `ewshop_category` WHERE `pid` = 325  [ RunTime:0.0002s ]
SQL: SELECT * FROM `ewshop_category` WHERE `pid` = 225  [ RunTime:0.0002s ]
SQL: SELECT * FROM `ewshop_category` WHERE `pid` = 288  [ RunTime:0.0002s ]
NOTIC: [8] Undefined variable: resid /home/DemoRoot/ewshop/Ewshop/Common/Common/function.php 第 1868 行.
SQL: SELECT * FROM `ewshop_category` WHERE `pid` = 289  [ RunTime:0.0002s ]
SQL: SELECT * FROM `ewshop_category` WHERE `pid` = 291  [ RunTime:0.0002s ]
SQL: SELECT * FROM `ewshop_category` WHERE `pid` = 294  [ RunTime:0.0002s ]
SQL: SELECT * FROM `ewshop_category` WHERE `pid` = 295  [ RunTime:0.0002s ]
SQL: SELECT * FROM `ewshop_category` WHERE `pid` = 299  [ RunTime:0.0002s ]
SQL: SELECT * FROM `ewshop_category` WHERE `pid` = 226  [ RunTime:0.0002s ]
SQL: SELECT * FROM `ewshop_category` WHERE `pid` = 280  [ RunTime:0.0002s ]
NOTIC: [8] Undefined variable: resid /home/DemoRoot/ewshop/Ewshop/Common/Common/function.php 第 1868 行.
SQL: SELECT * FROM `ewshop_category` WHERE `pid` = 281  [ RunTime:0.0002s ]
SQL: SELECT * FROM `ewshop_category` WHERE `pid` = 283  [ RunTime:0.0002s ]
SQL: SELECT * FROM `ewshop_category` WHERE `pid` = 285  [ RunTime:0.0002s ]
SQL: SELECT * FROM `ewshop_category` WHERE `pid` = 287  [ RunTime:0.0002s ]
SQL: SELECT * FROM `ewshop_category` WHERE `pid` = 227  [ RunTime:0.0002s ]
SQL: SELECT * FROM `ewshop_category` WHERE `pid` = 276  [ RunTime:0.0002s ]
NOTIC: [8] Undefined variable: resid /home/DemoRoot/ewshop/Ewshop/Common/Common/function.php 第 1868 行.
SQL: SELECT * FROM `ewshop_category` WHERE `pid` = 277  [ RunTime:0.0002s ]
SQL: SELECT * FROM `ewshop_category` WHERE `pid` = 278  [ RunTime:0.0002s ]
SQL: SELECT * FROM `ewshop_category` WHERE `pid` = 279  [ RunTime:0.0002s ]
SQL: SELECT * FROM `ewshop_document` WHERE `category_id` IN ('326','326','328','328','330','330','332','332','333','333','334','334','335','335','336','336','337','337','338','338','223','223','306','306','308','308','311','311','313','313','314','314','317','317','322','322','323','323','324','324','325','325','224','224','288','288','289','289','291','291','294','294','295','295','299','299','225','225','280','280','281','281','283','283','285','285','287','287','226','226','276','276','277','277','278','278','279','279','227','227','217') AND `position` >= 4 AND `status` = 1 ORDER BY level DESC ,update_time DESC , create_time DESC LIMIT 1   [ RunTime:0.0012s ]
SQL: SHOW COLUMNS FROM `ewshop_category` [ RunTime:0.0014s ]
SQL: SELECT `id`,`name`,`pid`,`title` FROM `ewshop_category` WHERE ( display="1" and ismenu="1"  ) ORDER BY sort desc  [ RunTime:0.0007s ]
SQL: SHOW COLUMNS FROM `ewshop_document` [ RunTime:0.0013s ]
SQL: SHOW COLUMNS FROM `ewshop_category` [ RunTime:0.0015s ]
SQL: SELECT `id` FROM `ewshop_category` WHERE ( display=1 and pid=0 )  [ RunTime:0.0003s ]
NOTIC: [8] Undefined variable: cart /home/DemoRoot/ewshop/Ewshop/Weixin/Controller/IndexController.class.php 第 129 行.
NOTIC: [8] Undefined index: cart /home/DemoRoot/ewshop/Ewshop/Weixin/Controller/IndexController.class.php 第 131 行.
NOTIC: [8] Undefined index: ajax /home/DemoRoot/ewshop/Ewshop/Weixin/Controller/IndexController.class.php 第 137 行.
INFO: [ view_parse ] --START--
INFO: [ template_filter ] --START--
INFO: Run Behavior\ContentReplaceBehavior [ RunTime:0.000208s ]
INFO: [ template_filter ] --END-- [ RunTime:0.000339s ]
NOTIC: [8] Undefined variable: keyword /home/DemoRoot/ewshop/Runtime/Cache/Weixin/320be3c9fa9961726d1a30f0dab648cb.php 第 19 行.
SQL: SELECT * FROM `ewshop_picture` WHERE `status` = 1 AND `id` = 912 LIMIT 1   [ RunTime:0.0005s ]
SQL: SELECT * FROM `ewshop_picture` WHERE `status` = 1 AND `id` = 911 LIMIT 1   [ RunTime:0.0002s ]
SQL: SELECT * FROM `ewshop_picture` WHERE `status` = 1 AND `id` = 910 LIMIT 1   [ RunTime:0.0002s ]
SQL: SELECT * FROM `ewshop_picture` WHERE `status` = 1 AND `id` = 914 LIMIT 1   [ RunTime:0.0002s ]
SQL: SELECT * FROM `ewshop_picture` WHERE `status` = 1 AND `id` = 915 LIMIT 1   [ RunTime:0.0002s ]
SQL: SELECT * FROM `ewshop_picture` WHERE `status` = 1 AND `id` = 919 LIMIT 1   [ RunTime:0.0002s ]
SQL: SELECT * FROM `ewshop_picture` WHERE `status` = 1 AND `id` = 917 LIMIT 1   [ RunTime:0.0002s ]
SQL: SELECT * FROM `ewshop_picture` WHERE `status` = 1 AND `id` = 913 LIMIT 1   [ RunTime:0.0002s ]
SQL: SELECT * FROM `ewshop_picture` WHERE `status` = 1 AND `id` = 918 LIMIT 1   [ RunTime:0.0002s ]
SQL: SELECT * FROM `ewshop_picture` WHERE `status` = 1 AND `id` = 918 LIMIT 1   [ RunTime:0.0002s ]
SQL: SELECT * FROM `ewshop_picture` WHERE `status` = 1 AND `id` = 916 LIMIT 1   [ RunTime:0.0002s ]
SQL: SELECT * FROM `ewshop_picture` WHERE `status` = 1 AND `id` = 920 LIMIT 1   [ RunTime:0.0002s ]
SQL: SELECT * FROM `ewshop_picture` WHERE `status` = 1 AND `id` = 920 LIMIT 1   [ RunTime:0.0002s ]
SQL: SELECT * FROM `ewshop_picture` WHERE `status` = 1 AND `id` = 920 LIMIT 1   [ RunTime:0.0001s ]
SQL: SELECT * FROM `ewshop_picture` WHERE `status` = 1 AND `id` = 920 LIMIT 1   [ RunTime:0.0002s ]
SQL: SELECT * FROM `ewshop_picture` WHERE `status` = 1 AND `id` = 957 LIMIT 1   [ RunTime:0.0012s ]
SQL: SELECT * FROM `ewshop_picture` WHERE `status` = 1 AND `id` = 958 LIMIT 1   [ RunTime:0.0002s ]
SQL: SELECT * FROM `ewshop_picture` WHERE `status` = 1 AND `id` = 951 LIMIT 1   [ RunTime:0.0002s ]
SQL: SELECT * FROM `ewshop_picture` WHERE `status` = 1 AND `id` = 672 LIMIT 1   [ RunTime:0.0070s ]
SQL: SELECT * FROM `ewshop_picture` WHERE `status` = 1 AND `id` = 204 LIMIT 1   [ RunTime:0.0077s ]
SQL: SELECT * FROM `ewshop_picture` WHERE `status` = 1 AND `id` = 84 LIMIT 1   [ RunTime:0.0074s ]
SQL: SELECT * FROM `ewshop_picture` WHERE `status` = 1 AND `id` = 69 LIMIT 1   [ RunTime:0.0003s ]
SQL: SELECT * FROM `ewshop_picture` WHERE `status` = 1 AND `id` = 64 LIMIT 1   [ RunTime:0.0002s ]
SQL: SELECT * FROM `ewshop_picture` WHERE `status` = 1 AND `id` = 60 LIMIT 1   [ RunTime:0.0019s ]
SQL: SELECT * FROM `ewshop_picture` WHERE `status` = 1 AND `id` = 61 LIMIT 1   [ RunTime:0.0002s ]
SQL: SELECT * FROM `ewshop_picture` WHERE `status` = 1 AND `id` = 60 LIMIT 1   [ RunTime:0.0003s ]
SQL: SELECT * FROM `ewshop_picture` WHERE `status` = 1 AND `id` = 59 LIMIT 1   [ RunTime:0.0002s ]
SQL: SELECT * FROM `ewshop_picture` WHERE `status` = 1 AND `id` = 704 LIMIT 1   [ RunTime:0.0011s ]
SQL: SELECT * FROM `ewshop_picture` WHERE `status` = 1 AND `id` = 708 LIMIT 1   [ RunTime:0.0003s ]
SQL: SELECT * FROM `ewshop_picture` WHERE `status` = 1 AND `id` = 808 LIMIT 1   [ RunTime:0.0002s ]
SQL: SELECT * FROM `ewshop_picture` WHERE `status` = 1 AND `id` = 44 LIMIT 1   [ RunTime:0.0002s ]
INFO: Run Behavior\ParseTemplateBehavior [ RunTime:0.148821s ]
INFO: [ view_parse ] --END-- [ RunTime:0.148986s ]
INFO: [ view_filter ] --START--
INFO: Run Behavior\WriteHtmlCacheBehavior [ RunTime:0.001205s ]
INFO: [ view_filter ] --END-- [ RunTime:0.001288s ]
INFO: [ app_end ] --START--
INFO: Run Behavior\ShowPageTraceBehavior [ RunTime:0.003163s ]
INFO: [ app_end ] --END-- [ RunTime:0.003294s ]

[ 2017-05-09T10:48:18+08:00 ] 115.171.31.101 /
NOTIC: [8] Undefined index: cart /home/DemoRoot/ewshop/Ewshop/Weixin/Controller/HomeController.class.php 第 139 行.
NOTIC: [8] Undefined index: cart /home/DemoRoot/ewshop/Ewshop/Weixin/Controller/HomeController.class.php 第 153 行.
SQL: SHOW COLUMNS FROM `ewshop_ad` [ RunTime:0.0005s ]
SQL: SELECT * FROM `ewshop_ad` WHERE ( place=14 ) ORDER BY px ASC,id DESC  [ RunTime:0.0003s ]
SQL: SHOW COLUMNS FROM `ewshop_picture` [ RunTime:0.0005s ]
SQL: SELECT * FROM `ewshop_picture` WHERE `status` = 1 AND `id` = 912 LIMIT 1   [ RunTime:0.0003s ]
SQL: SELECT * FROM `ewshop_picture` WHERE `status` = 1 AND `id` = 911 LIMIT 1   [ RunTime:0.0002s ]
SQL: SELECT * FROM `ewshop_picture` WHERE `status` = 1 AND `id` = 910 LIMIT 1   [ RunTime:0.0002s ]
SQL: SELECT * FROM `ewshop_ad` WHERE ( place=15 ) ORDER BY px ASC,id DESC  [ RunTime:0.0002s ]
SQL: SELECT * FROM `ewshop_ad` WHERE ( place=16 ) ORDER BY px ASC,id DESC  [ RunTime:0.0002s ]
SQL: SELECT * FROM `ewshop_ad` WHERE ( place=17 ) ORDER BY px ASC,id DESC  [ RunTime:0.0002s ]
SQL: SELECT * FROM `ewshop_ad` WHERE ( place=18 ) ORDER BY px ASC,id DESC  [ RunTime:0.0002s ]
SQL: SELECT * FROM `ewshop_picture` WHERE `status` = 1 AND `id` = 920 LIMIT 1   [ RunTime:0.0002s ]
SQL: SELECT * FROM `ewshop_picture` WHERE `status` = 1 AND `id` = 920 LIMIT 1   [ RunTime:0.0002s ]
SQL: SELECT * FROM `ewshop_picture` WHERE `status` = 1 AND `id` = 920 LIMIT 1   [ RunTime:0.0002s ]
SQL: SELECT * FROM `ewshop_picture` WHERE `status` = 1 AND `id` = 920 LIMIT 1   [ RunTime:0.0002s ]
SQL: SHOW COLUMNS FROM `ewshop_category` [ RunTime:0.0010s ]
SQL: SELECT * FROM `ewshop_category` WHERE ( pid=0 and model=5 and status=1 ) ORDER BY id asc  [ RunTime:0.0004s ]
SQL: SELECT * FROM `ewshop_picture` WHERE `status` = 1 AND `id` = 914 LIMIT 1   [ RunTime:0.0002s ]
SQL: SELECT * FROM `ewshop_picture` WHERE `status` = 1 AND `id` = 915 LIMIT 1   [ RunTime:0.0002s ]
SQL: SELECT * FROM `ewshop_picture` WHERE `status` = 1 AND `id` = 919 LIMIT 1   [ RunTime:0.0002s ]
SQL: SELECT * FROM `ewshop_picture` WHERE `status` = 1 AND `id` = 917 LIMIT 1   [ RunTime:0.0002s ]
SQL: SELECT * FROM `ewshop_picture` WHERE `status` = 1 AND `id` = 913 LIMIT 1   [ RunTime:0.0002s ]
SQL: SELECT * FROM `ewshop_picture` WHERE `status` = 1 AND `id` = 918 LIMIT 1   [ RunTime:0.0002s ]
SQL: SELECT * FROM `ewshop_picture` WHERE `status` = 1 AND `id` = 918 LIMIT 1   [ RunTime:0.0002s ]
SQL: SELECT * FROM `ewshop_picture` WHERE `status` = 1 AND `id` = 916 LIMIT 1   [ RunTime:0.0002s ]
SQL: SHOW COLUMNS FROM `ewshop_document` [ RunTime:0.0011s ]
SQL: SHOW COLUMNS FROM `ewshop_document` [ RunTime:0.0010s ]
SQL: SELECT * FROM ewshop_document a INNER JOIN ewshop_document_product b on a.id=b.id  WHERE ( a.mark like "%3%" and a.status=1 ) ORDER BY a.level asc,a.id desc LIMIT 16   [ RunTime:0.0019s ]
SQL: SHOW COLUMNS FROM `ewshop_article` [ RunTime:0.0008s ]
SQL: SHOW COLUMNS FROM `ewshop_article` [ RunTime:0.0010s ]
SQL: SELECT * FROM ewshop_article a INNER JOIN ewshop_article_base b on a.id=b.id  WHERE ( status="1" and a.category_id =201 ) ORDER BY a.level asc,a.id desc LIMIT 5   [ RunTime:0.0010s ]
SQL: SELECT * FROM `ewshop_category` WHERE `display` = 1 AND `status` = 1 AND `ismenu` = 1 AND `pid` = 0  [ RunTime:0.0004s ]
SQL: SELECT * FROM `ewshop_category` WHERE `pid` = 204  [ RunTime:0.0003s ]
SQL: SELECT * FROM `ewshop_category` WHERE `pid` = 218  [ RunTime:0.0004s ]
SQL: SELECT * FROM `ewshop_category` WHERE `pid` = 300  [ RunTime:0.0002s ]
NOTIC: [8] Undefined variable: resid /home/DemoRoot/ewshop/Ewshop/Common/Common/function.php 第 1868 行.
SQL: SELECT * FROM `ewshop_category` WHERE `pid` = 301  [ RunTime:0.0003s ]
SQL: SELECT * FROM `ewshop_category` WHERE `pid` = 302  [ RunTime:0.0003s ]
NOTIC: [8] Undefined variable: resid /home/DemoRoot/ewshop/Ewshop/Common/Common/function.php 第 1868 行.
SQL: SELECT * FROM `ewshop_category` WHERE `pid` = 219  [ RunTime:0.0003s ]
SQL: SELECT * FROM `ewshop_category` WHERE `pid` = 290  [ RunTime:0.0003s ]
NOTIC: [8] Undefined variable: resid /home/DemoRoot/ewshop/Ewshop/Common/Common/function.php 第 1868 行.
SQL: SELECT * FROM `ewshop_category` WHERE `pid` = 292  [ RunTime:0.0002s ]
SQL: SELECT * FROM `ewshop_category` WHERE `pid` = 293  [ RunTime:0.0003s ]
SQL: SELECT * FROM `ewshop_category` WHERE `pid` = 428  [ RunTime:0.0002s ]
SQL: SELECT * FROM `ewshop_category` WHERE `pid` = 220  [ RunTime:0.0003s ]
SQL: SELECT * FROM `ewshop_category` WHERE `pid` = 282  [ RunTime:0.0003s ]
NOTIC: [8] Undefined variable: resid /home/DemoRoot/ewshop/Ewshop/Common/Common/function.php 第 1868 行.
SQL: SELECT * FROM `ewshop_category` WHERE `pid` = 284  [ RunTime:0.0002s ]
SQL: SELECT * FROM `ewshop_category` WHERE `pid` = 286  [ RunTime:0.0003s ]
SQL: SELECT * FROM `ewshop_category` WHERE `pid` = 221  [ RunTime:0.0003s ]
SQL: SELECT * FROM `ewshop_category` WHERE `pid` = 296  [ RunTime:0.0003s ]
NOTIC: [8] Undefined variable: resid /home/DemoRoot/ewshop/Ewshop/Common/Common/function.php 第 1868 行.
SQL: SELECT * FROM `ewshop_category` WHERE `pid` = 297  [ RunTime:0.0002s ]
SQL: SELECT * FROM `ewshop_category` WHERE `pid` = 298  [ RunTime:0.0003s ]
SQL: SELECT * FROM `ewshop_category` WHERE `pid` = 222  [ RunTime:0.0003s ]
SQL: SELECT * FROM `ewshop_category` WHERE `pid` = 236  [ RunTime:0.0002s ]
NOTIC: [8] Undefined variable: resid /home/DemoRoot/ewshop/Ewshop/Common/Common/function.php 第 1868 行.
SQL: SELECT * FROM `ewshop_category` WHERE `pid` = 303  [ RunTime:0.0003s ]
SQL: SELECT * FROM `ewshop_category` WHERE `pid` = 304  [ RunTime:0.0002s ]
SQL: SELECT * FROM `ewshop_document` WHERE `category_id` IN ('300','300','301','301','302','302','218','218','290','290','292','292','293','293','428','428','219','219','282','282','284','284','286','286','220','220','296','296','297','297','298','298','221','221','236','236','303','303','304','304','222','222','204') AND `position` >= 4 AND `status` = 1 ORDER BY level DESC ,update_time DESC , create_time DESC LIMIT 1   [ RunTime:0.0017s ]
SQL: SELECT * FROM `ewshop_category` WHERE `pid` = 205  [ RunTime:0.0004s ]
SQL: SELECT * FROM `ewshop_category` WHERE `pid` = 245  [ RunTime:0.0003s ]
SQL: SELECT * FROM `ewshop_category` WHERE `pid` = 309  [ RunTime:0.0003s ]
NOTIC: [8] Undefined variable: resid /home/DemoRoot/ewshop/Ewshop/Common/Common/function.php 第 1868 行.
SQL: SELECT * FROM `ewshop_category` WHERE `pid` = 312  [ RunTime:0.0002s ]
NOTIC: [8] Undefined variable: resid /home/DemoRoot/ewshop/Ewshop/Common/Common/function.php 第 1868 行.
SQL: SELECT * FROM `ewshop_category` WHERE `pid` = 246  [ RunTime:0.0003s ]
SQL: SELECT * FROM `ewshop_category` WHERE `pid` = 319  [ RunTime:0.0003s ]
NOTIC: [8] Undefined variable: resid /home/DemoRoot/ewshop/Ewshop/Common/Common/function.php 第 1868 行.
SQL: SELECT * FROM `ewshop_category` WHERE `pid` = 320  [ RunTime:0.0002s ]
SQL: SELECT * FROM `ewshop_category` WHERE `pid` = 321  [ RunTime:0.0003s ]
SQL: SELECT * FROM `ewshop_category` WHERE `pid` = 305  [ RunTime:0.0003s ]
SQL: SELECT * FROM `ewshop_category` WHERE `pid` = 315  [ RunTime:0.0003s ]
NOTIC: [8] Undefined variable: resid /home/DemoRoot/ewshop/Ewshop/Common/Common/function.php 第 1868 行.
SQL: SELECT * FROM `ewshop_category` WHERE `pid` = 316  [ RunTime:0.0003s ]
SQL: SELECT * FROM `ewshop_category` WHERE `pid` = 318  [ RunTime:0.0002s ]
SQL: SELECT * FROM `ewshop_category` WHERE `pid` = 307  [ RunTime:0.0003s ]
SQL: SELECT * FROM `ewshop_category` WHERE `pid` = 327  [ RunTime:0.0002s ]
NOTIC: [8] Undefined variable: resid /home/DemoRoot/ewshop/Ewshop/Common/Common/function.php 第 1868 行.
SQL: SELECT * FROM `ewshop_category` WHERE `pid` = 329  [ RunTime:0.0003s ]
SQL: SELECT * FROM `ewshop_category` WHERE `pid` = 331  [ RunTime:0.0003s ]
SQL: SELECT * FROM `ewshop_document` WHERE `category_id` IN ('309','309','312','312','245','245','319','319','320','320','321','321','246','246','315','315','316','316','318','318','305','305','327','327','329','329','331','331','307','307','205') AND `position` >= 4 AND `status` = 1 ORDER BY level DESC ,update_time DESC , create_time DESC LIMIT 1   [ RunTime:0.0009s ]
SQL: SELECT * FROM `ewshop_category` WHERE `pid` = 206  [ RunTime:0.0004s ]
SQL: SELECT * FROM `ewshop_category` WHERE `pid` = 243  [ RunTime:0.0003s ]
SQL: SELECT * FROM `ewshop_category` WHERE `pid` = 252  [ RunTime:0.0003s ]
NOTIC: [8] Undefined variable: resid /home/DemoRoot/ewshop/Ewshop/Common/Common/function.php 第 1868 行.
SQL: SELECT * FROM `ewshop_category` WHERE `pid` = 253  [ RunTime:0.0003s ]
SQL: SELECT * FROM `ewshop_category` WHERE `pid` = 254  [ RunTime:0.0002s ]
SQL: SELECT * FROM `ewshop_category` WHERE `pid` = 255  [ RunTime:0.0003s ]
SQL: SELECT * FROM `ewshop_category` WHERE `pid` = 256  [ RunTime:0.0002s ]
SQL: SELECT * FROM `ewshop_category` WHERE `pid` = 257  [ RunTime:0.0003s ]
NOTIC: [8] Undefined variable: resid /home/DemoRoot/ewshop/Ewshop/Common/Common/function.php 第 1868 行.
SQL: SELECT * FROM `ewshop_category` WHERE `pid` = 244  [ RunTime:0.0003s ]
SQL: SELECT * FROM `ewshop_category` WHERE `pid` = 258  [ RunTime:0.0003s ]
NOTIC: [8] Undefined variable: resid /home/DemoRoot/ewshop/Ewshop/Common/Common/function.php 第 1868 行.
SQL: SELECT * FROM `ewshop_category` WHERE `pid` = 259  [ RunTime:0.0003s ]
SQL: SELECT * FROM `ewshop_category` WHERE `pid` = 260  [ RunTime:0.0002s ]
SQL: SELECT * FROM `ewshop_category` WHERE `pid` = 261  [ RunTime:0.0003s ]
SQL: SELECT * FROM `ewshop_category` WHERE `pid` = 262  [ RunTime:0.0002s ]
SQL: SELECT * FROM `ewshop_category` WHERE `pid` = 249  [ RunTime:0.0004s ]
SQL: SELECT * FROM `ewshop_category` WHERE `pid` = 263  [ RunTime:0.0002s ]
NOTIC: [8] Undefined variable: resid /home/DemoRoot/ewshop/Ewshop/Common/Common/function.php 第 1868 行.
SQL: SELECT * FROM `ewshop_category` WHERE `pid` = 264  [ RunTime:0.0002s ]
SQL: SELECT * FROM `ewshop_category` WHERE `pid` = 265  [ RunTime:0.0002s ]
SQL: SELECT * FROM `ewshop_category` WHERE `pid` = 266  [ RunTime:0.0002s ]
SQL: SELECT * FROM `ewshop_category` WHERE `pid` = 267  [ RunTime:0.0002s ]
SQL: SELECT * FROM `ewshop_category` WHERE `pid` = 268  [ RunTime:0.0003s ]
SQL: SELECT * FROM `ewshop_category` WHERE `pid` = 250  [ RunTime:0.0003s ]
SQL: SELECT * FROM `ewshop_category` WHERE `pid` = 269  [ RunTime:0.0002s ]
NOTIC: [8] Undefined variable: resid /home/DemoRoot/ewshop/Ewshop/Common/Common/function.php 第 1868 行.
SQL: SELECT * FROM `ewshop_category` WHERE `pid` = 270  [ RunTime:0.0003s ]
SQL: SELECT * FROM `ewshop_category` WHERE `pid` = 271  [ RunTime:0.0002s ]
SQL: SELECT * FROM `ewshop_category` WHERE `pid` = 251  [ RunTime:0.0003s ]
SQL: SELECT * FROM `ewshop_category` WHERE `pid` = 272  [ RunTime:0.0003s ]
NOTIC: [8] Undefined variable: resid /home/DemoRoot/ewshop/Ewshop/Common/Common/function.php 第 1868 行.
SQL: SELECT * FROM `ewshop_category` WHERE `pid` = 273  [ RunTime:0.0002s ]
SQL: SELECT * FROM `ewshop_category` WHERE `pid` = 274  [ RunTime:0.0003s ]
SQL: SELECT * FROM `ewshop_category` WHERE `pid` = 275  [ RunTime:0.0002s ]
SQL: SELECT * FROM `ewshop_document` WHERE `category_id` IN ('252','252','253','253','254','254','255','255','256','256','257','257','243','243','258','258','259','259','260','260','261','261','262','262','244','244','263','263','264','264','265','265','266','266','267','267','268','268','249','249','269','269','270','270','271','271','250','250','272','272','273','273','274','274','275','275','251','251','206') AND `position` >= 4 AND `status` = 1 ORDER BY level DESC ,update_time DESC , create_time DESC LIMIT 1   [ RunTime:0.0012s ]
SQL: SELECT * FROM `ewshop_category` WHERE `pid` = 213  [ RunTime:0.0003s ]
SQL: SELECT * FROM `ewshop_category` WHERE `pid` = 240  [ RunTime:0.0003s ]
SQL: SELECT * FROM `ewshop_category` WHERE `pid` = 347  [ RunTime:0.0002s ]
NOTIC: [8] Undefined variable: resid /home/DemoRoot/ewshop/Ewshop/Common/Common/function.php 第 1868 行.
SQL: SELECT * FROM `ewshop_category` WHERE `pid` = 348  [ RunTime:0.0003s ]
SQL: SELECT * FROM `ewshop_category` WHERE `pid` = 349  [ RunTime:0.0002s ]
NOTIC: [8] Undefined variable: resid /home/DemoRoot/ewshop/Ewshop/Common/Common/function.php 第 1868 行.
SQL: SELECT * FROM `ewshop_category` WHERE `pid` = 241  [ RunTime:0.0004s ]
SQL: SELECT * FROM `ewshop_category` WHERE `pid` = 341  [ RunTime:0.0003s ]
NOTIC: [8] Undefined variable: resid /home/DemoRoot/ewshop/Ewshop/Common/Common/function.php 第 1868 行.
SQL: SELECT * FROM `ewshop_category` WHERE `pid` = 342  [ RunTime:0.0002s ]
SQL: SELECT * FROM `ewshop_category` WHERE `pid` = 242  [ RunTime:0.0007s ]
SQL: SELECT * FROM `ewshop_category` WHERE `pid` = 343  [ RunTime:0.0003s ]
NOTIC: [8] Undefined variable: resid /home/DemoRoot/ewshop/Ewshop/Common/Common/function.php 第 1868 行.
SQL: SELECT * FROM `ewshop_category` WHERE `pid` = 344  [ RunTime:0.0002s ]
SQL: SELECT * FROM `ewshop_category` WHERE `pid` = 345  [ RunTime:0.0002s ]
SQL: SELECT * FROM `ewshop_category` WHERE `pid` = 346  [ RunTime:0.0002s ]
SQL: SELECT * FROM `ewshop_document` WHERE `category_id` IN ('347','347','348','348','349','349','240','240','341','341','342','342','241','241','343','343','344','344','345','345','346','346','242','242','213') AND `position` >= 4 AND `status` = 1 ORDER BY level DESC ,update_time DESC , create_time DESC LIMIT 1   [ RunTime:0.0005s ]
SQL: SELECT * FROM `ewshop_category` WHERE `pid` = 214  [ RunTime:0.0003s ]
SQL: SELECT * FROM `ewshop_category` WHERE `pid` = 239  [ RunTime:0.0002s ]
SQL: SELECT * FROM `ewshop_category` WHERE `pid` = 424  [ RunTime:0.0002s ]
NOTIC: [8] Undefined variable: resid /home/DemoRoot/ewshop/Ewshop/Common/Common/function.php 第 1868 行.
SQL: SELECT * FROM `ewshop_category` WHERE `pid` = 421  [ RunTime:0.0002s ]
SQL: SELECT * FROM `ewshop_category` WHERE `pid` = 422  [ RunTime:0.0002s ]
SQL: SELECT * FROM `ewshop_category` WHERE `pid` = 423  [ RunTime:0.0002s ]
NOTIC: [8] Undefined variable: resid /home/DemoRoot/ewshop/Ewshop/Common/Common/function.php 第 1868 行.
SQL: SELECT * FROM `ewshop_category` WHERE `pid` = 247  [ RunTime:0.0002s ]
SQL: SELECT * FROM `ewshop_category` WHERE `pid` = 415  [ RunTime:0.0002s ]
NOTIC: [8] Undefined variable: resid /home/DemoRoot/ewshop/Ewshop/Common/Common/function.php 第 1868 行.
SQL: SELECT * FROM `ewshop_category` WHERE `pid` = 416  [ RunTime:0.0002s ]
SQL: SELECT * FROM `ewshop_category` WHERE `pid` = 417  [ RunTime:0.0002s ]
SQL: SELECT * FROM `ewshop_category` WHERE `pid` = 418  [ RunTime:0.0002s ]
SQL: SELECT * FROM `ewshop_category` WHERE `pid` = 419  [ RunTime:0.0003s ]
SQL: SELECT * FROM `ewshop_category` WHERE `pid` = 420  [ RunTime:0.0002s ]
SQL: SELECT * FROM `ewshop_category` WHERE `pid` = 248  [ RunTime:0.0003s ]
SQL: SELECT * FROM `ewshop_category` WHERE `pid` = 425  [ RunTime:0.0002s ]
NOTIC: [8] Undefined variable: resid /home/DemoRoot/ewshop/Ewshop/Common/Common/function.php 第 1868 行.
SQL: SELECT * FROM `ewshop_category` WHERE `pid` = 426  [ RunTime:0.0002s ]
SQL: SELECT * FROM `ewshop_document` WHERE `category_id` IN ('424','424','421','421','422','422','423','423','239','239','415','415','416','416','417','417','418','418','419','419','420','420','247','247','425','425','426','426','248','248','214') AND `position` >= 4 AND `status` = 1 ORDER BY level DESC ,update_time DESC , create_time DESC LIMIT 1   [ RunTime:0.0006s ]
SQL: SELECT * FROM `ewshop_category` WHERE `pid` = 215  [ RunTime:0.0006s ]
SQL: SELECT * FROM `ewshop_category` WHERE `pid` = 233  [ RunTime:0.0002s ]
SQL: SELECT * FROM `ewshop_category` WHERE `pid` = 401  [ RunTime:0.0003s ]
NOTIC: [8] Undefined variable: resid /home/DemoRoot/ewshop/Ewshop/Common/Common/function.php 第 1868 行.
SQL: SELECT * FROM `ewshop_category` WHERE `pid` = 403  [ RunTime:0.0002s ]
SQL: SELECT * FROM `ewshop_category` WHERE `pid` = 405  [ RunTime:0.0003s ]
NOTIC: [8] Undefined variable: resid /home/DemoRoot/ewshop/Ewshop/Common/Common/function.php 第 1868 行.
SQL: SELECT * FROM `ewshop_category` WHERE `pid` = 234  [ RunTime:0.0005s ]
SQL: SELECT * FROM `ewshop_category` WHERE `pid` = 392  [ RunTime:0.0003s ]
NOTIC: [8] Undefined variable: resid /home/DemoRoot/ewshop/Ewshop/Common/Common/function.php 第 1868 行.
SQL: SELECT * FROM `ewshop_category` WHERE `pid` = 393  [ RunTime:0.0003s ]
SQL: SELECT * FROM `ewshop_category` WHERE `pid` = 395  [ RunTime:0.0002s ]
SQL: SELECT * FROM `ewshop_category` WHERE `pid` = 396  [ RunTime:0.0003s ]
SQL: SELECT * FROM `ewshop_category` WHERE `pid` = 397  [ RunTime:0.0003s ]
SQL: SELECT * FROM `ewshop_category` WHERE `pid` = 398  [ RunTime:0.0003s ]
SQL: SELECT * FROM `ewshop_category` WHERE `pid` = 399  [ RunTime:0.0002s ]
SQL: SELECT * FROM `ewshop_category` WHERE `pid` = 400  [ RunTime:0.0002s ]
SQL: SELECT * FROM `ewshop_category` WHERE `pid` = 235  [ RunTime:0.0003s ]
SQL: SELECT * FROM `ewshop_category` WHERE `pid` = 385  [ RunTime:0.0003s ]
NOTIC: [8] Undefined variable: resid /home/DemoRoot/ewshop/Ewshop/Common/Common/function.php 第 1868 行.
SQL: SELECT * FROM `ewshop_category` WHERE `pid` = 386  [ RunTime:0.0002s ]
SQL: SELECT * FROM `ewshop_category` WHERE `pid` = 387  [ RunTime:0.0003s ]
SQL: SELECT * FROM `ewshop_category` WHERE `pid` = 388  [ RunTime:0.0002s ]
SQL: SELECT * FROM `ewshop_category` WHERE `pid` = 389  [ RunTime:0.0002s ]
SQL: SELECT * FROM `ewshop_category` WHERE `pid` = 390  [ RunTime:0.0002s ]
SQL: SELECT * FROM `ewshop_category` WHERE `pid` = 391  [ RunTime:0.0002s ]
SQL: SELECT * FROM `ewshop_category` WHERE `pid` = 394  [ RunTime:0.0004s ]
SQL: SELECT * FROM `ewshop_document` WHERE `category_id` IN ('401','401','403','403','405','405','233','233','392','392','393','393','395','395','396','396','397','397','398','398','399','399','400','400','234','234','385','385','386','386','387','387','388','388','389','389','390','390','391','391','394','394','235','235','215') AND `position` >= 4 AND `status` = 1 ORDER BY level DESC ,update_time DESC , create_time DESC LIMIT 1   [ RunTime:0.0009s ]
SQL: SELECT * FROM `ewshop_category` WHERE `pid` = 216  [ RunTime:0.0003s ]
SQL: SELECT * FROM `ewshop_category` WHERE `pid` = 228  [ RunTime:0.0003s ]
SQL: SELECT * FROM `ewshop_category` WHERE `pid` = 367  [ RunTime:0.0002s ]
NOTIC: [8] Undefined variable: resid /home/DemoRoot/ewshop/Ewshop/Common/Common/function.php 第 1868 行.
SQL: SELECT * FROM `ewshop_category` WHERE `pid` = 369  [ RunTime:0.0002s ]
SQL: SELECT * FROM `ewshop_category` WHERE `pid` = 370  [ RunTime:0.0002s ]
SQL: SELECT * FROM `ewshop_category` WHERE `pid` = 372  [ RunTime:0.0002s ]
NOTIC: [8] Undefined variable: resid /home/DemoRoot/ewshop/Ewshop/Common/Common/function.php 第 1868 行.
SQL: SELECT * FROM `ewshop_category` WHERE `pid` = 229  [ RunTime:0.0003s ]
SQL: SELECT * FROM `ewshop_category` WHERE `pid` = 373  [ RunTime:0.0002s ]
NOTIC: [8] Undefined variable: resid /home/DemoRoot/ewshop/Ewshop/Common/Common/function.php 第 1868 行.
SQL: SELECT * FROM `ewshop_category` WHERE `pid` = 374  [ RunTime:0.0002s ]
SQL: SELECT * FROM `ewshop_category` WHERE `pid` = 375  [ RunTime:0.0002s ]
SQL: SELECT * FROM `ewshop_category` WHERE `pid` = 376  [ RunTime:0.0002s ]
SQL: SELECT * FROM `ewshop_category` WHERE `pid` = 377  [ RunTime:0.0002s ]
SQL: SELECT * FROM `ewshop_category` WHERE `pid` = 379  [ RunTime:0.0002s ]
SQL: SELECT * FROM `ewshop_category` WHERE `pid` = 380  [ RunTime:0.0002s ]
SQL: SELECT * FROM `ewshop_category` WHERE `pid` = 230  [ RunTime:0.0003s ]
SQL: SELECT * FROM `ewshop_category` WHERE `pid` = 381  [ RunTime:0.0002s ]
NOTIC: [8] Undefined variable: resid /home/DemoRoot/ewshop/Ewshop/Common/Common/function.php 第 1868 行.
SQL: SELECT * FROM `ewshop_category` WHERE `pid` = 382  [ RunTime:0.0002s ]
SQL: SELECT * FROM `ewshop_category` WHERE `pid` = 383  [ RunTime:0.0002s ]
SQL: SELECT * FROM `ewshop_category` WHERE `pid` = 384  [ RunTime:0.0002s ]
SQL: SELECT * FROM `ewshop_category` WHERE `pid` = 231  [ RunTime:0.0003s ]
SQL: SELECT * FROM `ewshop_category` WHERE `pid` = 339  [ RunTime:0.0002s ]
NOTIC: [8] Undefined variable: resid /home/DemoRoot/ewshop/Ewshop/Common/Common/function.php 第 1868 行.
SQL: SELECT * FROM `ewshop_category` WHERE `pid` = 340  [ RunTime:0.0002s ]
SQL: SELECT * FROM `ewshop_category` WHERE `pid` = 350  [ RunTime:0.0002s ]
SQL: SELECT * FROM `ewshop_category` WHERE `pid` = 351  [ RunTime:0.0002s ]
SQL: SELECT * FROM `ewshop_category` WHERE `pid` = 352  [ RunTime:0.0002s ]
SQL: SELECT * FROM `ewshop_category` WHERE `pid` = 353  [ RunTime:0.0002s ]
SQL: SELECT * FROM `ewshop_category` WHERE `pid` = 354  [ RunTime:0.0002s ]
SQL: SELECT * FROM `ewshop_category` WHERE `pid` = 355  [ RunTime:0.0002s ]
SQL: SELECT * FROM `ewshop_category` WHERE `pid` = 356  [ RunTime:0.0002s ]
SQL: SELECT * FROM `ewshop_category` WHERE `pid` = 232  [ RunTime:0.0004s ]
SQL: SELECT * FROM `ewshop_category` WHERE `pid` = 357  [ RunTime:0.0002s ]
NOTIC: [8] Undefined variable: resid /home/DemoRoot/ewshop/Ewshop/Common/Common/function.php 第 1868 行.
SQL: SELECT * FROM `ewshop_category` WHERE `pid` = 358  [ RunTime:0.0002s ]
SQL: SELECT * FROM `ewshop_category` WHERE `pid` = 359  [ RunTime:0.0002s ]
SQL: SELECT * FROM `ewshop_category` WHERE `pid` = 360  [ RunTime:0.0002s ]
SQL: SELECT * FROM `ewshop_category` WHERE `pid` = 361  [ RunTime:0.0002s ]
SQL: SELECT * FROM `ewshop_category` WHERE `pid` = 362  [ RunTime:0.0002s ]
SQL: SELECT * FROM `ewshop_category` WHERE `pid` = 363  [ RunTime:0.0002s ]
SQL: SELECT * FROM `ewshop_category` WHERE `pid` = 364  [ RunTime:0.0002s ]
SQL: SELECT * FROM `ewshop_category` WHERE `pid` = 365  [ RunTime:0.0002s ]
SQL: SELECT * FROM `ewshop_category` WHERE `pid` = 366  [ RunTime:0.0003s ]
SQL: SELECT * FROM `ewshop_document` WHERE `category_id` IN ('367','367','369','369','370','370','372','372','228','228','373','373','374','374','375','375','376','376','377','377','379','379','380','380','229','229','381','381','382','382','383','383','384','384','230','230','339','339','340','340','350','350','351','351','352','352','353','353','354','354','355','355','356','356','231','231','357','357','358','358','359','359','360','360','361','361','362','362','363','363','364','364','365','365','366','366','232','232','216') AND `position` >= 4 AND `status` = 1 ORDER BY level DESC ,update_time DESC , create_time DESC LIMIT 1   [ RunTime:0.0008s ]
SQL: SELECT * FROM `ewshop_category` WHERE `pid` = 217  [ RunTime:0.0003s ]
SQL: SELECT * FROM `ewshop_category` WHERE `pid` = 223  [ RunTime:0.0003s ]
SQL: SELECT * FROM `ewshop_category` WHERE `pid` = 326  [ RunTime:0.0002s ]
NOTIC: [8] Undefined variable: resid /home/DemoRoot/ewshop/Ewshop/Common/Common/function.php 第 1868 行.
SQL: SELECT * FROM `ewshop_category` WHERE `pid` = 328  [ RunTime:0.0003s ]
SQL: SELECT * FROM `ewshop_category` WHERE `pid` = 330  [ RunTime:0.0002s ]
SQL: SELECT * FROM `ewshop_category` WHERE `pid` = 332  [ RunTime:0.0006s ]
SQL: SELECT * FROM `ewshop_category` WHERE `pid` = 333  [ RunTime:0.0003s ]
SQL: SELECT * FROM `ewshop_category` WHERE `pid` = 334  [ RunTime:0.0002s ]
SQL: SELECT * FROM `ewshop_category` WHERE `pid` = 335  [ RunTime:0.0002s ]
SQL: SELECT * FROM `ewshop_category` WHERE `pid` = 336  [ RunTime:0.0002s ]
SQL: SELECT * FROM `ewshop_category` WHERE `pid` = 337  [ RunTime:0.0002s ]
SQL: SELECT * FROM `ewshop_category` WHERE `pid` = 338  [ RunTime:0.0002s ]
NOTIC: [8] Undefined variable: resid /home/DemoRoot/ewshop/Ewshop/Common/Common/function.php 第 1868 行.
SQL: SELECT * FROM `ewshop_category` WHERE `pid` = 224  [ RunTime:0.0003s ]
SQL: SELECT * FROM `ewshop_category` WHERE `pid` = 306  [ RunTime:0.0002s ]
NOTIC: [8] Undefined variable: resid /home/DemoRoot/ewshop/Ewshop/Common/Common/function.php 第 1868 行.
SQL: SELECT * FROM `ewshop_category` WHERE `pid` = 308  [ RunTime:0.0002s ]
SQL: SELECT * FROM `ewshop_category` WHERE `pid` = 311  [ RunTime:0.0002s ]
SQL: SELECT * FROM `ewshop_category` WHERE `pid` = 313  [ RunTime:0.0002s ]
SQL: SELECT * FROM `ewshop_category` WHERE `pid` = 314  [ RunTime:0.0002s ]
SQL: SELECT * FROM `ewshop_category` WHERE `pid` = 317  [ RunTime:0.0002s ]
SQL: SELECT * FROM `ewshop_category` WHERE `pid` = 322  [ RunTime:0.0002s ]
SQL: SELECT * FROM `ewshop_category` WHERE `pid` = 323  [ RunTime:0.0002s ]
SQL: SELECT * FROM `ewshop_category` WHERE `pid` = 324  [ RunTime:0.0002s ]
SQL: SELECT * FROM `ewshop_category` WHERE `pid` = 325  [ RunTime:0.0002s ]
SQL: SELECT * FROM `ewshop_category` WHERE `pid` = 225  [ RunTime:0.0003s ]
SQL: SELECT * FROM `ewshop_category` WHERE `pid` = 288  [ RunTime:0.0003s ]
NOTIC: [8] Undefined variable: resid /home/DemoRoot/ewshop/Ewshop/Common/Common/function.php 第 1868 行.
SQL: SELECT * FROM `ewshop_category` WHERE `pid` = 289  [ RunTime:0.0002s ]
SQL: SELECT * FROM `ewshop_category` WHERE `pid` = 291  [ RunTime:0.0003s ]
SQL: SELECT * FROM `ewshop_category` WHERE `pid` = 294  [ RunTime:0.0002s ]
SQL: SELECT * FROM `ewshop_category` WHERE `pid` = 295  [ RunTime:0.0003s ]
SQL: SELECT * FROM `ewshop_category` WHERE `pid` = 299  [ RunTime:0.0002s ]
SQL: SELECT * FROM `ewshop_category` WHERE `pid` = 226  [ RunTime:0.0003s ]
SQL: SELECT * FROM `ewshop_category` WHERE `pid` = 280  [ RunTime:0.0002s ]
NOTIC: [8] Undefined variable: resid /home/DemoRoot/ewshop/Ewshop/Common/Common/function.php 第 1868 行.
SQL: SELECT * FROM `ewshop_category` WHERE `pid` = 281  [ RunTime:0.0003s ]
SQL: SELECT * FROM `ewshop_category` WHERE `pid` = 283  [ RunTime:0.0002s ]
SQL: SELECT * FROM `ewshop_category` WHERE `pid` = 285  [ RunTime:0.0003s ]
SQL: SELECT * FROM `ewshop_category` WHERE `pid` = 287  [ RunTime:0.0002s ]
SQL: SELECT * FROM `ewshop_category` WHERE `pid` = 227  [ RunTime:0.0003s ]
SQL: SELECT * FROM `ewshop_category` WHERE `pid` = 276  [ RunTime:0.0002s ]
NOTIC: [8] Undefined variable: resid /home/DemoRoot/ewshop/Ewshop/Common/Common/function.php 第 1868 行.
SQL: SELECT * FROM `ewshop_category` WHERE `pid` = 277  [ RunTime:0.0002s ]
SQL: SELECT * FROM `ewshop_category` WHERE `pid` = 278  [ RunTime:0.0002s ]
SQL: SELECT * FROM `ewshop_category` WHERE `pid` = 279  [ RunTime:0.0002s ]
SQL: SELECT * FROM `ewshop_document` WHERE `category_id` IN ('326','326','328','328','330','330','332','332','333','333','334','334','335','335','336','336','337','337','338','338','223','223','306','306','308','308','311','311','313','313','314','314','317','317','322','322','323','323','324','324','325','325','224','224','288','288','289','289','291','291','294','294','295','295','299','299','225','225','280','280','281','281','283','283','285','285','287','287','226','226','276','276','277','277','278','278','279','279','227','227','217') AND `position` >= 4 AND `status` = 1 ORDER BY level DESC ,update_time DESC , create_time DESC LIMIT 1   [ RunTime:0.0009s ]
SQL: SHOW COLUMNS FROM `ewshop_category` [ RunTime:0.0010s ]
SQL: SELECT `id`,`name`,`pid`,`title` FROM `ewshop_category` WHERE ( display="1" and ismenu="1"  ) ORDER BY sort desc  [ RunTime:0.0006s ]
SQL: SHOW COLUMNS FROM `ewshop_document` [ RunTime:0.0013s ]
SQL: SHOW COLUMNS FROM `ewshop_category` [ RunTime:0.0012s ]
SQL: SELECT `id` FROM `ewshop_category` WHERE ( display=1 and pid=0 )  [ RunTime:0.0003s ]
NOTIC: [8] Undefined variable: cart /home/DemoRoot/ewshop/Ewshop/Weixin/Controller/IndexController.class.php 第 129 行.
NOTIC: [8] Undefined index: cart /home/DemoRoot/ewshop/Ewshop/Weixin/Controller/IndexController.class.php 第 131 行.
NOTIC: [8] Undefined index: ajax /home/DemoRoot/ewshop/Ewshop/Weixin/Controller/IndexController.class.php 第 137 行.
INFO: [ view_parse ] --START--
INFO: [ template_filter ] --START--
INFO: Run Behavior\ContentReplaceBehavior [ RunTime:0.000150s ]
INFO: [ template_filter ] --END-- [ RunTime:0.000245s ]
NOTIC: [8] Undefined variable: keyword /home/DemoRoot/ewshop/Runtime/Cache/Weixin/320be3c9fa9961726d1a30f0dab648cb.php 第 19 行.
SQL: SELECT * FROM `ewshop_picture` WHERE `status` = 1 AND `id` = 912 LIMIT 1   [ RunTime:0.0004s ]
SQL: SELECT * FROM `ewshop_picture` WHERE `status` = 1 AND `id` = 911 LIMIT 1   [ RunTime:0.0002s ]
SQL: SELECT * FROM `ewshop_picture` WHERE `status` = 1 AND `id` = 910 LIMIT 1   [ RunTime:0.0002s ]
SQL: SELECT * FROM `ewshop_picture` WHERE `status` = 1 AND `id` = 914 LIMIT 1   [ RunTime:0.0002s ]
SQL: SELECT * FROM `ewshop_picture` WHERE `status` = 1 AND `id` = 915 LIMIT 1   [ RunTime:0.0002s ]
SQL: SELECT * FROM `ewshop_picture` WHERE `status` = 1 AND `id` = 919 LIMIT 1   [ RunTime:0.0002s ]
SQL: SELECT * FROM `ewshop_picture` WHERE `status` = 1 AND `id` = 917 LIMIT 1   [ RunTime:0.0002s ]
SQL: SELECT * FROM `ewshop_picture` WHERE `status` = 1 AND `id` = 913 LIMIT 1   [ RunTime:0.0002s ]
SQL: SELECT * FROM `ewshop_picture` WHERE `status` = 1 AND `id` = 918 LIMIT 1   [ RunTime:0.0002s ]
SQL: SELECT * FROM `ewshop_picture` WHERE `status` = 1 AND `id` = 918 LIMIT 1   [ RunTime:0.0002s ]
SQL: SELECT * FROM `ewshop_picture` WHERE `status` = 1 AND `id` = 916 LIMIT 1   [ RunTime:0.0001s ]
SQL: SELECT * FROM `ewshop_picture` WHERE `status` = 1 AND `id` = 920 LIMIT 1   [ RunTime:0.0002s ]
SQL: SELECT * FROM `ewshop_picture` WHERE `status` = 1 AND `id` = 920 LIMIT 1   [ RunTime:0.0002s ]
SQL: SELECT * FROM `ewshop_picture` WHERE `status` = 1 AND `id` = 920 LIMIT 1   [ RunTime:0.0001s ]
SQL: SELECT * FROM `ewshop_picture` WHERE `status` = 1 AND `id` = 920 LIMIT 1   [ RunTime:0.0001s ]
SQL: SELECT * FROM `ewshop_picture` WHERE `status` = 1 AND `id` = 957 LIMIT 1   [ RunTime:0.0002s ]
SQL: SELECT * FROM `ewshop_picture` WHERE `status` = 1 AND `id` = 958 LIMIT 1   [ RunTime:0.0002s ]
SQL: SELECT * FROM `ewshop_picture` WHERE `status` = 1 AND `id` = 951 LIMIT 1   [ RunTime:0.0001s ]
SQL: SELECT * FROM `ewshop_picture` WHERE `status` = 1 AND `id` = 672 LIMIT 1   [ RunTime:0.0002s ]
SQL: SELECT * FROM `ewshop_picture` WHERE `status` = 1 AND `id` = 204 LIMIT 1   [ RunTime:0.0002s ]
SQL: SELECT * FROM `ewshop_picture` WHERE `status` = 1 AND `id` = 84 LIMIT 1   [ RunTime:0.0002s ]
SQL: SELECT * FROM `ewshop_picture` WHERE `status` = 1 AND `id` = 69 LIMIT 1   [ RunTime:0.0003s ]
SQL: SELECT * FROM `ewshop_picture` WHERE `status` = 1 AND `id` = 64 LIMIT 1   [ RunTime:0.0002s ]
SQL: SELECT * FROM `ewshop_picture` WHERE `status` = 1 AND `id` = 60 LIMIT 1   [ RunTime:0.0002s ]
SQL: SELECT * FROM `ewshop_picture` WHERE `status` = 1 AND `id` = 61 LIMIT 1   [ RunTime:0.0002s ]
SQL: SELECT * FROM `ewshop_picture` WHERE `status` = 1 AND `id` = 60 LIMIT 1   [ RunTime:0.0002s ]
SQL: SELECT * FROM `ewshop_picture` WHERE `status` = 1 AND `id` = 59 LIMIT 1   [ RunTime:0.0002s ]
SQL: SELECT * FROM `ewshop_picture` WHERE `status` = 1 AND `id` = 704 LIMIT 1   [ RunTime:0.0002s ]
SQL: SELECT * FROM `ewshop_picture` WHERE `status` = 1 AND `id` = 708 LIMIT 1   [ RunTime:0.0002s ]
SQL: SELECT * FROM `ewshop_picture` WHERE `status` = 1 AND `id` = 808 LIMIT 1   [ RunTime:0.0002s ]
SQL: SELECT * FROM `ewshop_picture` WHERE `status` = 1 AND `id` = 44 LIMIT 1   [ RunTime:0.0001s ]
INFO: Run Behavior\ParseTemplateBehavior [ RunTime:0.041161s ]
INFO: [ view_parse ] --END-- [ RunTime:0.041215s ]
INFO: [ view_filter ] --START--
INFO: Run Behavior\WriteHtmlCacheBehavior [ RunTime:0.000322s ]
INFO: [ view_filter ] --END-- [ RunTime:0.000373s ]
INFO: [ app_end ] --START--
INFO: Run Behavior\ShowPageTraceBehavior [ RunTime:0.000627s ]
INFO: [ app_end ] --END-- [ RunTime:0.000688s ]

[ 2017-05-09T10:51:11+08:00 ] 115.171.31.101 /
NOTIC: [8] Undefined index: cart /home/DemoRoot/ewshop/Ewshop/Weixin/Controller/HomeController.class.php 第 139 行.
NOTIC: [8] Undefined index: cart /home/DemoRoot/ewshop/Ewshop/Weixin/Controller/HomeController.class.php 第 153 行.
SQL: SHOW COLUMNS FROM `ewshop_ad` [ RunTime:0.0029s ]
SQL: SELECT * FROM `ewshop_ad` WHERE ( place=14 ) ORDER BY px ASC,id DESC  [ RunTime:0.0004s ]
SQL: SHOW COLUMNS FROM `ewshop_picture` [ RunTime:0.0005s ]
SQL: SELECT * FROM `ewshop_picture` WHERE `status` = 1 AND `id` = 912 LIMIT 1   [ RunTime:0.0003s ]
SQL: SELECT * FROM `ewshop_picture` WHERE `status` = 1 AND `id` = 911 LIMIT 1   [ RunTime:0.0003s ]
SQL: SELECT * FROM `ewshop_picture` WHERE `status` = 1 AND `id` = 910 LIMIT 1   [ RunTime:0.0002s ]
SQL: SELECT * FROM `ewshop_ad` WHERE ( place=15 ) ORDER BY px ASC,id DESC  [ RunTime:0.0002s ]
SQL: SELECT * FROM `ewshop_ad` WHERE ( place=16 ) ORDER BY px ASC,id DESC  [ RunTime:0.0002s ]
SQL: SELECT * FROM `ewshop_ad` WHERE ( place=17 ) ORDER BY px ASC,id DESC  [ RunTime:0.0002s ]
SQL: SELECT * FROM `ewshop_ad` WHERE ( place=18 ) ORDER BY px ASC,id DESC  [ RunTime:0.0002s ]
SQL: SELECT * FROM `ewshop_picture` WHERE `status` = 1 AND `id` = 920 LIMIT 1   [ RunTime:0.0002s ]
SQL: SELECT * FROM `ewshop_picture` WHERE `status` = 1 AND `id` = 920 LIMIT 1   [ RunTime:0.0002s ]
SQL: SELECT * FROM `ewshop_picture` WHERE `status` = 1 AND `id` = 920 LIMIT 1   [ RunTime:0.0002s ]
SQL: SELECT * FROM `ewshop_picture` WHERE `status` = 1 AND `id` = 920 LIMIT 1   [ RunTime:0.0002s ]
SQL: SHOW COLUMNS FROM `ewshop_category` [ RunTime:0.0018s ]
SQL: SELECT * FROM `ewshop_category` WHERE ( pid=0 and model=5 and status=1 ) ORDER BY id asc  [ RunTime:0.0004s ]
SQL: SELECT * FROM `ewshop_picture` WHERE `status` = 1 AND `id` = 914 LIMIT 1   [ RunTime:0.0002s ]
SQL: SELECT * FROM `ewshop_picture` WHERE `status` = 1 AND `id` = 915 LIMIT 1   [ RunTime:0.0002s ]
SQL: SELECT * FROM `ewshop_picture` WHERE `status` = 1 AND `id` = 919 LIMIT 1   [ RunTime:0.0002s ]
SQL: SELECT * FROM `ewshop_picture` WHERE `status` = 1 AND `id` = 917 LIMIT 1   [ RunTime:0.0002s ]
SQL: SELECT * FROM `ewshop_picture` WHERE `status` = 1 AND `id` = 913 LIMIT 1   [ RunTime:0.0001s ]
SQL: SELECT * FROM `ewshop_picture` WHERE `status` = 1 AND `id` = 918 LIMIT 1   [ RunTime:0.0002s ]
SQL: SELECT * FROM `ewshop_picture` WHERE `status` = 1 AND `id` = 918 LIMIT 1   [ RunTime:0.0002s ]
SQL: SELECT * FROM `ewshop_picture` WHERE `status` = 1 AND `id` = 916 LIMIT 1   [ RunTime:0.0002s ]
SQL: SHOW COLUMNS FROM `ewshop_document` [ RunTime:0.0011s ]
SQL: SHOW COLUMNS FROM `ewshop_document` [ RunTime:0.0011s ]
SQL: SELECT * FROM ewshop_document a INNER JOIN ewshop_document_product b on a.id=b.id  WHERE ( a.mark like "%3%" and a.status=1 ) ORDER BY a.level asc,a.id desc LIMIT 16   [ RunTime:0.0017s ]
SQL: SHOW COLUMNS FROM `ewshop_article` [ RunTime:0.0006s ]
SQL: SHOW COLUMNS FROM `ewshop_article` [ RunTime:0.0007s ]
SQL: SELECT * FROM ewshop_article a INNER JOIN ewshop_article_base b on a.id=b.id  WHERE ( status="1" and a.category_id =201 ) ORDER BY a.level asc,a.id desc LIMIT 5   [ RunTime:0.0017s ]
SQL: SELECT * FROM `ewshop_category` WHERE `display` = 1 AND `status` = 1 AND `ismenu` = 1 AND `pid` = 0  [ RunTime:0.0004s ]
SQL: SELECT * FROM `ewshop_category` WHERE `pid` = 204  [ RunTime:0.0002s ]
SQL: SELECT * FROM `ewshop_category` WHERE `pid` = 218  [ RunTime:0.0003s ]
SQL: SELECT * FROM `ewshop_category` WHERE `pid` = 300  [ RunTime:0.0004s ]
NOTIC: [8] Undefined variable: resid /home/DemoRoot/ewshop/Ewshop/Common/Common/function.php 第 1868 行.
SQL: SELECT * FROM `ewshop_category` WHERE `pid` = 301  [ RunTime:0.0004s ]
SQL: SELECT * FROM `ewshop_category` WHERE `pid` = 302  [ RunTime:0.0003s ]
NOTIC: [8] Undefined variable: resid /home/DemoRoot/ewshop/Ewshop/Common/Common/function.php 第 1868 行.
SQL: SELECT * FROM `ewshop_category` WHERE `pid` = 219  [ RunTime:0.0003s ]
SQL: SELECT * FROM `ewshop_category` WHERE `pid` = 290  [ RunTime:0.0003s ]
NOTIC: [8] Undefined variable: resid /home/DemoRoot/ewshop/Ewshop/Common/Common/function.php 第 1868 行.
SQL: SELECT * FROM `ewshop_category` WHERE `pid` = 292  [ RunTime:0.0003s ]
SQL: SELECT * FROM `ewshop_category` WHERE `pid` = 293  [ RunTime:0.0003s ]
SQL: SELECT * FROM `ewshop_category` WHERE `pid` = 428  [ RunTime:0.0003s ]
SQL: SELECT * FROM `ewshop_category` WHERE `pid` = 220  [ RunTime:0.0003s ]
SQL: SELECT * FROM `ewshop_category` WHERE `pid` = 282  [ RunTime:0.0002s ]
NOTIC: [8] Undefined variable: resid /home/DemoRoot/ewshop/Ewshop/Common/Common/function.php 第 1868 行.
SQL: SELECT * FROM `ewshop_category` WHERE `pid` = 284  [ RunTime:0.0002s ]
SQL: SELECT * FROM `ewshop_category` WHERE `pid` = 286  [ RunTime:0.0003s ]
SQL: SELECT * FROM `ewshop_category` WHERE `pid` = 221  [ RunTime:0.0003s ]
SQL: SELECT * FROM `ewshop_category` WHERE `pid` = 296  [ RunTime:0.0003s ]
NOTIC: [8] Undefined variable: resid /home/DemoRoot/ewshop/Ewshop/Common/Common/function.php 第 1868 行.
SQL: SELECT * FROM `ewshop_category` WHERE `pid` = 297  [ RunTime:0.0003s ]
SQL: SELECT * FROM `ewshop_category` WHERE `pid` = 298  [ RunTime:0.0010s ]
SQL: SELECT * FROM `ewshop_category` WHERE `pid` = 222  [ RunTime:0.0007s ]
SQL: SELECT * FROM `ewshop_category` WHERE `pid` = 236  [ RunTime:0.0002s ]
NOTIC: [8] Undefined variable: resid /home/DemoRoot/ewshop/Ewshop/Common/Common/function.php 第 1868 行.
SQL: SELECT * FROM `ewshop_category` WHERE `pid` = 303  [ RunTime:0.0003s ]
SQL: SELECT * FROM `ewshop_category` WHERE `pid` = 304  [ RunTime:0.0002s ]
SQL: SELECT * FROM `ewshop_document` WHERE `category_id` IN ('300','300','301','301','302','302','218','218','290','290','292','292','293','293','428','428','219','219','282','282','284','284','286','286','220','220','296','296','297','297','298','298','221','221','236','236','303','303','304','304','222','222','204') AND `position` >= 4 AND `status` = 1 ORDER BY level DESC ,update_time DESC , create_time DESC LIMIT 1   [ RunTime:0.0015s ]
SQL: SELECT * FROM `ewshop_category` WHERE `pid` = 205  [ RunTime:0.0003s ]
SQL: SELECT * FROM `ewshop_category` WHERE `pid` = 245  [ RunTime:0.0002s ]
SQL: SELECT * FROM `ewshop_category` WHERE `pid` = 309  [ RunTime:0.0002s ]
NOTIC: [8] Undefined variable: resid /home/DemoRoot/ewshop/Ewshop/Common/Common/function.php 第 1868 行.
SQL: SELECT * FROM `ewshop_category` WHERE `pid` = 312  [ RunTime:0.0002s ]
NOTIC: [8] Undefined variable: resid /home/DemoRoot/ewshop/Ewshop/Common/Common/function.php 第 1868 行.
SQL: SELECT * FROM `ewshop_category` WHERE `pid` = 246  [ RunTime:0.0006s ]
SQL: SELECT * FROM `ewshop_category` WHERE `pid` = 319  [ RunTime:0.0002s ]
NOTIC: [8] Undefined variable: resid /home/DemoRoot/ewshop/Ewshop/Common/Common/function.php 第 1868 行.
SQL: SELECT * FROM `ewshop_category` WHERE `pid` = 320  [ RunTime:0.0002s ]
SQL: SELECT * FROM `ewshop_category` WHERE `pid` = 321  [ RunTime:0.0002s ]
SQL: SELECT * FROM `ewshop_category` WHERE `pid` = 305  [ RunTime:0.0003s ]
SQL: SELECT * FROM `ewshop_category` WHERE `pid` = 315  [ RunTime:0.0002s ]
NOTIC: [8] Undefined variable: resid /home/DemoRoot/ewshop/Ewshop/Common/Common/function.php 第 1868 行.
SQL: SELECT * FROM `ewshop_category` WHERE `pid` = 316  [ RunTime:0.0002s ]
SQL: SELECT * FROM `ewshop_category` WHERE `pid` = 318  [ RunTime:0.0002s ]
SQL: SELECT * FROM `ewshop_category` WHERE `pid` = 307  [ RunTime:0.0002s ]
SQL: SELECT * FROM `ewshop_category` WHERE `pid` = 327  [ RunTime:0.0002s ]
NOTIC: [8] Undefined variable: resid /home/DemoRoot/ewshop/Ewshop/Common/Common/function.php 第 1868 行.
SQL: SELECT * FROM `ewshop_category` WHERE `pid` = 329  [ RunTime:0.0002s ]
SQL: SELECT * FROM `ewshop_category` WHERE `pid` = 331  [ RunTime:0.0002s ]
SQL: SELECT * FROM `ewshop_document` WHERE `category_id` IN ('309','309','312','312','245','245','319','319','320','320','321','321','246','246','315','315','316','316','318','318','305','305','327','327','329','329','331','331','307','307','205') AND `position` >= 4 AND `status` = 1 ORDER BY level DESC ,update_time DESC , create_time DESC LIMIT 1   [ RunTime:0.0007s ]
SQL: SELECT * FROM `ewshop_category` WHERE `pid` = 206  [ RunTime:0.0002s ]
SQL: SELECT * FROM `ewshop_category` WHERE `pid` = 243  [ RunTime:0.0003s ]
SQL: SELECT * FROM `ewshop_category` WHERE `pid` = 252  [ RunTime:0.0002s ]
NOTIC: [8] Undefined variable: resid /home/DemoRoot/ewshop/Ewshop/Common/Common/function.php 第 1868 行.
SQL: SELECT * FROM `ewshop_category` WHERE `pid` = 253  [ RunTime:0.0002s ]
SQL: SELECT * FROM `ewshop_category` WHERE `pid` = 254  [ RunTime:0.0003s ]
SQL: SELECT * FROM `ewshop_category` WHERE `pid` = 255  [ RunTime:0.0002s ]
SQL: SELECT * FROM `ewshop_category` WHERE `pid` = 256  [ RunTime:0.0002s ]
SQL: SELECT * FROM `ewshop_category` WHERE `pid` = 257  [ RunTime:0.0002s ]
NOTIC: [8] Undefined variable: resid /home/DemoRoot/ewshop/Ewshop/Common/Common/function.php 第 1868 行.
SQL: SELECT * FROM `ewshop_category` WHERE `pid` = 244  [ RunTime:0.0003s ]
SQL: SELECT * FROM `ewshop_category` WHERE `pid` = 258  [ RunTime:0.0002s ]
NOTIC: [8] Undefined variable: resid /home/DemoRoot/ewshop/Ewshop/Common/Common/function.php 第 1868 行.
SQL: SELECT * FROM `ewshop_category` WHERE `pid` = 259  [ RunTime:0.0002s ]
SQL: SELECT * FROM `ewshop_category` WHERE `pid` = 260  [ RunTime:0.0002s ]
SQL: SELECT * FROM `ewshop_category` WHERE `pid` = 261  [ RunTime:0.0002s ]
SQL: SELECT * FROM `ewshop_category` WHERE `pid` = 262  [ RunTime:0.0002s ]
SQL: SELECT * FROM `ewshop_category` WHERE `pid` = 249  [ RunTime:0.0003s ]
SQL: SELECT * FROM `ewshop_category` WHERE `pid` = 263  [ RunTime:0.0006s ]
NOTIC: [8] Undefined variable: resid /home/DemoRoot/ewshop/Ewshop/Common/Common/function.php 第 1868 行.
SQL: SELECT * FROM `ewshop_category` WHERE `pid` = 264  [ RunTime:0.0002s ]
SQL: SELECT * FROM `ewshop_category` WHERE `pid` = 265  [ RunTime:0.0002s ]
SQL: SELECT * FROM `ewshop_category` WHERE `pid` = 266  [ RunTime:0.0002s ]
SQL: SELECT * FROM `ewshop_category` WHERE `pid` = 267  [ RunTime:0.0002s ]
SQL: SELECT * FROM `ewshop_category` WHERE `pid` = 268  [ RunTime:0.0002s ]
SQL: SELECT * FROM `ewshop_category` WHERE `pid` = 250  [ RunTime:0.0002s ]
SQL: SELECT * FROM `ewshop_category` WHERE `pid` = 269  [ RunTime:0.0006s ]
NOTIC: [8] Undefined variable: resid /home/DemoRoot/ewshop/Ewshop/Common/Common/function.php 第 1868 行.
SQL: SELECT * FROM `ewshop_category` WHERE `pid` = 270  [ RunTime:0.0002s ]
SQL: SELECT * FROM `ewshop_category` WHERE `pid` = 271  [ RunTime:0.0002s ]
SQL: SELECT * FROM `ewshop_category` WHERE `pid` = 251  [ RunTime:0.0002s ]
SQL: SELECT * FROM `ewshop_category` WHERE `pid` = 272  [ RunTime:0.0002s ]
NOTIC: [8] Undefined variable: resid /home/DemoRoot/ewshop/Ewshop/Common/Common/function.php 第 1868 行.
SQL: SELECT * FROM `ewshop_category` WHERE `pid` = 273  [ RunTime:0.0002s ]
SQL: SELECT * FROM `ewshop_category` WHERE `pid` = 274  [ RunTime:0.0002s ]
SQL: SELECT * FROM `ewshop_category` WHERE `pid` = 275  [ RunTime:0.0003s ]
SQL: SELECT * FROM `ewshop_document` WHERE `category_id` IN ('252','252','253','253','254','254','255','255','256','256','257','257','243','243','258','258','259','259','260','260','261','261','262','262','244','244','263','263','264','264','265','265','266','266','267','267','268','268','249','249','269','269','270','270','271','271','250','250','272','272','273','273','274','274','275','275','251','251','206') AND `position` >= 4 AND `status` = 1 ORDER BY level DESC ,update_time DESC , create_time DESC LIMIT 1   [ RunTime:0.0009s ]
SQL: SELECT * FROM `ewshop_category` WHERE `pid` = 213  [ RunTime:0.0003s ]
SQL: SELECT * FROM `ewshop_category` WHERE `pid` = 240  [ RunTime:0.0003s ]
SQL: SELECT * FROM `ewshop_category` WHERE `pid` = 347  [ RunTime:0.0003s ]
NOTIC: [8] Undefined variable: resid /home/DemoRoot/ewshop/Ewshop/Common/Common/function.php 第 1868 行.
SQL: SELECT * FROM `ewshop_category` WHERE `pid` = 348  [ RunTime:0.0002s ]
SQL: SELECT * FROM `ewshop_category` WHERE `pid` = 349  [ RunTime:0.0003s ]
NOTIC: [8] Undefined variable: resid /home/DemoRoot/ewshop/Ewshop/Common/Common/function.php 第 1868 行.
SQL: SELECT * FROM `ewshop_category` WHERE `pid` = 241  [ RunTime:0.0003s ]
SQL: SELECT * FROM `ewshop_category` WHERE `pid` = 341  [ RunTime:0.0003s ]
NOTIC: [8] Undefined variable: resid /home/DemoRoot/ewshop/Ewshop/Common/Common/function.php 第 1868 行.
SQL: SELECT * FROM `ewshop_category` WHERE `pid` = 342  [ RunTime:0.0002s ]
SQL: SELECT * FROM `ewshop_category` WHERE `pid` = 242  [ RunTime:0.0003s ]
SQL: SELECT * FROM `ewshop_category` WHERE `pid` = 343  [ RunTime:0.0002s ]
NOTIC: [8] Undefined variable: resid /home/DemoRoot/ewshop/Ewshop/Common/Common/function.php 第 1868 行.
SQL: SELECT * FROM `ewshop_category` WHERE `pid` = 344  [ RunTime:0.0002s ]
SQL: SELECT * FROM `ewshop_category` WHERE `pid` = 345  [ RunTime:0.0002s ]
SQL: SELECT * FROM `ewshop_category` WHERE `pid` = 346  [ RunTime:0.0002s ]
SQL: SELECT * FROM `ewshop_document` WHERE `category_id` IN ('347','347','348','348','349','349','240','240','341','341','342','342','241','241','343','343','344','344','345','345','346','346','242','242','213') AND `position` >= 4 AND `status` = 1 ORDER BY level DESC ,update_time DESC , create_time DESC LIMIT 1   [ RunTime:0.0006s ]
SQL: SELECT * FROM `ewshop_category` WHERE `pid` = 214  [ RunTime:0.0002s ]
SQL: SELECT * FROM `ewshop_category` WHERE `pid` = 239  [ RunTime:0.0002s ]
SQL: SELECT * FROM `ewshop_category` WHERE `pid` = 424  [ RunTime:0.0002s ]
NOTIC: [8] Undefined variable: resid /home/DemoRoot/ewshop/Ewshop/Common/Common/function.php 第 1868 行.
SQL: SELECT * FROM `ewshop_category` WHERE `pid` = 421  [ RunTime:0.0002s ]
SQL: SELECT * FROM `ewshop_category` WHERE `pid` = 422  [ RunTime:0.0006s ]
SQL: SELECT * FROM `ewshop_category` WHERE `pid` = 423  [ RunTime:0.0002s ]
NOTIC: [8] Undefined variable: resid /home/DemoRoot/ewshop/Ewshop/Common/Common/function.php 第 1868 行.
SQL: SELECT * FROM `ewshop_category` WHERE `pid` = 247  [ RunTime:0.0002s ]
SQL: SELECT * FROM `ewshop_category` WHERE `pid` = 415  [ RunTime:0.0002s ]
NOTIC: [8] Undefined variable: resid /home/DemoRoot/ewshop/Ewshop/Common/Common/function.php 第 1868 行.
SQL: SELECT * FROM `ewshop_category` WHERE `pid` = 416  [ RunTime:0.0002s ]
SQL: SELECT * FROM `ewshop_category` WHERE `pid` = 417  [ RunTime:0.0005s ]
SQL: SELECT * FROM `ewshop_category` WHERE `pid` = 418  [ RunTime:0.0002s ]
SQL: SELECT * FROM `ewshop_category` WHERE `pid` = 419  [ RunTime:0.0002s ]
SQL: SELECT * FROM `ewshop_category` WHERE `pid` = 420  [ RunTime:0.0002s ]
SQL: SELECT * FROM `ewshop_category` WHERE `pid` = 248  [ RunTime:0.0003s ]
SQL: SELECT * FROM `ewshop_category` WHERE `pid` = 425  [ RunTime:0.0002s ]
NOTIC: [8] Undefined variable: resid /home/DemoRoot/ewshop/Ewshop/Common/Common/function.php 第 1868 行.
SQL: SELECT * FROM `ewshop_category` WHERE `pid` = 426  [ RunTime:0.0002s ]
SQL: SELECT * FROM `ewshop_document` WHERE `category_id` IN ('424','424','421','421','422','422','423','423','239','239','415','415','416','416','417','417','418','418','419','419','420','420','247','247','425','425','426','426','248','248','214') AND `position` >= 4 AND `status` = 1 ORDER BY level DESC ,update_time DESC , create_time DESC LIMIT 1   [ RunTime:0.0006s ]
SQL: SELECT * FROM `ewshop_category` WHERE `pid` = 215  [ RunTime:0.0003s ]
SQL: SELECT * FROM `ewshop_category` WHERE `pid` = 233  [ RunTime:0.0002s ]
SQL: SELECT * FROM `ewshop_category` WHERE `pid` = 401  [ RunTime:0.0002s ]
NOTIC: [8] Undefined variable: resid /home/DemoRoot/ewshop/Ewshop/Common/Common/function.php 第 1868 行.
SQL: SELECT * FROM `ewshop_category` WHERE `pid` = 403  [ RunTime:0.0002s ]
SQL: SELECT * FROM `ewshop_category` WHERE `pid` = 405  [ RunTime:0.0004s ]
NOTIC: [8] Undefined variable: resid /home/DemoRoot/ewshop/Ewshop/Common/Common/function.php 第 1868 行.
SQL: SELECT * FROM `ewshop_category` WHERE `pid` = 234  [ RunTime:0.0004s ]
SQL: SELECT * FROM `ewshop_category` WHERE `pid` = 392  [ RunTime:0.0002s ]
NOTIC: [8] Undefined variable: resid /home/DemoRoot/ewshop/Ewshop/Common/Common/function.php 第 1868 行.
SQL: SELECT * FROM `ewshop_category` WHERE `pid` = 393  [ RunTime:0.0003s ]
SQL: SELECT * FROM `ewshop_category` WHERE `pid` = 395  [ RunTime:0.0002s ]
SQL: SELECT * FROM `ewshop_category` WHERE `pid` = 396  [ RunTime:0.0003s ]
SQL: SELECT * FROM `ewshop_category` WHERE `pid` = 397  [ RunTime:0.0002s ]
SQL: SELECT * FROM `ewshop_category` WHERE `pid` = 398  [ RunTime:0.0003s ]
SQL: SELECT * FROM `ewshop_category` WHERE `pid` = 399  [ RunTime:0.0002s ]
SQL: SELECT * FROM `ewshop_category` WHERE `pid` = 400  [ RunTime:0.0002s ]
SQL: SELECT * FROM `ewshop_category` WHERE `pid` = 235  [ RunTime:0.0003s ]
SQL: SELECT * FROM `ewshop_category` WHERE `pid` = 385  [ RunTime:0.0003s ]
NOTIC: [8] Undefined variable: resid /home/DemoRoot/ewshop/Ewshop/Common/Common/function.php 第 1868 行.
SQL: SELECT * FROM `ewshop_category` WHERE `pid` = 386  [ RunTime:0.0002s ]
SQL: SELECT * FROM `ewshop_category` WHERE `pid` = 387  [ RunTime:0.0003s ]
SQL: SELECT * FROM `ewshop_category` WHERE `pid` = 388  [ RunTime:0.0002s ]
SQL: SELECT * FROM `ewshop_category` WHERE `pid` = 389  [ RunTime:0.0002s ]
SQL: SELECT * FROM `ewshop_category` WHERE `pid` = 390  [ RunTime:0.0002s ]
SQL: SELECT * FROM `ewshop_category` WHERE `pid` = 391  [ RunTime:0.0002s ]
SQL: SELECT * FROM `ewshop_category` WHERE `pid` = 394  [ RunTime:0.0002s ]
SQL: SELECT * FROM `ewshop_document` WHERE `category_id` IN ('401','401','403','403','405','405','233','233','392','392','393','393','395','395','396','396','397','397','398','398','399','399','400','400','234','234','385','385','386','386','387','387','388','388','389','389','390','390','391','391','394','394','235','235','215') AND `position` >= 4 AND `status` = 1 ORDER BY level DESC ,update_time DESC , create_time DESC LIMIT 1   [ RunTime:0.0007s ]
SQL: SELECT * FROM `ewshop_category` WHERE `pid` = 216  [ RunTime:0.0003s ]
SQL: SELECT * FROM `ewshop_category` WHERE `pid` = 228  [ RunTime:0.0004s ]
SQL: SELECT * FROM `ewshop_category` WHERE `pid` = 367  [ RunTime:0.0003s ]
NOTIC: [8] Undefined variable: resid /home/DemoRoot/ewshop/Ewshop/Common/Common/function.php 第 1868 行.
SQL: SELECT * FROM `ewshop_category` WHERE `pid` = 369  [ RunTime:0.0002s ]
SQL: SELECT * FROM `ewshop_category` WHERE `pid` = 370  [ RunTime:0.0002s ]
SQL: SELECT * FROM `ewshop_category` WHERE `pid` = 372  [ RunTime:0.0002s ]
NOTIC: [8] Undefined variable: resid /home/DemoRoot/ewshop/Ewshop/Common/Common/function.php 第 1868 行.
SQL: SELECT * FROM `ewshop_category` WHERE `pid` = 229  [ RunTime:0.0002s ]
SQL: SELECT * FROM `ewshop_category` WHERE `pid` = 373  [ RunTime:0.0002s ]
NOTIC: [8] Undefined variable: resid /home/DemoRoot/ewshop/Ewshop/Common/Common/function.php 第 1868 行.
SQL: SELECT * FROM `ewshop_category` WHERE `pid` = 374  [ RunTime:0.0002s ]
SQL: SELECT * FROM `ewshop_category` WHERE `pid` = 375  [ RunTime:0.0002s ]
SQL: SELECT * FROM `ewshop_category` WHERE `pid` = 376  [ RunTime:0.0002s ]
SQL: SELECT * FROM `ewshop_category` WHERE `pid` = 377  [ RunTime:0.0002s ]
SQL: SELECT * FROM `ewshop_category` WHERE `pid` = 379  [ RunTime:0.0002s ]
SQL: SELECT * FROM `ewshop_category` WHERE `pid` = 380  [ RunTime:0.0002s ]
SQL: SELECT * FROM `ewshop_category` WHERE `pid` = 230  [ RunTime:0.0007s ]
SQL: SELECT * FROM `ewshop_category` WHERE `pid` = 381  [ RunTime:0.0002s ]
NOTIC: [8] Undefined variable: resid /home/DemoRoot/ewshop/Ewshop/Common/Common/function.php 第 1868 行.
SQL: SELECT * FROM `ewshop_category` WHERE `pid` = 382  [ RunTime:0.0002s ]
SQL: SELECT * FROM `ewshop_category` WHERE `pid` = 383  [ RunTime:0.0003s ]
SQL: SELECT * FROM `ewshop_category` WHERE `pid` = 384  [ RunTime:0.0002s ]
SQL: SELECT * FROM `ewshop_category` WHERE `pid` = 231  [ RunTime:0.0003s ]
SQL: SELECT * FROM `ewshop_category` WHERE `pid` = 339  [ RunTime:0.0002s ]
NOTIC: [8] Undefined variable: resid /home/DemoRoot/ewshop/Ewshop/Common/Common/function.php 第 1868 行.
SQL: SELECT * FROM `ewshop_category` WHERE `pid` = 340  [ RunTime:0.0002s ]
SQL: SELECT * FROM `ewshop_category` WHERE `pid` = 350  [ RunTime:0.0002s ]
SQL: SELECT * FROM `ewshop_category` WHERE `pid` = 351  [ RunTime:0.0067s ]
SQL: SELECT * FROM `ewshop_category` WHERE `pid` = 352  [ RunTime:0.0025s ]
SQL: SELECT * FROM `ewshop_category` WHERE `pid` = 353  [ RunTime:0.0004s ]
SQL: SELECT * FROM `ewshop_category` WHERE `pid` = 354  [ RunTime:0.0002s ]
SQL: SELECT * FROM `ewshop_category` WHERE `pid` = 355  [ RunTime:0.0033s ]
SQL: SELECT * FROM `ewshop_category` WHERE `pid` = 356  [ RunTime:0.0003s ]
SQL: SELECT * FROM `ewshop_category` WHERE `pid` = 232  [ RunTime:0.0004s ]
SQL: SELECT * FROM `ewshop_category` WHERE `pid` = 357  [ RunTime:0.0003s ]
NOTIC: [8] Undefined variable: resid /home/DemoRoot/ewshop/Ewshop/Common/Common/function.php 第 1868 行.
SQL: SELECT * FROM `ewshop_category` WHERE `pid` = 358  [ RunTime:0.0002s ]
SQL: SELECT * FROM `ewshop_category` WHERE `pid` = 359  [ RunTime:0.0002s ]
SQL: SELECT * FROM `ewshop_category` WHERE `pid` = 360  [ RunTime:0.0030s ]
SQL: SELECT * FROM `ewshop_category` WHERE `pid` = 361  [ RunTime:0.0003s ]
SQL: SELECT * FROM `ewshop_category` WHERE `pid` = 362  [ RunTime:0.0002s ]
SQL: SELECT * FROM `ewshop_category` WHERE `pid` = 363  [ RunTime:0.0002s ]
SQL: SELECT * FROM `ewshop_category` WHERE `pid` = 364  [ RunTime:0.0002s ]
SQL: SELECT * FROM `ewshop_category` WHERE `pid` = 365  [ RunTime:0.0002s ]
SQL: SELECT * FROM `ewshop_category` WHERE `pid` = 366  [ RunTime:0.0002s ]
SQL: SELECT * FROM `ewshop_document` WHERE `category_id` IN ('367','367','369','369','370','370','372','372','228','228','373','373','374','374','375','375','376','376','377','377','379','379','380','380','229','229','381','381','382','382','383','383','384','384','230','230','339','339','340','340','350','350','351','351','352','352','353','353','354','354','355','355','356','356','231','231','357','357','358','358','359','359','360','360','361','361','362','362','363','363','364','364','365','365','366','366','232','232','216') AND `position` >= 4 AND `status` = 1 ORDER BY level DESC ,update_time DESC , create_time DESC LIMIT 1   [ RunTime:0.0032s ]
SQL: SELECT * FROM `ewshop_category` WHERE `pid` = 217  [ RunTime:0.0004s ]
SQL: SELECT * FROM `ewshop_category` WHERE `pid` = 223  [ RunTime:0.0003s ]
SQL: SELECT * FROM `ewshop_category` WHERE `pid` = 326  [ RunTime:0.0002s ]
NOTIC: [8] Undefined variable: resid /home/DemoRoot/ewshop/Ewshop/Common/Common/function.php 第 1868 行.
SQL: SELECT * FROM `ewshop_category` WHERE `pid` = 328  [ RunTime:0.0026s ]
SQL: SELECT * FROM `ewshop_category` WHERE `pid` = 330  [ RunTime:0.0002s ]
SQL: SELECT * FROM `ewshop_category` WHERE `pid` = 332  [ RunTime:0.0002s ]
SQL: SELECT * FROM `ewshop_category` WHERE `pid` = 333  [ RunTime:0.0002s ]
SQL: SELECT * FROM `ewshop_category` WHERE `pid` = 334  [ RunTime:0.0002s ]
SQL: SELECT * FROM `ewshop_category` WHERE `pid` = 335  [ RunTime:0.0002s ]
SQL: SELECT * FROM `ewshop_category` WHERE `pid` = 336  [ RunTime:0.0022s ]
SQL: SELECT * FROM `ewshop_category` WHERE `pid` = 337  [ RunTime:0.0002s ]
SQL: SELECT * FROM `ewshop_category` WHERE `pid` = 338  [ RunTime:0.0003s ]
NOTIC: [8] Undefined variable: resid /home/DemoRoot/ewshop/Ewshop/Common/Common/function.php 第 1868 行.
SQL: SELECT * FROM `ewshop_category` WHERE `pid` = 224  [ RunTime:0.0033s ]
SQL: SELECT * FROM `ewshop_category` WHERE `pid` = 306  [ RunTime:0.0003s ]
NOTIC: [8] Undefined variable: resid /home/DemoRoot/ewshop/Ewshop/Common/Common/function.php 第 1868 行.
SQL: SELECT * FROM `ewshop_category` WHERE `pid` = 308  [ RunTime:0.0002s ]
SQL: SELECT * FROM `ewshop_category` WHERE `pid` = 311  [ RunTime:0.0002s ]
SQL: SELECT * FROM `ewshop_category` WHERE `pid` = 313  [ RunTime:0.0002s ]
SQL: SELECT * FROM `ewshop_category` WHERE `pid` = 314  [ RunTime:0.0002s ]
SQL: SELECT * FROM `ewshop_category` WHERE `pid` = 317  [ RunTime:0.0027s ]
SQL: SELECT * FROM `ewshop_category` WHERE `pid` = 322  [ RunTime:0.0003s ]
SQL: SELECT * FROM `ewshop_category` WHERE `pid` = 323  [ RunTime:0.0002s ]
SQL: SELECT * FROM `ewshop_category` WHERE `pid` = 324  [ RunTime:0.0002s ]
SQL: SELECT * FROM `ewshop_category` WHERE `pid` = 325  [ RunTime:0.0002s ]
SQL: SELECT * FROM `ewshop_category` WHERE `pid` = 225  [ RunTime:0.0002s ]
SQL: SELECT * FROM `ewshop_category` WHERE `pid` = 288  [ RunTime:0.0022s ]
NOTIC: [8] Undefined variable: resid /home/DemoRoot/ewshop/Ewshop/Common/Common/function.php 第 1868 行.
SQL: SELECT * FROM `ewshop_category` WHERE `pid` = 289  [ RunTime:0.0003s ]
SQL: SELECT * FROM `ewshop_category` WHERE `pid` = 291  [ RunTime:0.0003s ]
SQL: SELECT * FROM `ewshop_category` WHERE `pid` = 294  [ RunTime:0.0002s ]
SQL: SELECT * FROM `ewshop_category` WHERE `pid` = 295  [ RunTime:0.0023s ]
SQL: SELECT * FROM `ewshop_category` WHERE `pid` = 299  [ RunTime:0.0002s ]
SQL: SELECT * FROM `ewshop_category` WHERE `pid` = 226  [ RunTime:0.0002s ]
SQL: SELECT * FROM `ewshop_category` WHERE `pid` = 280  [ RunTime:0.0002s ]
NOTIC: [8] Undefined variable: resid /home/DemoRoot/ewshop/Ewshop/Common/Common/function.php 第 1868 行.
SQL: SELECT * FROM `ewshop_category` WHERE `pid` = 281  [ RunTime:0.0027s ]
SQL: SELECT * FROM `ewshop_category` WHERE `pid` = 283  [ RunTime:0.0003s ]
SQL: SELECT * FROM `ewshop_category` WHERE `pid` = 285  [ RunTime:0.0002s ]
SQL: SELECT * FROM `ewshop_category` WHERE `pid` = 287  [ RunTime:0.0002s ]
SQL: SELECT * FROM `ewshop_category` WHERE `pid` = 227  [ RunTime:0.0003s ]
SQL: SELECT * FROM `ewshop_category` WHERE `pid` = 276  [ RunTime:0.0003s ]
NOTIC: [8] Undefined variable: resid /home/DemoRoot/ewshop/Ewshop/Common/Common/function.php 第 1868 行.
SQL: SELECT * FROM `ewshop_category` WHERE `pid` = 277  [ RunTime:0.0027s ]
SQL: SELECT * FROM `ewshop_category` WHERE `pid` = 278  [ RunTime:0.0002s ]
SQL: SELECT * FROM `ewshop_category` WHERE `pid` = 279  [ RunTime:0.0002s ]
SQL: SELECT * FROM `ewshop_document` WHERE `category_id` IN ('326','326','328','328','330','330','332','332','333','333','334','334','335','335','336','336','337','337','338','338','223','223','306','306','308','308','311','311','313','313','314','314','317','317','322','322','323','323','324','324','325','325','224','224','288','288','289','289','291','291','294','294','295','295','299','299','225','225','280','280','281','281','283','283','285','285','287','287','226','226','276','276','277','277','278','278','279','279','227','227','217') AND `position` >= 4 AND `status` = 1 ORDER BY level DESC ,update_time DESC , create_time DESC LIMIT 1   [ RunTime:0.0015s ]
SQL: SHOW COLUMNS FROM `ewshop_category` [ RunTime:0.0033s ]
SQL: SELECT `id`,`name`,`pid`,`title` FROM `ewshop_category` WHERE ( display="1" and ismenu="1"  ) ORDER BY sort desc  [ RunTime:0.0009s ]
SQL: SHOW COLUMNS FROM `ewshop_document` [ RunTime:0.0017s ]
SQL: SHOW COLUMNS FROM `ewshop_category` [ RunTime:0.0046s ]
SQL: SELECT `id` FROM `ewshop_category` WHERE ( display=1 and pid=0 )  [ RunTime:0.0005s ]
NOTIC: [8] Undefined variable: cart /home/DemoRoot/ewshop/Ewshop/Weixin/Controller/IndexController.class.php 第 129 行.
NOTIC: [8] Undefined index: cart /home/DemoRoot/ewshop/Ewshop/Weixin/Controller/IndexController.class.php 第 131 行.
NOTIC: [8] Undefined index: ajax /home/DemoRoot/ewshop/Ewshop/Weixin/Controller/IndexController.class.php 第 137 行.
INFO: [ view_parse ] --START--
INFO: [ template_filter ] --START--
INFO: Run Behavior\ContentReplaceBehavior [ RunTime:0.000156s ]
INFO: [ template_filter ] --END-- [ RunTime:0.000247s ]
NOTIC: [8] Undefined variable: keyword /home/DemoRoot/ewshop/Runtime/Cache/Weixin/320be3c9fa9961726d1a30f0dab648cb.php 第 19 行.
SQL: SELECT * FROM `ewshop_picture` WHERE `status` = 1 AND `id` = 912 LIMIT 1   [ RunTime:0.0027s ]
SQL: SELECT * FROM `ewshop_picture` WHERE `status` = 1 AND `id` = 911 LIMIT 1   [ RunTime:0.0003s ]
SQL: SELECT * FROM `ewshop_picture` WHERE `status` = 1 AND `id` = 910 LIMIT 1   [ RunTime:0.0002s ]
SQL: SELECT * FROM `ewshop_picture` WHERE `status` = 1 AND `id` = 914 LIMIT 1   [ RunTime:0.0002s ]
SQL: SELECT * FROM `ewshop_picture` WHERE `status` = 1 AND `id` = 915 LIMIT 1   [ RunTime:0.0025s ]
SQL: SELECT * FROM `ewshop_picture` WHERE `status` = 1 AND `id` = 919 LIMIT 1   [ RunTime:0.0002s ]
SQL: SELECT * FROM `ewshop_picture` WHERE `status` = 1 AND `id` = 917 LIMIT 1   [ RunTime:0.0002s ]
SQL: SELECT * FROM `ewshop_picture` WHERE `status` = 1 AND `id` = 913 LIMIT 1   [ RunTime:0.0028s ]
SQL: SELECT * FROM `ewshop_picture` WHERE `status` = 1 AND `id` = 918 LIMIT 1   [ RunTime:0.0002s ]
SQL: SELECT * FROM `ewshop_picture` WHERE `status` = 1 AND `id` = 918 LIMIT 1   [ RunTime:0.0002s ]
SQL: SELECT * FROM `ewshop_picture` WHERE `status` = 1 AND `id` = 916 LIMIT 1   [ RunTime:0.0002s ]
SQL: SELECT * FROM `ewshop_picture` WHERE `status` = 1 AND `id` = 920 LIMIT 1   [ RunTime:0.0029s ]
SQL: SELECT * FROM `ewshop_picture` WHERE `status` = 1 AND `id` = 920 LIMIT 1   [ RunTime:0.0003s ]
SQL: SELECT * FROM `ewshop_picture` WHERE `status` = 1 AND `id` = 920 LIMIT 1   [ RunTime:0.0002s ]
SQL: SELECT * FROM `ewshop_picture` WHERE `status` = 1 AND `id` = 920 LIMIT 1   [ RunTime:0.0024s ]
SQL: SELECT * FROM `ewshop_picture` WHERE `status` = 1 AND `id` = 957 LIMIT 1   [ RunTime:0.0002s ]
SQL: SELECT * FROM `ewshop_picture` WHERE `status` = 1 AND `id` = 958 LIMIT 1   [ RunTime:0.0002s ]
SQL: SELECT * FROM `ewshop_picture` WHERE `status` = 1 AND `id` = 951 LIMIT 1   [ RunTime:0.0002s ]
SQL: SELECT * FROM `ewshop_picture` WHERE `status` = 1 AND `id` = 672 LIMIT 1   [ RunTime:0.0002s ]
SQL: SELECT * FROM `ewshop_picture` WHERE `status` = 1 AND `id` = 204 LIMIT 1   [ RunTime:0.0023s ]
SQL: SELECT * FROM `ewshop_picture` WHERE `status` = 1 AND `id` = 84 LIMIT 1   [ RunTime:0.0002s ]
SQL: SELECT * FROM `ewshop_picture` WHERE `status` = 1 AND `id` = 69 LIMIT 1   [ RunTime:0.0002s ]
SQL: SELECT * FROM `ewshop_picture` WHERE `status` = 1 AND `id` = 64 LIMIT 1   [ RunTime:0.0023s ]
SQL: SELECT * FROM `ewshop_picture` WHERE `status` = 1 AND `id` = 60 LIMIT 1   [ RunTime:0.0002s ]
SQL: SELECT * FROM `ewshop_picture` WHERE `status` = 1 AND `id` = 61 LIMIT 1   [ RunTime:0.0002s ]
SQL: SELECT * FROM `ewshop_picture` WHERE `status` = 1 AND `id` = 60 LIMIT 1   [ RunTime:0.0022s ]
SQL: SELECT * FROM `ewshop_picture` WHERE `status` = 1 AND `id` = 59 LIMIT 1   [ RunTime:0.0002s ]
SQL: SELECT * FROM `ewshop_picture` WHERE `status` = 1 AND `id` = 704 LIMIT 1   [ RunTime:0.0002s ]
SQL: SELECT * FROM `ewshop_picture` WHERE `status` = 1 AND `id` = 708 LIMIT 1   [ RunTime:0.0002s ]
SQL: SELECT * FROM `ewshop_picture` WHERE `status` = 1 AND `id` = 808 LIMIT 1   [ RunTime:0.0023s ]
SQL: SELECT * FROM `ewshop_picture` WHERE `status` = 1 AND `id` = 44 LIMIT 1   [ RunTime:0.0002s ]
INFO: Run Behavior\ParseTemplateBehavior [ RunTime:0.120861s ]
INFO: [ view_parse ] --END-- [ RunTime:0.120938s ]
INFO: [ view_filter ] --START--
INFO: Run Behavior\WriteHtmlCacheBehavior [ RunTime:0.000325s ]
INFO: [ view_filter ] --END-- [ RunTime:0.000377s ]
INFO: [ app_end ] --START--
INFO: Run Behavior\ShowPageTraceBehavior [ RunTime:0.000664s ]
INFO: [ app_end ] --END-- [ RunTime:0.000727s ]

