[ 2017-11-02T22:23:10+08:00 ] 223.20.175.119 /pay.php?s=/user/register.html
ERR: 模板不存在:./Ewshop/Pay/View/User/register.html

[ 2017-11-02T22:40:57+08:00 ] 223.20.175.119 /pay.php?s=/user/register.html
ERR: 模板不存在:./Ewshop/Pay/View/User/register.html

[ 2017-11-02T22:42:50+08:00 ] 223.20.175.119 /pay.php?s=/user/register.html
ERR: 模板不存在:./Ewshop/Pay/View/User/register.html

[ 2017-11-02T22:42:52+08:00 ] 223.20.175.119 /pay.php?s=/user/register.html
ERR: 模板不存在:./Ewshop/Pay/View/User/register.html

[ 2017-11-02T22:43:29+08:00 ] 223.20.175.119 /pay.php?s=/user/register.html
ERR: 模板不存在:./Ewshop/Pay/View/User/register.html

[ 2017-11-02T22:43:42+08:00 ] 223.20.175.119 /pay.php?s=/user/register.html
ERR: 模板不存在:./Ewshop/Pay/View/User/register.html

[ 2017-11-02T22:43:43+08:00 ] 223.20.175.119 /pay.php?s=/user/register.html
ERR: 模板不存在:./Ewshop/Pay/View/User/register.html

[ 2017-11-02T22:43:43+08:00 ] 223.20.175.119 /pay.php?s=/user/register.html
ERR: 模板不存在:./Ewshop/Pay/View/User/register.html

[ 2017-11-02T22:43:43+08:00 ] 223.20.175.119 /pay.php?s=/user/register.html
ERR: 模板不存在:./Ewshop/Pay/View/User/register.html

[ 2017-11-02T22:43:43+08:00 ] 223.20.175.119 /pay.php?s=/user/register.html
ERR: 模板不存在:./Ewshop/Pay/View/User/register.html

[ 2017-11-02T22:43:43+08:00 ] 223.20.175.119 /pay.php?s=/user/register.html
ERR: 模板不存在:./Ewshop/Pay/View/User/register.html

[ 2017-11-02T22:43:44+08:00 ] 223.20.175.119 /pay.php?s=/user/register.html
ERR: 模板不存在:./Ewshop/Pay/View/User/register.html

[ 2017-11-02T22:45:49+08:00 ] 223.20.175.119 /pay.php?s=/user/register.html
ERR: 模板不存在:./Ewshop/Pay/View/User/register.html

[ 2017-11-02T22:45:50+08:00 ] 223.20.175.119 /pay.php?s=/user/register.html
ERR: 模板不存在:./Ewshop/Pay/View/User/register.html

[ 2017-11-02T22:45:50+08:00 ] 223.20.175.119 /pay.php?s=/user/register.html
ERR: 模板不存在:./Ewshop/Pay/View/User/register.html

[ 2017-11-02T22:47:28+08:00 ] 223.20.175.119 /pay.php?s=/user/register.html
ERR: 模板不存在:./Ewshop/Pay/View/User/register.html

[ 2017-11-02T22:47:28+08:00 ] 223.20.175.119 /pay.php?s=/user/register.html
ERR: 模板不存在:./Ewshop/Pay/View/User/register.html

[ 2017-11-02T22:47:29+08:00 ] 223.20.175.119 /pay.php?s=/user/register.html
ERR: 模板不存在:./Ewshop/Pay/View/User/register.html

[ 2017-11-02T22:47:29+08:00 ] 223.20.175.119 /pay.php?s=/user/register.html
ERR: 模板不存在:./Ewshop/Pay/View/User/register.html

[ 2017-11-02T22:47:29+08:00 ] 223.20.175.119 /pay.php?s=/user/register.html
ERR: 模板不存在:./Ewshop/Pay/View/User/register.html

[ 2017-11-02T22:47:29+08:00 ] 223.20.175.119 /pay.php?s=/user/register.html
ERR: 模板不存在:./Ewshop/Pay/View/User/register.html

[ 2017-11-02T22:47:29+08:00 ] 223.20.175.119 /pay.php?s=/user/register.html
ERR: 模板不存在:./Ewshop/Pay/View/User/register.html

[ 2017-11-02T22:47:30+08:00 ] 223.20.175.119 /pay.php?s=/user/register.html
ERR: 模板不存在:./Ewshop/Pay/View/User/register.html

[ 2017-11-02T22:47:30+08:00 ] 223.20.175.119 /pay.php?s=/user/register.html
ERR: 模板不存在:./Ewshop/Pay/View/User/register.html

[ 2017-11-02T22:47:30+08:00 ] 223.20.175.119 /pay.php?s=/user/register.html
ERR: 模板不存在:./Ewshop/Pay/View/User/register.html

[ 2017-11-02T22:47:30+08:00 ] 223.20.175.119 /pay.php?s=/user/register.html
ERR: 模板不存在:./Ewshop/Pay/View/User/register.html

[ 2017-11-02T22:47:30+08:00 ] 223.20.175.119 /pay.php?s=/user/register.html
ERR: 模板不存在:./Ewshop/Pay/View/User/register.html

[ 2017-11-02T22:47:30+08:00 ] 223.20.175.119 /pay.php?s=/user/register.html
ERR: 模板不存在:./Ewshop/Pay/View/User/register.html

[ 2017-11-02T22:47:30+08:00 ] 223.20.175.119 /pay.php?s=/user/register.html
ERR: 模板不存在:./Ewshop/Pay/View/User/register.html

[ 2017-11-02T22:47:31+08:00 ] 223.20.175.119 /pay.php?s=/user/register.html
ERR: 模板不存在:./Ewshop/Pay/View/User/register.html

[ 2017-11-02T22:47:31+08:00 ] 223.20.175.119 /pay.php?s=/user/register.html
ERR: 模板不存在:./Ewshop/Pay/View/User/register.html

[ 2017-11-02T22:47:31+08:00 ] 223.20.175.119 /pay.php?s=/user/register.html
ERR: 模板不存在:./Ewshop/Pay/View/User/register.html

[ 2017-11-02T22:47:31+08:00 ] 223.20.175.119 /pay.php?s=/user/register.html
ERR: 模板不存在:./Ewshop/Pay/View/User/register.html

[ 2017-11-02T22:47:31+08:00 ] 223.20.175.119 /pay.php?s=/user/register.html
ERR: 模板不存在:./Ewshop/Pay/View/User/register.html

[ 2017-11-02T22:50:09+08:00 ] 223.20.175.119 /pay.php?s=/user/register.html
ERR: 模板不存在:./Ewshop/Pay/View/User/register.html

[ 2017-11-02T22:50:10+08:00 ] 223.20.175.119 /pay.php?s=/user/register.html
ERR: 模板不存在:./Ewshop/Pay/View/User/register.html

[ 2017-11-02T22:50:10+08:00 ] 223.20.175.119 /pay.php?s=/user/register.html
ERR: 模板不存在:./Ewshop/Pay/View/User/register.html

[ 2017-11-02T22:50:10+08:00 ] 223.20.175.119 /pay.php?s=/user/register.html
ERR: 模板不存在:./Ewshop/Pay/View/User/register.html

[ 2017-11-02T22:50:10+08:00 ] 223.20.175.119 /pay.php?s=/user/register.html
ERR: 模板不存在:./Ewshop/Pay/View/User/register.html

[ 2017-11-02T22:50:11+08:00 ] 223.20.175.119 /pay.php?s=/user/register.html
ERR: 模板不存在:./Ewshop/Pay/View/User/register.html

[ 2017-11-02T22:50:14+08:00 ] 223.20.175.119 /pay.php?s=/user/register.html
ERR: 模板不存在:./Ewshop/Pay/View/User/register.html

[ 2017-11-02T22:50:14+08:00 ] 223.20.175.119 /pay.php?s=/user/register.html
ERR: 模板不存在:./Ewshop/Pay/View/User/register.html

[ 2017-11-02T22:50:14+08:00 ] 223.20.175.119 /pay.php?s=/user/register.html
ERR: 模板不存在:./Ewshop/Pay/View/User/register.html

[ 2017-11-02T22:50:14+08:00 ] 223.20.175.119 /pay.php?s=/user/register.html
ERR: 模板不存在:./Ewshop/Pay/View/User/register.html

[ 2017-11-02T22:50:14+08:00 ] 223.20.175.119 /pay.php?s=/user/register.html
ERR: 模板不存在:./Ewshop/Pay/View/User/register.html

[ 2017-11-02T22:50:14+08:00 ] 223.20.175.119 /pay.php?s=/user/register.html
ERR: 模板不存在:./Ewshop/Pay/View/User/register.html

[ 2017-11-02T22:50:15+08:00 ] 223.20.175.119 /pay.php?s=/user/register.html
ERR: 模板不存在:./Ewshop/Pay/View/User/register.html

[ 2017-11-02T22:50:15+08:00 ] 223.20.175.119 /pay.php?s=/user/register.html
ERR: 模板不存在:./Ewshop/Pay/View/User/register.html

[ 2017-11-02T22:50:15+08:00 ] 223.20.175.119 /pay.php?s=/user/register.html
ERR: 模板不存在:./Ewshop/Pay/View/User/register.html

[ 2017-11-02T22:50:15+08:00 ] 223.20.175.119 /pay.php?s=/user/register.html
ERR: 模板不存在:./Ewshop/Pay/View/User/register.html

[ 2017-11-02T22:50:15+08:00 ] 223.20.175.119 /pay.php?s=/user/register.html
ERR: 模板不存在:./Ewshop/Pay/View/User/register.html

[ 2017-11-02T22:50:15+08:00 ] 223.20.175.119 /pay.php?s=/user/register.html
ERR: 模板不存在:./Ewshop/Pay/View/User/register.html

[ 2017-11-02T22:50:16+08:00 ] 223.20.175.119 /pay.php?s=/user/register.html
ERR: 模板不存在:./Ewshop/Pay/View/User/register.html

[ 2017-11-02T22:50:16+08:00 ] 223.20.175.119 /pay.php?s=/user/register.html
ERR: 模板不存在:./Ewshop/Pay/View/User/register.html

[ 2017-11-02T22:50:16+08:00 ] 223.20.175.119 /pay.php?s=/user/register.html
ERR: 模板不存在:./Ewshop/Pay/View/User/register.html

[ 2017-11-02T22:50:16+08:00 ] 223.20.175.119 /pay.php?s=/user/register.html
ERR: 模板不存在:./Ewshop/Pay/View/User/register.html

[ 2017-11-02T22:50:16+08:00 ] 223.20.175.119 /pay.php?s=/user/register.html
ERR: 模板不存在:./Ewshop/Pay/View/User/register.html

[ 2017-11-02T22:50:16+08:00 ] 223.20.175.119 /pay.php?s=/user/register.html
ERR: 模板不存在:./Ewshop/Pay/View/User/register.html

[ 2017-11-02T22:50:17+08:00 ] 223.20.175.119 /pay.php?s=/user/register.html
ERR: 模板不存在:./Ewshop/Pay/View/User/register.html

[ 2017-11-02T22:50:17+08:00 ] 223.20.175.119 /pay.php?s=/user/register.html
ERR: 模板不存在:./Ewshop/Pay/View/User/register.html

[ 2017-11-02T22:50:17+08:00 ] 223.20.175.119 /pay.php?s=/user/register.html
ERR: 模板不存在:./Ewshop/Pay/View/User/register.html

[ 2017-11-02T22:50:17+08:00 ] 223.20.175.119 /pay.php?s=/user/register.html
ERR: 模板不存在:./Ewshop/Pay/View/User/register.html

[ 2017-11-02T22:50:17+08:00 ] 223.20.175.119 /pay.php?s=/user/register.html
ERR: 模板不存在:./Ewshop/Pay/View/User/register.html

[ 2017-11-02T23:10:52+08:00 ] 223.20.175.119 /pay.php?s=/index/index.html
INFO: [ app_begin ] --START--
INFO: Run Behavior\ReadHtmlCacheBehavior [ RunTime:0.000275s ]
INFO: [ app_begin ] --END-- [ RunTime:0.000487s ]
NOTIC: [8] Undefined index: onethink_home /home/wwwroot/duobao/app/duobao/Ewshop/Pay/Controller/IndexController.class.php 第 36 行.
SQL: SHOW COLUMNS FROM `ewshop_win_exchange` [ RunTime:0.0007s ]
SQL: SELECT `goods_id` FROM `ewshop_win_exchange` WHERE `uid` = '337' AND `is_exchange` = 0 AND `exchange_number` <> ''  [ RunTime:0.0003s ]
SQL: SELECT `id`,`uid`,`order_id`,`goods_id`,`exchange_number`,`buy_num` FROM `ewshop_win_exchange` WHERE `uid` = '337' AND `is_exchange` = 0 AND `exchange_number` <> ''  [ RunTime:0.0002s ]
SQL: SHOW COLUMNS FROM `ewshop_document` [ RunTime:0.0005s ]
SQL: SELECT `id`,`real_price` FROM `ewshop_document` WHERE `id` IN ('243')  [ RunTime:0.0001s ]

[ 2017-11-02T23:12:29+08:00 ] 223.20.175.119 /pay.php?s=/index/index.html
INFO: [ app_begin ] --START--
INFO: Run Behavior\ReadHtmlCacheBehavior [ RunTime:0.000269s ]
INFO: [ app_begin ] --END-- [ RunTime:0.000483s ]
NOTIC: [8] Undefined index: onethink_home /home/wwwroot/duobao/app/duobao/Ewshop/Pay/Controller/IndexController.class.php 第 36 行.
SQL: SHOW COLUMNS FROM `ewshop_win_exchange` [ RunTime:0.0007s ]
SQL: SELECT `goods_id` FROM `ewshop_win_exchange` WHERE `uid` = '337' AND `is_exchange` = 0 AND `exchange_number` <> ''  [ RunTime:0.0003s ]
SQL: SELECT `id`,`uid`,`order_id`,`goods_id`,`exchange_number`,`buy_num` FROM `ewshop_win_exchange` WHERE `uid` = '337' AND `is_exchange` = 0 AND `exchange_number` <> ''  [ RunTime:0.0002s ]
SQL: SHOW COLUMNS FROM `ewshop_document` [ RunTime:0.0006s ]
SQL: SELECT `id`,`real_price` FROM `ewshop_document` WHERE `id` IN ('243')  [ RunTime:0.0001s ]

[ 2017-11-02T23:12:31+08:00 ] 223.20.175.119 /pay.php?s=/index/index.html
INFO: [ app_begin ] --START--
INFO: Run Behavior\ReadHtmlCacheBehavior [ RunTime:0.000280s ]
INFO: [ app_begin ] --END-- [ RunTime:0.000476s ]
NOTIC: [8] Undefined index: onethink_home /home/wwwroot/duobao/app/duobao/Ewshop/Pay/Controller/IndexController.class.php 第 36 行.
SQL: SHOW COLUMNS FROM `ewshop_win_exchange` [ RunTime:0.0007s ]
SQL: SELECT `goods_id` FROM `ewshop_win_exchange` WHERE `uid` = '337' AND `is_exchange` = 0 AND `exchange_number` <> ''  [ RunTime:0.0004s ]
SQL: SELECT `id`,`uid`,`order_id`,`goods_id`,`exchange_number`,`buy_num` FROM `ewshop_win_exchange` WHERE `uid` = '337' AND `is_exchange` = 0 AND `exchange_number` <> ''  [ RunTime:0.0002s ]
SQL: SHOW COLUMNS FROM `ewshop_document` [ RunTime:0.0005s ]
SQL: SELECT `id`,`real_price` FROM `ewshop_document` WHERE `id` IN ('243')  [ RunTime:0.0001s ]

[ 2017-11-02T23:12:31+08:00 ] 223.20.175.119 /pay.php?s=/index/index.html
INFO: [ app_begin ] --START--
INFO: Run Behavior\ReadHtmlCacheBehavior [ RunTime:0.000300s ]
INFO: [ app_begin ] --END-- [ RunTime:0.000526s ]
NOTIC: [8] Undefined index: onethink_home /home/wwwroot/duobao/app/duobao/Ewshop/Pay/Controller/IndexController.class.php 第 36 行.
SQL: SHOW COLUMNS FROM `ewshop_win_exchange` [ RunTime:0.0007s ]
SQL: SELECT `goods_id` FROM `ewshop_win_exchange` WHERE `uid` = '337' AND `is_exchange` = 0 AND `exchange_number` <> ''  [ RunTime:0.0003s ]
SQL: SELECT `id`,`uid`,`order_id`,`goods_id`,`exchange_number`,`buy_num` FROM `ewshop_win_exchange` WHERE `uid` = '337' AND `is_exchange` = 0 AND `exchange_number` <> ''  [ RunTime:0.0002s ]
SQL: SHOW COLUMNS FROM `ewshop_document` [ RunTime:0.0006s ]
SQL: SELECT `id`,`real_price` FROM `ewshop_document` WHERE `id` IN ('243')  [ RunTime:0.0001s ]

[ 2017-11-02T23:12:31+08:00 ] 223.20.175.119 /pay.php?s=/index/index.html
INFO: [ app_begin ] --START--
INFO: Run Behavior\ReadHtmlCacheBehavior [ RunTime:0.000267s ]
INFO: [ app_begin ] --END-- [ RunTime:0.000466s ]
NOTIC: [8] Undefined index: onethink_home /home/wwwroot/duobao/app/duobao/Ewshop/Pay/Controller/IndexController.class.php 第 36 行.
SQL: SHOW COLUMNS FROM `ewshop_win_exchange` [ RunTime:0.0007s ]
SQL: SELECT `goods_id` FROM `ewshop_win_exchange` WHERE `uid` = '337' AND `is_exchange` = 0 AND `exchange_number` <> ''  [ RunTime:0.0003s ]
SQL: SELECT `id`,`uid`,`order_id`,`goods_id`,`exchange_number`,`buy_num` FROM `ewshop_win_exchange` WHERE `uid` = '337' AND `is_exchange` = 0 AND `exchange_number` <> ''  [ RunTime:0.0002s ]
SQL: SHOW COLUMNS FROM `ewshop_document` [ RunTime:0.0005s ]
SQL: SELECT `id`,`real_price` FROM `ewshop_document` WHERE `id` IN ('243')  [ RunTime:0.0002s ]

[ 2017-11-02T23:12:32+08:00 ] 223.20.175.119 /pay.php?s=/index/index.html
INFO: [ app_begin ] --START--
INFO: Run Behavior\ReadHtmlCacheBehavior [ RunTime:0.000289s ]
INFO: [ app_begin ] --END-- [ RunTime:0.000490s ]
NOTIC: [8] Undefined index: onethink_home /home/wwwroot/duobao/app/duobao/Ewshop/Pay/Controller/IndexController.class.php 第 36 行.
SQL: SHOW COLUMNS FROM `ewshop_win_exchange` [ RunTime:0.0007s ]
SQL: SELECT `goods_id` FROM `ewshop_win_exchange` WHERE `uid` = '337' AND `is_exchange` = 0 AND `exchange_number` <> ''  [ RunTime:0.0003s ]
SQL: SELECT `id`,`uid`,`order_id`,`goods_id`,`exchange_number`,`buy_num` FROM `ewshop_win_exchange` WHERE `uid` = '337' AND `is_exchange` = 0 AND `exchange_number` <> ''  [ RunTime:0.0002s ]
SQL: SHOW COLUMNS FROM `ewshop_document` [ RunTime:0.0006s ]
SQL: SELECT `id`,`real_price` FROM `ewshop_document` WHERE `id` IN ('243')  [ RunTime:0.0001s ]

[ 2017-11-02T23:12:32+08:00 ] 223.20.175.119 /pay.php?s=/index/index.html
INFO: [ app_begin ] --START--
INFO: Run Behavior\ReadHtmlCacheBehavior [ RunTime:0.000356s ]
INFO: [ app_begin ] --END-- [ RunTime:0.000642s ]
NOTIC: [8] Undefined index: onethink_home /home/wwwroot/duobao/app/duobao/Ewshop/Pay/Controller/IndexController.class.php 第 36 行.
SQL: SHOW COLUMNS FROM `ewshop_win_exchange` [ RunTime:0.0007s ]
SQL: SELECT `goods_id` FROM `ewshop_win_exchange` WHERE `uid` = '337' AND `is_exchange` = 0 AND `exchange_number` <> ''  [ RunTime:0.0003s ]
SQL: SELECT `id`,`uid`,`order_id`,`goods_id`,`exchange_number`,`buy_num` FROM `ewshop_win_exchange` WHERE `uid` = '337' AND `is_exchange` = 0 AND `exchange_number` <> ''  [ RunTime:0.0002s ]
SQL: SHOW COLUMNS FROM `ewshop_document` [ RunTime:0.0006s ]
SQL: SELECT `id`,`real_price` FROM `ewshop_document` WHERE `id` IN ('243')  [ RunTime:0.0001s ]

[ 2017-11-02T23:12:32+08:00 ] 223.20.175.119 /pay.php?s=/index/index.html
INFO: [ app_begin ] --START--
INFO: Run Behavior\ReadHtmlCacheBehavior [ RunTime:0.000299s ]
INFO: [ app_begin ] --END-- [ RunTime:0.000508s ]
NOTIC: [8] Undefined index: onethink_home /home/wwwroot/duobao/app/duobao/Ewshop/Pay/Controller/IndexController.class.php 第 36 行.
SQL: SHOW COLUMNS FROM `ewshop_win_exchange` [ RunTime:0.0006s ]
SQL: SELECT `goods_id` FROM `ewshop_win_exchange` WHERE `uid` = '337' AND `is_exchange` = 0 AND `exchange_number` <> ''  [ RunTime:0.0003s ]
SQL: SELECT `id`,`uid`,`order_id`,`goods_id`,`exchange_number`,`buy_num` FROM `ewshop_win_exchange` WHERE `uid` = '337' AND `is_exchange` = 0 AND `exchange_number` <> ''  [ RunTime:0.0002s ]
SQL: SHOW COLUMNS FROM `ewshop_document` [ RunTime:0.0006s ]
SQL: SELECT `id`,`real_price` FROM `ewshop_document` WHERE `id` IN ('243')  [ RunTime:0.0001s ]

[ 2017-11-02T23:12:32+08:00 ] 223.20.175.119 /pay.php?s=/index/index.html
INFO: [ app_begin ] --START--
INFO: Run Behavior\ReadHtmlCacheBehavior [ RunTime:0.000284s ]
INFO: [ app_begin ] --END-- [ RunTime:0.000507s ]
NOTIC: [8] Undefined index: onethink_home /home/wwwroot/duobao/app/duobao/Ewshop/Pay/Controller/IndexController.class.php 第 36 行.
SQL: SHOW COLUMNS FROM `ewshop_win_exchange` [ RunTime:0.0007s ]
SQL: SELECT `goods_id` FROM `ewshop_win_exchange` WHERE `uid` = '337' AND `is_exchange` = 0 AND `exchange_number` <> ''  [ RunTime:0.0003s ]
SQL: SELECT `id`,`uid`,`order_id`,`goods_id`,`exchange_number`,`buy_num` FROM `ewshop_win_exchange` WHERE `uid` = '337' AND `is_exchange` = 0 AND `exchange_number` <> ''  [ RunTime:0.0002s ]
SQL: SHOW COLUMNS FROM `ewshop_document` [ RunTime:0.0006s ]
SQL: SELECT `id`,`real_price` FROM `ewshop_document` WHERE `id` IN ('243')  [ RunTime:0.0001s ]

[ 2017-11-02T23:12:32+08:00 ] 223.20.175.119 /pay.php?s=/index/index.html
INFO: [ app_begin ] --START--
INFO: Run Behavior\ReadHtmlCacheBehavior [ RunTime:0.000350s ]
INFO: [ app_begin ] --END-- [ RunTime:0.000610s ]
NOTIC: [8] Undefined index: onethink_home /home/wwwroot/duobao/app/duobao/Ewshop/Pay/Controller/IndexController.class.php 第 36 行.
SQL: SHOW COLUMNS FROM `ewshop_win_exchange` [ RunTime:0.0007s ]
SQL: SELECT `goods_id` FROM `ewshop_win_exchange` WHERE `uid` = '337' AND `is_exchange` = 0 AND `exchange_number` <> ''  [ RunTime:0.0003s ]
SQL: SELECT `id`,`uid`,`order_id`,`goods_id`,`exchange_number`,`buy_num` FROM `ewshop_win_exchange` WHERE `uid` = '337' AND `is_exchange` = 0 AND `exchange_number` <> ''  [ RunTime:0.0002s ]
SQL: SHOW COLUMNS FROM `ewshop_document` [ RunTime:0.0006s ]
SQL: SELECT `id`,`real_price` FROM `ewshop_document` WHERE `id` IN ('243')  [ RunTime:0.0001s ]

[ 2017-11-02T23:12:33+08:00 ] 223.20.175.119 /pay.php?s=/index/index.html
INFO: [ app_begin ] --START--
INFO: Run Behavior\ReadHtmlCacheBehavior [ RunTime:0.000289s ]
INFO: [ app_begin ] --END-- [ RunTime:0.000488s ]
NOTIC: [8] Undefined index: onethink_home /home/wwwroot/duobao/app/duobao/Ewshop/Pay/Controller/IndexController.class.php 第 36 行.
SQL: SHOW COLUMNS FROM `ewshop_win_exchange` [ RunTime:0.0008s ]
SQL: SELECT `goods_id` FROM `ewshop_win_exchange` WHERE `uid` = '337' AND `is_exchange` = 0 AND `exchange_number` <> ''  [ RunTime:0.0003s ]
SQL: SELECT `id`,`uid`,`order_id`,`goods_id`,`exchange_number`,`buy_num` FROM `ewshop_win_exchange` WHERE `uid` = '337' AND `is_exchange` = 0 AND `exchange_number` <> ''  [ RunTime:0.0002s ]
SQL: SHOW COLUMNS FROM `ewshop_document` [ RunTime:0.0006s ]
SQL: SELECT `id`,`real_price` FROM `ewshop_document` WHERE `id` IN ('243')  [ RunTime:0.0001s ]

[ 2017-11-02T23:12:33+08:00 ] 223.20.175.119 /pay.php?s=/index/index.html
INFO: [ app_begin ] --START--
INFO: Run Behavior\ReadHtmlCacheBehavior [ RunTime:0.000279s ]
INFO: [ app_begin ] --END-- [ RunTime:0.000490s ]
NOTIC: [8] Undefined index: onethink_home /home/wwwroot/duobao/app/duobao/Ewshop/Pay/Controller/IndexController.class.php 第 36 行.
SQL: SHOW COLUMNS FROM `ewshop_win_exchange` [ RunTime:0.0007s ]
SQL: SELECT `goods_id` FROM `ewshop_win_exchange` WHERE `uid` = '337' AND `is_exchange` = 0 AND `exchange_number` <> ''  [ RunTime:0.0003s ]
SQL: SELECT `id`,`uid`,`order_id`,`goods_id`,`exchange_number`,`buy_num` FROM `ewshop_win_exchange` WHERE `uid` = '337' AND `is_exchange` = 0 AND `exchange_number` <> ''  [ RunTime:0.0002s ]
SQL: SHOW COLUMNS FROM `ewshop_document` [ RunTime:0.0005s ]
SQL: SELECT `id`,`real_price` FROM `ewshop_document` WHERE `id` IN ('243')  [ RunTime:0.0001s ]

[ 2017-11-02T23:12:33+08:00 ] 223.20.175.119 /pay.php?s=/index/index.html
INFO: [ app_begin ] --START--
INFO: Run Behavior\ReadHtmlCacheBehavior [ RunTime:0.000292s ]
INFO: [ app_begin ] --END-- [ RunTime:0.000495s ]
NOTIC: [8] Undefined index: onethink_home /home/wwwroot/duobao/app/duobao/Ewshop/Pay/Controller/IndexController.class.php 第 36 行.
SQL: SHOW COLUMNS FROM `ewshop_win_exchange` [ RunTime:0.0006s ]
SQL: SELECT `goods_id` FROM `ewshop_win_exchange` WHERE `uid` = '337' AND `is_exchange` = 0 AND `exchange_number` <> ''  [ RunTime:0.0003s ]
SQL: SELECT `id`,`uid`,`order_id`,`goods_id`,`exchange_number`,`buy_num` FROM `ewshop_win_exchange` WHERE `uid` = '337' AND `is_exchange` = 0 AND `exchange_number` <> ''  [ RunTime:0.0002s ]
SQL: SHOW COLUMNS FROM `ewshop_document` [ RunTime:0.0006s ]
SQL: SELECT `id`,`real_price` FROM `ewshop_document` WHERE `id` IN ('243')  [ RunTime:0.0001s ]

[ 2017-11-02T23:12:33+08:00 ] 223.20.175.119 /pay.php?s=/index/index.html
INFO: [ app_begin ] --START--
INFO: Run Behavior\ReadHtmlCacheBehavior [ RunTime:0.000281s ]
INFO: [ app_begin ] --END-- [ RunTime:0.000493s ]
NOTIC: [8] Undefined index: onethink_home /home/wwwroot/duobao/app/duobao/Ewshop/Pay/Controller/IndexController.class.php 第 36 行.
SQL: SHOW COLUMNS FROM `ewshop_win_exchange` [ RunTime:0.0006s ]
SQL: SELECT `goods_id` FROM `ewshop_win_exchange` WHERE `uid` = '337' AND `is_exchange` = 0 AND `exchange_number` <> ''  [ RunTime:0.0002s ]
SQL: SELECT `id`,`uid`,`order_id`,`goods_id`,`exchange_number`,`buy_num` FROM `ewshop_win_exchange` WHERE `uid` = '337' AND `is_exchange` = 0 AND `exchange_number` <> ''  [ RunTime:0.0002s ]
SQL: SHOW COLUMNS FROM `ewshop_document` [ RunTime:0.0005s ]
SQL: SELECT `id`,`real_price` FROM `ewshop_document` WHERE `id` IN ('243')  [ RunTime:0.0001s ]

[ 2017-11-02T23:12:34+08:00 ] 223.20.175.119 /pay.php?s=/index/index.html
INFO: [ app_begin ] --START--
INFO: Run Behavior\ReadHtmlCacheBehavior [ RunTime:0.000270s ]
INFO: [ app_begin ] --END-- [ RunTime:0.000470s ]
NOTIC: [8] Undefined index: onethink_home /home/wwwroot/duobao/app/duobao/Ewshop/Pay/Controller/IndexController.class.php 第 36 行.
SQL: SHOW COLUMNS FROM `ewshop_win_exchange` [ RunTime:0.0007s ]
SQL: SELECT `goods_id` FROM `ewshop_win_exchange` WHERE `uid` = '337' AND `is_exchange` = 0 AND `exchange_number` <> ''  [ RunTime:0.0003s ]
SQL: SELECT `id`,`uid`,`order_id`,`goods_id`,`exchange_number`,`buy_num` FROM `ewshop_win_exchange` WHERE `uid` = '337' AND `is_exchange` = 0 AND `exchange_number` <> ''  [ RunTime:0.0002s ]
SQL: SHOW COLUMNS FROM `ewshop_document` [ RunTime:0.0006s ]
SQL: SELECT `id`,`real_price` FROM `ewshop_document` WHERE `id` IN ('243')  [ RunTime:0.0002s ]

[ 2017-11-02T23:12:54+08:00 ] 223.20.175.119 /pay.php?s=/index/index.html
INFO: [ app_begin ] --START--
INFO: Run Behavior\ReadHtmlCacheBehavior [ RunTime:0.000285s ]
INFO: [ app_begin ] --END-- [ RunTime:0.000514s ]
NOTIC: [8] Undefined index: onethink_home /home/wwwroot/duobao/app/duobao/Ewshop/Pay/Controller/IndexController.class.php 第 36 行.
SQL: SHOW COLUMNS FROM `ewshop_win_exchange` [ RunTime:0.0007s ]
SQL: SELECT `goods_id` FROM `ewshop_win_exchange` WHERE `uid` = '337' AND `is_exchange` = 0 AND `exchange_number` <> ''  [ RunTime:0.0003s ]
SQL: SELECT `id`,`uid`,`order_id`,`goods_id`,`exchange_number`,`buy_num` FROM `ewshop_win_exchange` WHERE `uid` = '337' AND `is_exchange` = 0 AND `exchange_number` <> ''  [ RunTime:0.0002s ]
SQL: SHOW COLUMNS FROM `ewshop_document` [ RunTime:0.0005s ]
SQL: SELECT `id`,`real_price` FROM `ewshop_document` WHERE `id` IN ('243')  [ RunTime:0.0001s ]

[ 2017-11-02T23:12:55+08:00 ] 223.20.175.119 /pay.php?s=/index/index.html
INFO: [ app_begin ] --START--
INFO: Run Behavior\ReadHtmlCacheBehavior [ RunTime:0.000266s ]
INFO: [ app_begin ] --END-- [ RunTime:0.000461s ]
NOTIC: [8] Undefined index: onethink_home /home/wwwroot/duobao/app/duobao/Ewshop/Pay/Controller/IndexController.class.php 第 36 行.
SQL: SHOW COLUMNS FROM `ewshop_win_exchange` [ RunTime:0.0007s ]
SQL: SELECT `goods_id` FROM `ewshop_win_exchange` WHERE `uid` = '337' AND `is_exchange` = 0 AND `exchange_number` <> ''  [ RunTime:0.0003s ]
SQL: SELECT `id`,`uid`,`order_id`,`goods_id`,`exchange_number`,`buy_num` FROM `ewshop_win_exchange` WHERE `uid` = '337' AND `is_exchange` = 0 AND `exchange_number` <> ''  [ RunTime:0.0002s ]
SQL: SHOW COLUMNS FROM `ewshop_document` [ RunTime:0.0005s ]
SQL: SELECT `id`,`real_price` FROM `ewshop_document` WHERE `id` IN ('243')  [ RunTime:0.0001s ]

[ 2017-11-02T23:14:37+08:00 ] 223.20.175.119 /pay.php?s=/index/index.html
INFO: [ app_begin ] --START--
INFO: Run Behavior\ReadHtmlCacheBehavior [ RunTime:0.000313s ]
INFO: [ app_begin ] --END-- [ RunTime:0.000799s ]
NOTIC: [8] Undefined index: onethink_home /home/wwwroot/duobao/app/duobao/Ewshop/Pay/Controller/IndexController.class.php 第 36 行.
SQL: SHOW COLUMNS FROM `ewshop_win_exchange` [ RunTime:0.0007s ]
SQL: SELECT `goods_id` FROM `ewshop_win_exchange` WHERE `uid` = '337' AND `is_exchange` = 0 AND `exchange_number` <> ''  [ RunTime:0.0003s ]
SQL: SELECT `id`,`uid`,`order_id`,`goods_id`,`exchange_number`,`buy_num` FROM `ewshop_win_exchange` WHERE `uid` = '337' AND `is_exchange` = 0 AND `exchange_number` <> ''  [ RunTime:0.0002s ]
SQL: SHOW COLUMNS FROM `ewshop_document` [ RunTime:0.0005s ]
SQL: SELECT `id`,`real_price` FROM `ewshop_document` WHERE `id` IN ('243')  [ RunTime:0.0001s ]
SQL: SHOW COLUMNS FROM `ewshop_account` [ RunTime:0.0005s ]
SQL: SELECT `id`,`card_no`,`bankname`,`username` FROM `ewshop_account` WHERE ( uid = 337 )  [ RunTime:0.0002s ]
SQL: SELECT * FROM `ewshop_account` WHERE `defaultcard` = 1 AND `uid` = '337' LIMIT 1   [ RunTime:0.0002s ]
INFO: [ view_parse ] --START--
INFO: [ template_filter ] --START--
INFO: Run Behavior\ContentReplaceBehavior [ RunTime:0.000054s ]
INFO: [ template_filter ] --END-- [ RunTime:0.000087s ]
NOTIC: [8] Use of undefined constant doorder - assumed 'doorder' /home/wwwroot/duobao/app/duobao/Runtime/Cache/Pay/95c1bf19b4470fd2052f7770db407959.php 第 42 行.
NOTIC: [8] Use of undefined constant getShouRu - assumed 'getShouRu' /home/wwwroot/duobao/app/duobao/Runtime/Cache/Pay/95c1bf19b4470fd2052f7770db407959.php 第 111 行.
NOTIC: [8] Undefined variable: style /home/wwwroot/duobao/app/duobao/Runtime/Cache/Pay/95c1bf19b4470fd2052f7770db407959.php 第 140 行.
NOTIC: [8] Undefined variable: sytlec /home/wwwroot/duobao/app/duobao/Runtime/Cache/Pay/95c1bf19b4470fd2052f7770db407959.php 第 141 行.
NOTIC: [8] Undefined variable: sytler /home/wwwroot/duobao/app/duobao/Runtime/Cache/Pay/95c1bf19b4470fd2052f7770db407959.php 第 149 行.
INFO: Run Behavior\ParseTemplateBehavior [ RunTime:0.006579s ]
INFO: [ view_parse ] --END-- [ RunTime:0.006607s ]
INFO: [ view_filter ] --START--
INFO: Run Behavior\WriteHtmlCacheBehavior [ RunTime:0.000095s ]
INFO: [ view_filter ] --END-- [ RunTime:0.000119s ]
INFO: [ app_end ] --START--
INFO: Run Behavior\ShowPageTraceBehavior [ RunTime:0.000310s ]
INFO: [ app_end ] --END-- [ RunTime:0.000339s ]

[ 2017-11-02T23:14:43+08:00 ] 223.20.175.119 /pay.php?s=/Index/doorder.html
INFO: [ app_begin ] --START--
INFO: Run Behavior\ReadHtmlCacheBehavior [ RunTime:0.000292s ]
INFO: [ app_begin ] --END-- [ RunTime:0.000801s ]
NOTIC: [8] Undefined index: onethink_home /home/wwwroot/duobao/app/duobao/Ewshop/Pay/Controller/IndexController.class.php 第 36 行.
SQL: SHOW COLUMNS FROM `ewshop_win_exchange` [ RunTime:0.0008s ]
SQL: SELECT `goods_id` FROM `ewshop_win_exchange` WHERE `uid` = '337' AND `is_exchange` = 0 AND `exchange_number` <> ''  [ RunTime:0.0003s ]
SQL: SELECT `id`,`uid`,`order_id`,`goods_id`,`exchange_number`,`buy_num` FROM `ewshop_win_exchange` WHERE `uid` = '337' AND `is_exchange` = 0 AND `exchange_number` <> ''  [ RunTime:0.0002s ]
SQL: SHOW COLUMNS FROM `ewshop_document` [ RunTime:0.0006s ]
SQL: SELECT `id`,`real_price` FROM `ewshop_document` WHERE `id` IN ('243')  [ RunTime:0.0001s ]
SQL: SHOW COLUMNS FROM `ewshop_account` [ RunTime:0.0005s ]
SQL: SELECT `id`,`card_no`,`bankname`,`username` FROM `ewshop_account` WHERE ( uid = 337 )  [ RunTime:0.0002s ]
SQL: SELECT * FROM `ewshop_account` WHERE `defaultcard` = 1 AND `uid` = '337' LIMIT 1   [ RunTime:0.0002s ]
SQL: SHOW COLUMNS FROM `ewshop_pay_record` [ RunTime:0.0005s ]
SQL: INSERT INTO `ewshop_pay_record` (`pay_id`,`account_id`,`card_no`,`username`,`cardname`,`uid`,`pay_code`,`total_nu`,`ctime`,`status`) VALUES ('PAYB023568313951366','3','6225880175058792','李立军','招商银行','337','6hL6aS','49.0000','1509635683','0') [ RunTime:0.0024s ]
SQL: SHOW COLUMNS FROM `ewshop_pay_log` [ RunTime:0.0005s ]
SQL: INSERT INTO `ewshop_pay_log` (`order_no`,`win_order_id`,`uid`,`exchange_number`,`total`,`ctime`) VALUES ('PAYB023568313951366','118970','337','6hL6aS','50.00','1509635683') [ RunTime:0.0018s ]

[ 2017-11-02T23:17:53+08:00 ] 223.20.175.119 /pay.php?s=/Index/doorder.html
INFO: [ app_begin ] --START--
INFO: Run Behavior\ReadHtmlCacheBehavior [ RunTime:0.000302s ]
INFO: [ app_begin ] --END-- [ RunTime:0.000780s ]
NOTIC: [8] Undefined index: onethink_home /home/wwwroot/duobao/app/duobao/Ewshop/Pay/Controller/IndexController.class.php 第 36 行.
SQL: SHOW COLUMNS FROM `ewshop_win_exchange` [ RunTime:0.0007s ]
SQL: SELECT `goods_id` FROM `ewshop_win_exchange` WHERE `uid` = '337' AND `is_exchange` = 0 AND `exchange_number` <> ''  [ RunTime:0.0003s ]
SQL: SELECT `id`,`uid`,`order_id`,`goods_id`,`exchange_number`,`buy_num` FROM `ewshop_win_exchange` WHERE `uid` = '337' AND `is_exchange` = 0 AND `exchange_number` <> ''  [ RunTime:0.0002s ]
SQL: SHOW COLUMNS FROM `ewshop_document` [ RunTime:0.0005s ]
SQL: SELECT `id`,`real_price` FROM `ewshop_document` WHERE `id` IN ('243')  [ RunTime:0.0001s ]
SQL: SHOW COLUMNS FROM `ewshop_account` [ RunTime:0.0004s ]
SQL: SELECT `id`,`card_no`,`bankname`,`username` FROM `ewshop_account` WHERE ( uid = 337 )  [ RunTime:0.0002s ]
SQL: SELECT * FROM `ewshop_account` WHERE `defaultcard` = 1 AND `uid` = '337' LIMIT 1   [ RunTime:0.0002s ]
SQL: SHOW COLUMNS FROM `ewshop_pay_record` [ RunTime:0.0004s ]
SQL: INSERT INTO `ewshop_pay_record` (`pay_id`,`account_id`,`card_no`,`username`,`cardname`,`uid`,`pay_code`,`total_nu`,`ctime`,`status`) VALUES ('PAYB023587396297458','3','6225880175058792','李立军','招商银行','337','6hL6aS','49.0000','1509635873','0') [ RunTime:0.0023s ]
SQL: SHOW COLUMNS FROM `ewshop_pay_log` [ RunTime:0.0005s ]
SQL: INSERT INTO `ewshop_pay_log` (`order_no`,`win_order_id`,`uid`,`exchange_number`,`total`,`ctime`) VALUES ('PAYB023587396297458','118970','337','6hL6aS','50.00','1509635873') [ RunTime:0.0018s ]

[ 2017-11-02T23:17:56+08:00 ] 223.20.175.119 /pay.php?s=/Index/doorder.html
INFO: [ app_begin ] --START--
INFO: Run Behavior\ReadHtmlCacheBehavior [ RunTime:0.000288s ]
INFO: [ app_begin ] --END-- [ RunTime:0.000757s ]
NOTIC: [8] Undefined index: onethink_home /home/wwwroot/duobao/app/duobao/Ewshop/Pay/Controller/IndexController.class.php 第 36 行.
SQL: SHOW COLUMNS FROM `ewshop_win_exchange` [ RunTime:0.0007s ]
SQL: SELECT `goods_id` FROM `ewshop_win_exchange` WHERE `uid` = '337' AND `is_exchange` = 0 AND `exchange_number` <> ''  [ RunTime:0.0003s ]
SQL: SELECT `id`,`uid`,`order_id`,`goods_id`,`exchange_number`,`buy_num` FROM `ewshop_win_exchange` WHERE `uid` = '337' AND `is_exchange` = 0 AND `exchange_number` <> ''  [ RunTime:0.0002s ]
SQL: SHOW COLUMNS FROM `ewshop_document` [ RunTime:0.0006s ]
SQL: SELECT `id`,`real_price` FROM `ewshop_document` WHERE `id` IN ('243')  [ RunTime:0.0001s ]
SQL: SHOW COLUMNS FROM `ewshop_account` [ RunTime:0.0005s ]
SQL: SELECT `id`,`card_no`,`bankname`,`username` FROM `ewshop_account` WHERE ( uid = 337 )  [ RunTime:0.0002s ]
SQL: SELECT * FROM `ewshop_account` WHERE `defaultcard` = 1 AND `uid` = '337' LIMIT 1   [ RunTime:0.0002s ]
SQL: SHOW COLUMNS FROM `ewshop_pay_record` [ RunTime:0.0005s ]
SQL: INSERT INTO `ewshop_pay_record` (`pay_id`,`account_id`,`card_no`,`username`,`cardname`,`uid`,`pay_code`,`total_nu`,`ctime`,`status`) VALUES ('PAYB023587623534903','3','6225880175058792','李立军','招商银行','337','6hL6aS','49.0000','1509635876','0') [ RunTime:0.0022s ]
SQL: SHOW COLUMNS FROM `ewshop_pay_log` [ RunTime:0.0005s ]
SQL: INSERT INTO `ewshop_pay_log` (`order_no`,`win_order_id`,`uid`,`exchange_number`,`total`,`ctime`) VALUES ('PAYB023587623534903','118970','337','6hL6aS','50.00','1509635876') [ RunTime:0.0018s ]

[ 2017-11-02T23:17:57+08:00 ] 223.20.175.119 /pay.php?s=/Index/doorder.html
INFO: [ app_begin ] --START--
INFO: Run Behavior\ReadHtmlCacheBehavior [ RunTime:0.000281s ]
INFO: [ app_begin ] --END-- [ RunTime:0.000736s ]
NOTIC: [8] Undefined index: onethink_home /home/wwwroot/duobao/app/duobao/Ewshop/Pay/Controller/IndexController.class.php 第 36 行.
SQL: SHOW COLUMNS FROM `ewshop_win_exchange` [ RunTime:0.0007s ]
SQL: SELECT `goods_id` FROM `ewshop_win_exchange` WHERE `uid` = '337' AND `is_exchange` = 0 AND `exchange_number` <> ''  [ RunTime:0.0003s ]
SQL: SELECT `id`,`uid`,`order_id`,`goods_id`,`exchange_number`,`buy_num` FROM `ewshop_win_exchange` WHERE `uid` = '337' AND `is_exchange` = 0 AND `exchange_number` <> ''  [ RunTime:0.0002s ]
SQL: SHOW COLUMNS FROM `ewshop_document` [ RunTime:0.0005s ]
SQL: SELECT `id`,`real_price` FROM `ewshop_document` WHERE `id` IN ('243')  [ RunTime:0.0001s ]
SQL: SHOW COLUMNS FROM `ewshop_account` [ RunTime:0.0005s ]
SQL: SELECT `id`,`card_no`,`bankname`,`username` FROM `ewshop_account` WHERE ( uid = 337 )  [ RunTime:0.0001s ]
SQL: SELECT * FROM `ewshop_account` WHERE `defaultcard` = 1 AND `uid` = '337' LIMIT 1   [ RunTime:0.0002s ]
SQL: SHOW COLUMNS FROM `ewshop_pay_record` [ RunTime:0.0005s ]
SQL: INSERT INTO `ewshop_pay_record` (`pay_id`,`account_id`,`card_no`,`username`,`cardname`,`uid`,`pay_code`,`total_nu`,`ctime`,`status`) VALUES ('PAYB02358773724420','3','6225880175058792','李立军','招商银行','337','6hL6aS','49.0000','1509635877','0') [ RunTime:0.0022s ]
SQL: SHOW COLUMNS FROM `ewshop_pay_log` [ RunTime:0.0005s ]
SQL: INSERT INTO `ewshop_pay_log` (`order_no`,`win_order_id`,`uid`,`exchange_number`,`total`,`ctime`) VALUES ('PAYB02358773724420','118970','337','6hL6aS','50.00','1509635877') [ RunTime:0.0017s ]

[ 2017-11-02T23:18:28+08:00 ] 223.20.175.119 /pay.php?s=/Index/doorder.html
INFO: [ app_begin ] --START--
INFO: Run Behavior\ReadHtmlCacheBehavior [ RunTime:0.000303s ]
INFO: [ app_begin ] --END-- [ RunTime:0.000805s ]
NOTIC: [8] Undefined index: onethink_home /home/wwwroot/duobao/app/duobao/Ewshop/Pay/Controller/IndexController.class.php 第 36 行.
SQL: SHOW COLUMNS FROM `ewshop_win_exchange` [ RunTime:0.0007s ]
SQL: SELECT `goods_id` FROM `ewshop_win_exchange` WHERE `uid` = '337' AND `is_exchange` = 0 AND `exchange_number` <> ''  [ RunTime:0.0003s ]
SQL: SELECT `id`,`uid`,`order_id`,`goods_id`,`exchange_number`,`buy_num` FROM `ewshop_win_exchange` WHERE `uid` = '337' AND `is_exchange` = 0 AND `exchange_number` <> ''  [ RunTime:0.0002s ]
SQL: SHOW COLUMNS FROM `ewshop_document` [ RunTime:0.0005s ]
SQL: SELECT `id`,`real_price` FROM `ewshop_document` WHERE `id` IN ('243')  [ RunTime:0.0001s ]
SQL: SHOW COLUMNS FROM `ewshop_account` [ RunTime:0.0005s ]
SQL: SELECT `id`,`card_no`,`bankname`,`username` FROM `ewshop_account` WHERE ( uid = 337 )  [ RunTime:0.0002s ]
SQL: SELECT * FROM `ewshop_account` WHERE `defaultcard` = 1 AND `uid` = '337' LIMIT 1   [ RunTime:0.0002s ]
SQL: SHOW COLUMNS FROM `ewshop_pay_record` [ RunTime:0.0005s ]
SQL: INSERT INTO `ewshop_pay_record` (`pay_id`,`account_id`,`card_no`,`username`,`cardname`,`uid`,`pay_code`,`total_nu`,`ctime`,`status`) VALUES ('PAYB023590749587196','3','6225880175058792','李立军','招商银行','337','6hL6aS','49.0000','1509635907','0') [ RunTime:0.0027s ]
SQL: SHOW COLUMNS FROM `ewshop_pay_log` [ RunTime:0.0005s ]
SQL: INSERT INTO `ewshop_pay_log` (`order_no`,`win_order_id`,`uid`,`exchange_number`,`total`,`ctime`) VALUES ('PAYB023590749587196','118970','337','6hL6aS','50.00','1509635907') [ RunTime:0.0018s ]
SQL: UPDATE `ewshop_win_exchange` SET `is_exchange`='1' WHERE `id` IN (202150) [ RunTime:0.0026s ]
SQL: UPDATE `ewshop_pay_record` SET `status`='1' WHERE ( pay_id = 'PAYB023590749587196'  ) [ RunTime:0.0017s ]

[ 2017-11-02T23:18:28+08:00 ] 223.20.175.119 /pay.php?s=/index/recordlist.html
INFO: [ app_begin ] --START--
INFO: Run Behavior\ReadHtmlCacheBehavior [ RunTime:0.000314s ]
INFO: [ app_begin ] --END-- [ RunTime:0.000818s ]
NOTIC: [8] Undefined index: onethink_home /home/wwwroot/duobao/app/duobao/Ewshop/Pay/Controller/IndexController.class.php 第 36 行.
SQL: SHOW COLUMNS FROM `ewshop_pay_record` [ RunTime:0.0007s ]
SQL: SELECT * FROM `ewshop_pay_record` WHERE `status` = 1 AND `uid` = '337'  [ RunTime:0.0110s ]
INFO: [ view_parse ] --START--
INFO: [ template_filter ] --START--
INFO: Run Behavior\ContentReplaceBehavior [ RunTime:0.000038s ]
INFO: [ template_filter ] --END-- [ RunTime:0.000070s ]
NOTIC: [8] Undefined variable: sytlei /home/wwwroot/duobao/app/duobao/Runtime/Cache/Pay/7ac964173815b906651e2095c4e5ce49.php 第 63 行.
NOTIC: [8] Undefined variable: style /home/wwwroot/duobao/app/duobao/Runtime/Cache/Pay/7ac964173815b906651e2095c4e5ce49.php 第 70 行.
NOTIC: [8] Undefined variable: sytlec /home/wwwroot/duobao/app/duobao/Runtime/Cache/Pay/7ac964173815b906651e2095c4e5ce49.php 第 71 行.
INFO: Run Behavior\ParseTemplateBehavior [ RunTime:0.006059s ]
INFO: [ view_parse ] --END-- [ RunTime:0.006091s ]
INFO: [ view_filter ] --START--
INFO: Run Behavior\WriteHtmlCacheBehavior [ RunTime:0.000084s ]
INFO: [ view_filter ] --END-- [ RunTime:0.000111s ]
INFO: [ app_end ] --START--
INFO: Run Behavior\ShowPageTraceBehavior [ RunTime:0.000306s ]
INFO: [ app_end ] --END-- [ RunTime:0.000339s ]

